Log file open, 10/17/16 11:44:04
LogInit:Display: Running engine for game: PracticeProject
LogPlatformFile: Not using cached read wrapper
LogInit:Display: RandInit(-434582786) SRandInit(-434582786).
LogTaskGraph: Started task graph with 5 named threads and 8 total threads with 1 sets of task threads.
LogStats: Stats thread started at 0.077921
LogPluginManager: Loaded Plugin Paper2D, From C:/Program Files (x86)/Epic Games/4.13/Engine/Plugins/2D/Paper2D/Paper2D.uplugin
LogPluginManager: Loaded Plugin LightPropagationVolume, From C:/Program Files (x86)/Epic Games/4.13/Engine/Plugins/Blendables/LightPropagationVolume/LightPropagationVolume.uplugin
LogPluginManager: Loaded Plugin BlankPlugin, From C:/Program Files (x86)/Epic Games/4.13/Engine/Plugins/Developer/BlankPlugin/BlankPlugin.uplugin
LogPluginManager: Loaded Plugin CodeLiteSourceCodeAccess, From C:/Program Files (x86)/Epic Games/4.13/Engine/Plugins/Developer/CodeLiteSourceCodeAccess/CodeLiteSourceCodeAccess.uplugin
LogPluginManager: Loaded Plugin GitSourceControl, From C:/Program Files (x86)/Epic Games/4.13/Engine/Plugins/Developer/GitSourceControl/GitSourceControl.uplugin
LogPluginManager: Loaded Plugin KDevelopSourceCodeAccess, From C:/Program Files (x86)/Epic Games/4.13/Engine/Plugins/Developer/KDevelopSourceCodeAccess/KDevelopSourceCodeAccess.uplugin
LogPluginManager: Loaded Plugin NullSourceCodeAccess, From C:/Program Files (x86)/Epic Games/4.13/Engine/Plugins/Developer/NullSourceCodeAccess/NullSourceCodeAccess.uplugin
LogPluginManager: Loaded Plugin OneSkyLocalizationService, From C:/Program Files (x86)/Epic Games/4.13/Engine/Plugins/Developer/OneSkyLocalizationService/OneSkyLocalizationService.uplugin
LogPluginManager: Loaded Plugin PerforceSourceControl, From C:/Program Files (x86)/Epic Games/4.13/Engine/Plugins/Developer/PerforceSourceControl/PerforceSourceControl.uplugin
LogPluginManager: Loaded Plugin SubversionSourceControl, From C:/Program Files (x86)/Epic Games/4.13/Engine/Plugins/Developer/SubversionSourceControl/SubversionSourceControl.uplugin
LogPluginManager: Loaded Plugin UObjectPlugin, From C:/Program Files (x86)/Epic Games/4.13/Engine/Plugins/Developer/UObjectPlugin/UObjectPlugin.uplugin
LogPluginManager: Loaded Plugin VisualStudioSourceCodeAccess, From C:/Program Files (x86)/Epic Games/4.13/Engine/Plugins/Developer/VisualStudioSourceCodeAccess/VisualStudioSourceCodeAccess.uplugin
LogPluginManager: Loaded Plugin XCodeSourceCodeAccess, From C:/Program Files (x86)/Epic Games/4.13/Engine/Plugins/Developer/XCodeSourceCodeAccess/XCodeSourceCodeAccess.uplugin
LogPluginManager: Loaded Plugin EpicSurvey, From C:/Program Files (x86)/Epic Games/4.13/Engine/Plugins/Editor/EpicSurvey/EpicSurvey.uplugin
LogPluginManager: Loaded Plugin MacGraphicsSwitching, From C:/Program Files (x86)/Epic Games/4.13/Engine/Plugins/Editor/MacGraphicsSwitching/MacGraphicsSwitching.uplugin
LogPluginManager: Loaded Plugin MobileLauncherProfileWizard, From C:/Program Files (x86)/Epic Games/4.13/Engine/Plugins/Editor/MobileLauncherProfileWizard/MobileLauncherProfileWizard.uplugin
LogPluginManager: Loaded Plugin PluginBrowser, From C:/Program Files (x86)/Epic Games/4.13/Engine/Plugins/Editor/PluginBrowser/PluginBrowser.uplugin
LogPluginManager: Loaded Plugin SpeedTreeImporter, From C:/Program Files (x86)/Epic Games/4.13/Engine/Plugins/Editor/SpeedTreeImporter/SpeedTreeImporter.uplugin
LogPluginManager: Loaded Plugin SuperSearchEditor, From C:/Program Files (x86)/Epic Games/4.13/Engine/Plugins/Editor/SuperSearchEditor/SuperSearchEditor.uplugin
LogPluginManager: Loaded Plugin AlembicImporter, From C:/Program Files (x86)/Epic Games/4.13/Engine/Plugins/Experimental/AlembicImporter/AlembicImporter.uplugin
LogPluginManager: Loaded Plugin BlueprintStats, From C:/Program Files (x86)/Epic Games/4.13/Engine/Plugins/Experimental/BlueprintStats/BlueprintStats.uplugin
LogPluginManager: Loaded Plugin CharacterAI, From C:/Program Files (x86)/Epic Games/4.13/Engine/Plugins/Experimental/CharacterAI/CharacterAI.uplugin
LogPluginManager: Loaded Plugin CodeEditor, From C:/Program Files (x86)/Epic Games/4.13/Engine/Plugins/Experimental/CodeEditor/CodeEditor.uplugin
LogPluginManager: Loaded Plugin CodeView, From C:/Program Files (x86)/Epic Games/4.13/Engine/Plugins/Experimental/CodeView/CodeView.uplugin
LogPluginManager: Loaded Plugin HTML5Networking, From C:/Program Files (x86)/Epic Games/4.13/Engine/Plugins/Experimental/HTML5Networking/HTML5Networking.uplugin
LogPluginManager: Loaded Plugin LiveEditor, From C:/Program Files (x86)/Epic Games/4.13/Engine/Plugins/Experimental/LiveEditor/LiveEditor.uplugin
LogPluginManager: Loaded Plugin OSVR, From C:/Program Files (x86)/Epic Games/4.13/Engine/Plugins/Experimental/OSVR/OSVR.uplugin
LogPluginManager: Loaded Plugin Phya, From C:/Program Files (x86)/Epic Games/4.13/Engine/Plugins/Experimental/Phya/Phya.uplugin
LogPluginManager: Loaded Plugin SignificanceManager, From C:/Program Files (x86)/Epic Games/4.13/Engine/Plugins/Experimental/SignificanceManager/SignificanceManager.uplugin
LogPluginManager: Loaded Plugin SimpleHMD, From C:/Program Files (x86)/Epic Games/4.13/Engine/Plugins/Experimental/SimpleHMD/SimpleHMD.uplugin
LogPluginManager: Loaded Plugin StereoPanorama, From C:/Program Files (x86)/Epic Games/4.13/Engine/Plugins/Experimental/StereoPanorama/StereoPanorama.uplugin
LogPluginManager: Loaded Plugin StructBox, From C:/Program Files (x86)/Epic Games/4.13/Engine/Plugins/Experimental/StructBox/StructBox.uplugin
LogPluginManager: Loaded Plugin AndroidMedia, From C:/Program Files (x86)/Epic Games/4.13/Engine/Plugins/Media/AndroidMedia/AndroidMedia.uplugin
LogPluginManager: Loaded Plugin AvfMedia, From C:/Program Files (x86)/Epic Games/4.13/Engine/Plugins/Media/AvfMedia/AvfMedia.uplugin
LogPluginManager: Loaded Plugin MediaPlayerEditor, From C:/Program Files (x86)/Epic Games/4.13/Engine/Plugins/Media/MediaPlayerEditor/MediaPlayerEditor.uplugin
LogPluginManager: Loaded Plugin WmfMedia, From C:/Program Files (x86)/Epic Games/4.13/Engine/Plugins/Media/WmfMedia/WmfMedia.uplugin
LogPluginManager: Loaded Plugin MessagingDebugger, From C:/Program Files (x86)/Epic Games/4.13/Engine/Plugins/Messaging/MessagingDebugger/MessagingDebugger.uplugin
LogPluginManager: Loaded Plugin TcpMessaging, From C:/Program Files (x86)/Epic Games/4.13/Engine/Plugins/Messaging/TcpMessaging/TcpMessaging.uplugin
LogPluginManager: Loaded Plugin UdpMessaging, From C:/Program Files (x86)/Epic Games/4.13/Engine/Plugins/Messaging/UdpMessaging/UdpMessaging.uplugin
LogPluginManager: Loaded Plugin LevelSequenceEditor, From C:/Program Files (x86)/Epic Games/4.13/Engine/Plugins/MovieScene/LevelSequenceEditor/LevelSequenceEditor.uplugin
LogPluginManager: Loaded Plugin MatineeToLevelSequence, From C:/Program Files (x86)/Epic Games/4.13/Engine/Plugins/MovieScene/MatineeToLevelSequence/MatineeToLevelSequence.uplugin
LogPluginManager: Loaded Plugin NetcodeUnitTest, From C:/Program Files (x86)/Epic Games/4.13/Engine/Plugins/NetcodeUnitTest/NetcodeUnitTest/NetcodeUnitTest.uplugin
LogPluginManager: Loaded Plugin NUTUnrealEngine4, From C:/Program Files (x86)/Epic Games/4.13/Engine/Plugins/NetcodeUnitTest/NUTUnrealEngine4/NUTUnrealEngine4.uplugin
LogPluginManager: Loaded Plugin OnlineSubsystemGooglePlay, From C:/Program Files (x86)/Epic Games/4.13/Engine/Plugins/Online/Android/OnlineSubsystemGooglePlay/OnlineSubsystemGooglePlay.uplugin
LogPluginManager: Loaded Plugin OnlineSubsystemIOS, From C:/Program Files (x86)/Epic Games/4.13/Engine/Plugins/Online/IOS/OnlineSubsystemIOS/OnlineSubsystemIOS.uplugin
LogPluginManager: Loaded Plugin OnlineFramework, From C:/Program Files (x86)/Epic Games/4.13/Engine/Plugins/Online/OnlineFramework/OnlineFramework.uplugin
LogPluginManager: Loaded Plugin OnlineSubsystem, From C:/Program Files (x86)/Epic Games/4.13/Engine/Plugins/Online/OnlineSubsystem/OnlineSubsystem.uplugin
LogPluginManager: Loaded Plugin OnlineSubsystemAmazon, From C:/Program Files (x86)/Epic Games/4.13/Engine/Plugins/Online/OnlineSubsystemAmazon/OnlineSubsystemAmazon.uplugin
LogPluginManager: Loaded Plugin OnlineSubsystemFacebook, From C:/Program Files (x86)/Epic Games/4.13/Engine/Plugins/Online/OnlineSubsystemFacebook/OnlineSubsystemFacebook.uplugin
LogPluginManager: Loaded Plugin OnlineSubsystemNull, From C:/Program Files (x86)/Epic Games/4.13/Engine/Plugins/Online/OnlineSubsystemNull/OnlineSubsystemNull.uplugin
LogPluginManager: Loaded Plugin OnlineSubsystemOculus, From C:/Program Files (x86)/Epic Games/4.13/Engine/Plugins/Online/OnlineSubsystemOculus/OnlineSubsystemOculus.uplugin
LogPluginManager: Loaded Plugin OnlineSubsystemSteam, From C:/Program Files (x86)/Epic Games/4.13/Engine/Plugins/Online/OnlineSubsystemSteam/OnlineSubsystemSteam.uplugin
LogPluginManager: Loaded Plugin OnlineSubsystemUtils, From C:/Program Files (x86)/Epic Games/4.13/Engine/Plugins/Online/OnlineSubsystemUtils/OnlineSubsystemUtils.uplugin
LogPluginManager: Loaded Plugin IOSTapJoy, From C:/Program Files (x86)/Epic Games/4.13/Engine/Plugins/Runtime/Advertising/IOSTapJoy/IOSTapJoy.uplugin
LogPluginManager: Loaded Plugin AnalyticsBlueprintLibrary, From C:/Program Files (x86)/Epic Games/4.13/Engine/Plugins/Runtime/Analytics/AnalyticsBlueprintLibrary/AnalyticsBlueprintLibrary.uplugin
LogPluginManager: Loaded Plugin AnalyticsMulticast, From C:/Program Files (x86)/Epic Games/4.13/Engine/Plugins/Runtime/Analytics/AnalyticsMulticast/AnalyticsMulticast.uplugin
LogPluginManager: Loaded Plugin Apsalar, From C:/Program Files (x86)/Epic Games/4.13/Engine/Plugins/Runtime/Analytics/Apsalar/Apsalar.uplugin
LogPluginManager: Loaded Plugin FileLogging, From C:/Program Files (x86)/Epic Games/4.13/Engine/Plugins/Runtime/Analytics/FileLogging/FileLogging.uplugin
LogPluginManager: Loaded Plugin Flurry, From C:/Program Files (x86)/Epic Games/4.13/Engine/Plugins/Runtime/Analytics/Flurry/Flurry.uplugin
LogPluginManager: Loaded Plugin AndroidDeviceProfileSelector, From C:/Program Files (x86)/Epic Games/4.13/Engine/Plugins/Runtime/AndroidDeviceProfileSelector/AndroidDeviceProfileSelector.uplugin
LogPluginManager: Loaded Plugin AndroidMoviePlayer, From C:/Program Files (x86)/Epic Games/4.13/Engine/Plugins/Runtime/AndroidMoviePlayer/AndroidMoviePlayer.uplugin
LogPluginManager: Loaded Plugin AppleMoviePlayer, From C:/Program Files (x86)/Epic Games/4.13/Engine/Plugins/Runtime/AppleMoviePlayer/AppleMoviePlayer.uplugin
LogPluginManager: Loaded Plugin ArchVisCharacter, From C:/Program Files (x86)/Epic Games/4.13/Engine/Plugins/Runtime/ArchVisCharacter/ArchVisCharacter.uplugin
LogPluginManager: Loaded Plugin CableComponent, From C:/Program Files (x86)/Epic Games/4.13/Engine/Plugins/Runtime/CableComponent/CableComponent.uplugin
LogPluginManager: Loaded Plugin CustomMeshComponent, From C:/Program Files (x86)/Epic Games/4.13/Engine/Plugins/Runtime/CustomMeshComponent/CustomMeshComponent.uplugin
LogPluginManager: Loaded Plugin ExampleDeviceProfileSelector, From C:/Program Files (x86)/Epic Games/4.13/Engine/Plugins/Runtime/ExampleDeviceProfileSelector/ExampleDeviceProfileSelector.uplugin
LogPluginManager: Loaded Plugin GearVR, From C:/Program Files (x86)/Epic Games/4.13/Engine/Plugins/Runtime/GearVR/GearVR.uplugin
LogPluginManager: Loaded Plugin GoogleVRController, From C:/Program Files (x86)/Epic Games/4.13/Engine/Plugins/Runtime/GoogleVR/GoogleVRController/GoogleVRController.uplugin
LogPluginManager: Loaded Plugin GoogleVRHMD, From C:/Program Files (x86)/Epic Games/4.13/Engine/Plugins/Runtime/GoogleVR/GoogleVRHMD/GoogleVRHMD.uplugin
LogPluginManager: Loaded Plugin IOSDeviceProfileSelector, From C:/Program Files (x86)/Epic Games/4.13/Engine/Plugins/Runtime/IOSDeviceProfileSelector/IOSDeviceProfileSelector.uplugin
LogPluginManager: Loaded Plugin LeapMotion, From C:/Program Files (x86)/Epic Games/4.13/Engine/Plugins/Runtime/LeapMotion/LeapMotion.uplugin
LogPluginManager: Loaded Plugin LinuxDeviceProfileSelector, From C:/Program Files (x86)/Epic Games/4.13/Engine/Plugins/Runtime/LinuxDeviceProfileSelector/LinuxDeviceProfileSelector.uplugin
LogPluginManager: Loaded Plugin LiveEditorListenServer, From C:/Program Files (x86)/Epic Games/4.13/Engine/Plugins/Runtime/LiveEditorListenServer/LiveEditorListenServer.uplugin
LogPluginManager: Loaded Plugin OculusAudio, From C:/Program Files (x86)/Epic Games/4.13/Engine/Plugins/Runtime/OculusAudio/OculusAudio.uplugin
LogPluginManager: Loaded Plugin OculusInput, From C:/Program Files (x86)/Epic Games/4.13/Engine/Plugins/Runtime/OculusInput/OculusInput.uplugin
LogPluginManager: Loaded Plugin OculusLibrary, From C:/Program Files (x86)/Epic Games/4.13/Engine/Plugins/Runtime/OculusLibrary/OculusLibrary.uplugin
LogPluginManager: Loaded Plugin OculusRift, From C:/Program Files (x86)/Epic Games/4.13/Engine/Plugins/Runtime/OculusRift/OculusRift.uplugin
LogPluginManager: Loaded Plugin Oodle, From C:/Program Files (x86)/Epic Games/4.13/Engine/Plugins/Runtime/PacketHandlers/CompressionComponents/Oodle/Oodle.uplugin
LogPluginManager: Loaded Plugin ProceduralMeshComponent, From C:/Program Files (x86)/Epic Games/4.13/Engine/Plugins/Runtime/ProceduralMeshComponent/ProceduralMeshComponent.uplugin
LogPluginManager: Loaded Plugin SoundMod, From C:/Program Files (x86)/Epic Games/4.13/Engine/Plugins/Runtime/SoundMod/SoundMod.uplugin
LogPluginManager: Loaded Plugin SoundVisualizations, From C:/Program Files (x86)/Epic Games/4.13/Engine/Plugins/Runtime/SoundVisualizations/SoundVisualizations.uplugin
LogPluginManager: Loaded Plugin SteamController, From C:/Program Files (x86)/Epic Games/4.13/Engine/Plugins/Runtime/Steam/SteamController/SteamController.uplugin
LogPluginManager: Loaded Plugin SteamVR, From C:/Program Files (x86)/Epic Games/4.13/Engine/Plugins/Runtime/Steam/SteamVR/SteamVR.uplugin
LogPluginManager: Loaded Plugin WebBrowserWidget, From C:/Program Files (x86)/Epic Games/4.13/Engine/Plugins/Runtime/WebBrowserWidget/WebBrowserWidget.uplugin
LogPluginManager: Loaded Plugin WindowsDeviceProfileSelector, From C:/Program Files (x86)/Epic Games/4.13/Engine/Plugins/Runtime/WindowsDeviceProfileSelector/WindowsDeviceProfileSelector.uplugin
LogPluginManager: Loaded Plugin WindowsMoviePlayer, From C:/Program Files (x86)/Epic Games/4.13/Engine/Plugins/Runtime/WindowsMoviePlayer/WindowsMoviePlayer.uplugin
LogPluginManager: Loaded Plugin ScriptPlugin, From C:/Program Files (x86)/Epic Games/4.13/Engine/Plugins/ScriptPlugin/ScriptPlugin.uplugin
LogPluginManager: Loaded Plugin SlateRemote, From C:/Program Files (x86)/Epic Games/4.13/Engine/Plugins/Slate/SlateRemote/SlateRemote.uplugin
LogInit: Using libcurl 7.47.1
LogInit:  - built for x86_64-pc-win32
LogInit:  - supports SSL with WinSSL
LogInit:  - other features:
LogInit:      CURL_VERSION_SSL
LogInit:      CURL_VERSION_IPV6
LogInit:      CURL_VERSION_ASYNCHDNS
LogInit:      CURL_VERSION_LARGEFILE
LogInit:      CURL_VERSION_IDN
LogInit:  CurlRequestOptions (configurable via config and command line):
LogInit:  - bVerifyPeer = false  - Libcurl will NOT verify peer certificate
LogInit:  - bUseHttpProxy = false  - Libcurl will NOT use HTTP proxy
LogInit:  - bDontReuseConnections = false  - Libcurl will reuse connections
LogInit:  - CertBundlePath = nullptr  - Libcurl will use whatever was configured at build time.
LogInit: Build: ++UE4+Release-4.13-CL-3142249
LogInit: Engine Version: 4.13.1-3142249+++UE4+Release-4.13
LogInit: Compatible Engine Version: 4.13.0-3106830+++UE4+Release-4.13
LogInit: Net CL: 3142249
LogDevObjectVersion: Number of dev versions registered: 13
LogDevObjectVersion:   Dev-Blueprints (B0D832E4-1F89-4F0D-ACCF-7EB736FD4AA2): 5
LogDevObjectVersion:   Dev-Build (E1C64328-A22C-4D53-A36C-8E866417BD8C): 0
LogDevObjectVersion:   Dev-Core (375EC13C-06E4-48FB-B500-84F0262A717E): 1
LogDevObjectVersion:   Dev-Editor (E4B068ED-F494-42E9-A231-DA0B2E46BB41): 6
LogDevObjectVersion:   Dev-Framework (CFFC743F-43B0-4480-9391-14DF171D2073): 12
LogDevObjectVersion:   Dev-Mobile (B02B49B5-BB20-44E9-A304-32B752E40360): 0
LogDevObjectVersion:   Dev-Networking (A4E4105C-59A1-49B5-A7C5-40C4547EDFEE): 0
LogDevObjectVersion:   Dev-Online (39C831C9-5AE6-47DC-9A44-9C173E1C8E7C): 0
LogDevObjectVersion:   Dev-Physics (78F01B33-EBEA-4F98-B9B4-84EACCB95AA2): 0
LogDevObjectVersion:   Dev-Platform (6631380F-2D4D-43E0-8009-CF276956A95A): 0
LogDevObjectVersion:   Dev-Rendering (12F88B9F-8875-4AFC-A67C-D90C383ABD29): 4
LogDevObjectVersion:   Dev-Sequencer (7B5AE74C-D270-4C10-A958-57980B212A5A): 0
LogDevObjectVersion:   Dev-VR (D7296918-1DD6-4BDD-9DE2-64A83CC13884): 0
LogInit: Compiled (64-bit): Sep 28 2016 02:12:12
LogInit: Compiled with Visual C++: 19.00.23026.00
LogInit: Build Configuration: Development
LogInit: Branch Name: ++UE4+Release-4.13
LogInit: Command line:  
LogInit: Base directory: C:/Program Files (x86)/Epic Games/4.13/Engine/Binaries/Win64/
LogInit: Installed Engine Build: 1
LogInit: Presizing for max 8388607 objects, including 0 objects not considered by GC, pre-allocating 0 bytes for permanent pool.
LogInit: Object subsystem initialized
[2016.10.17-08.44.04:654][  0]LogInit: Selected Device Profile: [Windows]
[2016.10.17-08.44.04:654][  0]LogInit: Applying CVar settings loaded from the selected device profile: [Windows]
[2016.10.17-08.44.04:667][  0]LogInit: Computer: PETERPC
[2016.10.17-08.44.04:667][  0]LogInit: User: Петр
[2016.10.17-08.44.04:667][  0]LogInit: CPU Page size=65536, Cores=4
[2016.10.17-08.44.04:667][  0]LogInit: High frequency timer resolution =2.143575 MHz
[2016.10.17-08.44.04:667][  0]LogMemory: Memory total: Physical=7.9GB (8GB approx)
[2016.10.17-08.44.04:667][  0]LogMemory: Platform Memory Stats for Windows
[2016.10.17-08.44.04:667][  0]LogMemory: Process Physical Memory: 255.21 MB used, 255.21 MB peak
[2016.10.17-08.44.04:667][  0]LogMemory: Process Virtual Memory: 260.26 MB used, 260.26 MB peak
[2016.10.17-08.44.04:667][  0]LogMemory: Physical Memory: 2795.58 MB used, 8057.77 MB total
[2016.10.17-08.44.04:667][  0]LogMemory: Virtual Memory: 608.16 MB used, 134217728.00 MB total
[2016.10.17-08.44.04:707][  0]LogTextLocalizationManager: No translations for ('ru-RU') exist, falling back to 'en' for localization and internationalization data.
[2016.10.17-08.44.05:348][  0]LogD3D11RHI: D3D11 adapters:
[2016.10.17-08.44.05:388][  0]LogD3D11RHI:    0. 'Intel(R) HD Graphics 4000' (Feature Level 11_0)
[2016.10.17-08.44.05:388][  0]LogD3D11RHI:       32/0/1760 MB DedicatedVideo/DedicatedSystem/SharedSystem, Outputs:1, VendorId:0x8086
[2016.10.17-08.44.05:406][  0]LogD3D11RHI:    1. 'NVIDIA GeForce GT 635M' (Feature Level 11_0)
[2016.10.17-08.44.05:406][  0]LogD3D11RHI:       1996/0/2047 MB DedicatedVideo/DedicatedSystem/SharedSystem, Outputs:0, VendorId:0x10de
[2016.10.17-08.44.05:407][  0]LogD3D11RHI:    2. 'Microsoft Basic Render Driver' (Feature Level 11_0)
[2016.10.17-08.44.05:407][  0]LogD3D11RHI:       0/0/256 MB DedicatedVideo/DedicatedSystem/SharedSystem, Outputs:0, VendorId:0x1414
[2016.10.17-08.44.05:407][  0]LogD3D11RHI: Chosen D3D11 Adapter: 1
[2016.10.17-08.44.05:412][  0]LogD3D11RHI: Creating new Direct3DDevice
[2016.10.17-08.44.05:412][  0]LogD3D11RHI:     GPU DeviceId: 0xde3 (for the marketing name, search the web for "GPU Device Id")
[2016.10.17-08.44.05:412][  0]LogWindows: EnumDisplayDevices:
[2016.10.17-08.44.05:413][  0]LogWindows:    0. 'Intel(R) HD Graphics 4000' (P:1 D:1)
[2016.10.17-08.44.05:413][  0]LogWindows:    1. 'Intel(R) HD Graphics 4000' (P:0 D:0)
[2016.10.17-08.44.05:413][  0]LogWindows:    2. 'Intel(R) HD Graphics 4000' (P:0 D:0)
[2016.10.17-08.44.05:413][  0]LogWindows:    3. 'NVIDIA GeForce GT 635M' (P:0 D:0)
[2016.10.17-08.44.05:413][  0]LogWindows: DebugString: PrimaryIsNotTheChoosenAdapter PrimaryIsNotTheChoosenAdapter PrimaryIsNotTheChoosenAdapter 
[2016.10.17-08.44.05:413][  0]LogD3D11RHI:     Adapter Name: NVIDIA GeForce GT 635M
[2016.10.17-08.44.05:413][  0]LogD3D11RHI:   Driver Version: 353.90 (internal:10.18.13.5390, unified:353.90)
[2016.10.17-08.44.05:413][  0]LogD3D11RHI:      Driver Date: 8-16-2015
[2016.10.17-08.44.05:413][  0]LogRHI: Texture pool is 1361 MB (70% of 1945 MB)
[2016.10.17-08.44.05:424][  0]LogD3D11RHI: Async texture creation enabled
[2016.10.17-08.44.05:442][  0]LogD3D11RHI: GPU Timing Frequency: 1000.000000 (Debug: 2 2)
[2016.10.17-08.44.05:442][  0]LogShaderCompilers: Guid format shader working directory is -10 characters bigger than the processId version (../../../../../../Unreal Projects/PracticeProject v2 4.13/Intermediate/Shaders/WorkingDirectory/4700/).
[2016.10.17-08.44.05:442][  0]LogShaderCompilers: Cleaned the shader compiler working directory 'C:/Users/B19A~1/AppData/Local/Temp/UnrealShaderWorkingDir/032CFAAC4839B5BC4B5AA898BFC8E678/'.
[2016.10.17-08.44.05:442][  0]LogShaderCompilers:Display: Using Local Shader Compiler.
[2016.10.17-08.44.06:577][  0]LogTemp:Display: Loaded TP AllDesktopTargetPlatform
[2016.10.17-08.44.06:587][  0]LogTemp:Display: Loaded TP WindowsClientTargetPlatform
[2016.10.17-08.44.06:597][  0]LogTemp:Display: Loaded TP WindowsNoEditorTargetPlatform
[2016.10.17-08.44.06:607][  0]LogTemp:Display: Loaded TP WindowsServerTargetPlatform
[2016.10.17-08.44.06:617][  0]LogTemp:Display: Loaded TP WindowsTargetPlatform
[2016.10.17-08.44.06:626][  0]LogTemp:Display: Loaded TP AndroidTargetPlatform
[2016.10.17-08.44.06:634][  0]LogTemp:Display: Loaded TP Android_ASTCTargetPlatform
[2016.10.17-08.44.06:642][  0]LogTemp:Display: Loaded TP Android_ATCTargetPlatform
[2016.10.17-08.44.06:651][  0]LogTemp:Display: Loaded TP Android_DXTTargetPlatform
[2016.10.17-08.44.06:659][  0]LogTemp:Display: Loaded TP Android_ETC1TargetPlatform
[2016.10.17-08.44.06:667][  0]LogTemp:Display: Loaded TP Android_ETC2TargetPlatform
[2016.10.17-08.44.06:684][  0]LogTemp:Display: Loaded TP Android_MultiTargetPlatform
[2016.10.17-08.44.06:684][  0]LogTemp:Display: Loaded TP Android_PVRTCTargetPlatform
[2016.10.17-08.44.06:685][  0]LogTemp:Display: Loaded TP HTML5TargetPlatform
[2016.10.17-08.44.06:707][  0]LogTemp:Display: Loaded TP IOSTargetPlatform
[2016.10.17-08.44.06:715][  0]LogTemp:Display: Loaded TP TVOSTargetPlatform
[2016.10.17-08.44.06:723][  0]LogTemp:Display: Loaded TP LinuxClientTargetPlatform
[2016.10.17-08.44.06:731][  0]LogTemp:Display: Loaded TP LinuxNoEditorTargetPlatform
[2016.10.17-08.44.06:739][  0]LogTemp:Display: Loaded TP LinuxServerTargetPlatform
[2016.10.17-08.44.06:747][  0]LogTemp:Display: Loaded TP LinuxTargetPlatform
[2016.10.17-08.44.06:747][  0]LogTargetPlatformManager:Display: Building Assets For Windows
[2016.10.17-08.44.06:835][  0]LogDerivedDataCache:Display: Max Cache Size: 512 MB
[2016.10.17-08.44.06:903][  0]LogDerivedDataCache: Loaded boot cache 0.07s 67MB C:/Users/Петр/AppData/Local/UnrealEngine/4.13/DerivedDataCache/Boot.ddc.
[2016.10.17-08.44.06:904][  0]LogDerivedDataCache:Display: Loaded Boot cache: C:/Users/Петр/AppData/Local/UnrealEngine/4.13/DerivedDataCache/Boot.ddc
[2016.10.17-08.44.06:904][  0]LogDerivedDataCache: FDerivedDataBackendGraph:  Pak pak cache file ../../../../../../Unreal Projects/PracticeProject v2 4.13/DerivedDataCache/DDC.ddp not found, will not use a pak cache.
[2016.10.17-08.44.06:904][  0]LogDerivedDataCache: Unable to find inner node Pak for hierarchical cache Hierarchy.
[2016.10.17-08.44.06:904][  0]LogDerivedDataCache: FDerivedDataBackendGraph:  CompressedPak pak cache file ../../../../../../Unreal Projects/PracticeProject v2 4.13/DerivedDataCache/Compressed.ddp not found, will not use a pak cache.
[2016.10.17-08.44.06:904][  0]LogDerivedDataCache: Unable to find inner node CompressedPak for hierarchical cache Hierarchy.
[2016.10.17-08.44.06:923][  0]LogDerivedDataCache:Display: Pak cache opened for reading ../../../Engine/DerivedDataCache/Compressed.ddp.
[2016.10.17-08.44.06:936][  0]LogDerivedDataCache: Using Local data cache path C:/Users/Петр/AppData/Local/UnrealEngine/Common/DerivedDataCache: Writable
[2016.10.17-08.44.07:176][  0]LogInit: Selected Device Profile: [Windows]
[2016.10.17-08.44.07:180][  0]LogContentStreaming: Texture pool size is 0.00 MB
[2016.10.17-08.44.07:283][  0]LogMeshUtilities: No automatic mesh reduction module available
[2016.10.17-08.44.07:283][  0]LogMeshUtilities: No automatic mesh merging module available
[2016.10.17-08.44.07:283][  0]LogMeshUtilities: No distributed automatic mesh merging module available
[2016.10.17-08.44.07:366][  0]LogMaterial: Uniform references updated for custom material expression Custom.
[2016.10.17-08.44.07:666][  0]LogNetVersion: GetLocalNetworkVersion: CL: 3106830, ProjectName: practiceproject, ProjectVersion: , EngineNetworkVersion: 1, GameNetworkVersion: 0, NetworkChecksum: 1390350264
[2016.10.17-08.44.07:706][  0]LogAssetRegistry: FAssetRegistry took 0.0217 seconds to start up
[2016.10.17-08.44.07:720][  0]LogPackageLocalizationCache: Processed 3 localized package path(s) for 1 prioritized culture(s) in 0.011695 seconds
[2016.10.17-08.44.07:726][  0]LogUObjectArray: 29778 objects as part of root set at end of initial load.
[2016.10.17-08.44.07:726][  0]LogUObjectAllocator: 6125456 out of 0 bytes used by permanent object pool.
[2016.10.17-08.44.07:726][  0]LogUObjectArray: CloseDisregardForGC: 0/0 objects in disregard for GC pool
[2016.10.17-08.44.07:734][  0]LogInit: WinSock: version 1.1 (2.2), MaxSocks=32767, MaxUdp=65467
[2016.10.17-08.44.07:981][  0]LogSlate: SlateFontCache - WITH_FREETYPE: 1, WITH_HARFBUZZ: 1
[2016.10.17-08.44.07:981][  0]LogSlate: SlateFontCache - WITH_FREETYPE: 1, WITH_HARFBUZZ: 1
[2016.10.17-08.44.08:731][  0]LogTcpMessaging: Initializing TcpMessaging bridge
[2016.10.17-08.44.08:753][  0]LogUdpMessaging: Initializing bridge on interface 0.0.0.0:0 to multicast group 230.0.0.1:6666.
[2016.10.17-08.44.09:172][  0]LogBlueprint:Warning: [Aim] 'EquippedWeaponMesh' variable not found. Base class was probably changed.
[2016.10.17-08.44.09:610][  0]SourceControl: Info Source control is disabled
[2016.10.17-08.44.09:631][  0]SourceControl: Info Source control is disabled
[2016.10.17-08.44.09:649][  0]SourceControl: Info Source control is disabled
[2016.10.17-08.44.09:659][  0]SourceControl: Info Source control is disabled
[2016.10.17-08.44.09:994][  0]LogEngine: Initializing Engine...
[2016.10.17-08.44.09:995][  0]LogHMD: Failed to initialize OpenVR with code 110
[2016.10.17-08.44.10:146][  0]LogAIModule: Creating AISystem for world Untitled
[2016.10.17-08.44.10:153][  0]LogInit: XAudio2 using 'Динамики (Устройство с поддержкой High Definition Audio)' : 2 channels at 44.1 kHz using 16 bits per sample (channel mask 0x3)
[2016.10.17-08.44.10:167][  0]LogInit: FAudioDevice initialized.
[2016.10.17-08.44.10:200][  0]LogDerivedDataCache: Saved boot cache 0.03s 67MB C:/Users/Петр/AppData/Local/UnrealEngine/4.13/DerivedDataCache/Boot.ddc.
[2016.10.17-08.44.10:205][  0]LogInit: Texture streaming: Enabled
[2016.10.17-08.44.10:235][  0]LogWindowsTextInputMethodSystem:Display: IME system now deactivated.
[2016.10.17-08.44.10:254][  0]LogInit: Transaction tracking system initialized
[2016.10.17-08.44.10:280][  0]BlueprintLog: New page: Editor Load
[2016.10.17-08.44.10:527][  0]LocalizationService: Info Localization service is disabled
[2016.10.17-08.44.10:915][  0]LogConsoleResponse:Display: 
[2016.10.17-08.44.11:066][  0]LogCook:Display: Max memory allowance for cook 16384mb min free memory 0mb
[2016.10.17-08.44.11:066][  0]LogCook:Display: Mobile HDR setting 1
[2016.10.17-08.44.11:253][  0]LogFileCache: Scanning file cache for directory 'C:/Unreal Projects/PracticeProject v2 4.13/Content/' took 0.02s
[2016.10.17-08.44.11:253][  0]SourceControl: Info Source control is disabled
[2016.10.17-08.44.11:253][  0]Cmd: MAP LOAD FILE="../../../../../../Unreal Projects/PracticeProject v2 4.13/Content/Maps/PracticeMap.umap" TEMPLATE=0 SHOWPROGRESS=1 FEATURELEVEL=3
[2016.10.17-08.44.11:256][  0]LightingResults: New page: Lighting Build
[2016.10.17-08.44.11:259][  0]MapCheck: New page: Map Check
[2016.10.17-08.44.11:259][  0]LightingResults: New page: Lighting Build
[2016.10.17-08.44.11:279][  0]LogLinker:Warning: Package ../../../../../../Unreal Projects/PracticeProject v2 4.13/Content/Maps/PracticeMap.umap was saved with a custom integration that is not present. Tag 8335131F7EA94C36BDAD5D6DB93EAD9F  Version 1
[2016.10.17-08.44.11:871][  0]LogAIModule: Creating AISystem for world PracticeMap
[2016.10.17-08.44.11:932][  0]LogEditorServer: Finished looking for orphan Actors (0.000 secs)
[2016.10.17-08.44.11:968][  0]Cmd: MAP CHECKDEP NOCLEARLOG
[2016.10.17-08.44.12:053][  0]MapCheck: Info Map check complete: 0 Error(s), 0 Warning(s), took 84.494ms to complete.
[2016.10.17-08.44.12:053][  0]LogFileHelpers: Loading map 'PracticeMap' took 0.801
[2016.10.17-08.44.12:206][  0]LogCollectionManager: Loaded 1 collections in 0.003866 seconds
[2016.10.17-08.44.12:247][  0]LogFileCache: Scanning file cache for directory 'C:/Unreal Projects/PracticeProject v2 4.13/Saved/Collections/' took 0.01s
[2016.10.17-08.44.12:247][  0]LogFileCache: Scanning file cache for directory 'C:/Unreal Projects/PracticeProject v2 4.13/Content/Developers/Петр/Collections/' took 0.01s
[2016.10.17-08.44.12:247][  0]LogFileCache: Scanning file cache for directory 'C:/Unreal Projects/PracticeProject v2 4.13/Content/Collections/' took 0.01s
[2016.10.17-08.44.12:247][  0]LogCollectionManager: Rebuilt the GUID cache for 1 collections in 0.000006 seconds
[2016.10.17-08.44.12:247][  0]LogCollectionManager: Rebuilt the hierarchy cache for 1 collections in 0.000000 seconds
[2016.10.17-08.44.12:285][  0]LogContentBrowser: Native class hierarchy populated in 0.0376 seconds. Added 2168 classes and 429 folders.
[2016.10.17-08.44.12:289][  0]LogStats: UGameplayTagsManager::ConstructGameplayTagTree: Construct from data asset -  0.000 s
[2016.10.17-08.44.12:289][  0]LogStats: UGameplayTagsManager::ConstructGameplayTagTree: GameplayTagTreeChangedEvent.Broadcast -  0.000 s
[2016.10.17-08.44.12:310][  0]LogContentBrowser: Native class hierarchy updated for 'GameplayTags' in 0.0209 seconds. Added 12 classes and 0 folders.
[2016.10.17-08.44.12:340][  0]LogContentBrowser: Native class hierarchy updated for 'WidgetCarousel' in 0.0249 seconds. Added 0 classes and 0 folders.
[2016.10.17-08.44.12:404][  0]LogContentBrowser: Native class hierarchy updated for 'AddContentDialog' in 0.0177 seconds. Added 0 classes and 0 folders.
[2016.10.17-08.44.12:431][  0]LogContentBrowser: Native class hierarchy updated for 'SceneOutliner' in 0.0211 seconds. Added 1 classes and 2 folders.
[2016.10.17-08.44.12:520][  0]LogCrashTracker: Crashtracker disabled due to settings.
[2016.10.17-08.44.12:526][  0]LogUObjectGlobals:Warning: Failed to find object 'Class None.'
[2016.10.17-08.44.12:571][  0]LogContentBrowser: Native class hierarchy updated for 'HierarchicalLODOutliner' in 0.0181 seconds. Added 1 classes and 2 folders.
[2016.10.17-08.44.12:571][  0]LogLoad: (Engine Initialization) Total time: 9.00 seconds
[2016.10.17-08.44.12:571][  0]LogLoad: (Engine Initialization) Total Blueprint compile time: 0.21 seconds
[2016.10.17-08.44.12:571][  0]LogExternalProfiler: Found external profiler: VSPerf
[2016.10.17-08.44.12:571][  0]LogExternalProfiler: Using external profiler: VSPerf
[2016.10.17-08.44.12:589][  0]LogOcInput: OculusInput pre-init called
[2016.10.17-08.44.12:612][  0]LogContentStreaming: Texture pool size now 400 MB
[2016.10.17-08.44.12:815][  0]LogRenderer: Reallocating scene render targets to support 964x476 (Frame:2).
[2016.10.17-08.44.12:912][  1]LogHttp:Warning: 000000ADB9611F00: request failed, libcurl error: 6 (Couldn't resolve host name)
[2016.10.17-08.44.12:912][  1]LogHttp:Warning: 000000ADB9611F00: libcurl info message cache 8 (Could not resolve host: cdn.unrealengine.com)
[2016.10.17-08.44.12:912][  1]LogHttp:Warning: 000000ADB9611F00: libcurl info message cache 9 (Closing connection 0)
[2016.10.17-08.44.12:930][  1]LogAssetRegistry: Asset discovery search completed in 5.2463 seconds
[2016.10.17-08.44.12:930][  1]LogCollectionManager: Rebuilt the object cache for 1 collections in 0.000008 seconds (found 0 objects)
[2016.10.17-08.44.12:930][  1]LogCollectionManager: Fixed up redirectors for 1 collections in 0.000037 seconds (updated 0 objects)
[2016.10.17-08.44.12:988][  2]LogHttp:Warning: 000000ADBD21D300: request failed, libcurl error: 6 (Couldn't resolve host name)
[2016.10.17-08.44.12:988][  2]LogHttp:Warning: 000000ADBD21D300: libcurl info message cache 8 (Could not resolve host: cdn.unrealengine.com)
[2016.10.17-08.44.12:988][  2]LogHttp:Warning: 000000ADBD21D300: libcurl info message cache 9 (Closing connection 1)
[2016.10.17-08.44.13:060][  3]LogHttp:Warning: 000000ADC3EB8D00: request failed, libcurl error: 6 (Couldn't resolve host name)
[2016.10.17-08.44.13:060][  3]LogHttp:Warning: 000000ADC3EB8D00: libcurl info message cache 8 (Could not resolve host: cdn.unrealengine.com)
[2016.10.17-08.44.13:060][  3]LogHttp:Warning: 000000ADC3EB8D00: libcurl info message cache 9 (Closing connection 2)
[2016.10.17-08.44.14:129][ 51]LogNavigation:Warning: Voronoi navigation data successfully generated (Surfaces: 3, Faces: 440 / 812, Edges: 2328, Vertexes: 1618) in 1524 ms
[2016.10.17-08.44.37:893][261]LogSavePackage: Save=913.05ms
[2016.10.17-08.44.37:893][261]LogSavePackage: Moving '../../../../../../Unreal Projects/PracticeProject v2 4.13/Saved/UEDPCPracticeMap44F5C9C7419F558C3972BEABB94A9992.tmp' to '../../../../../../Unreal Projects/PracticeProject v2 4.13/Saved/Autosaves/Game/Maps/UEDPCPracticeMap.umap'
[2016.10.17-08.44.37:895][261]LogSavePackage:Display: Finished SavePackage ../../../../../../Unreal Projects/PracticeProject v2 4.13/Saved/Autosaves/Game/Maps/UEDPCPracticeMap.umap
[2016.10.17-08.44.37:930][261]LogEditorTransaction: Undo Spawn Play From Here Start
[2016.10.17-08.45.13:069][448]LogHttp:Warning: 000000ADADC32500: request failed, libcurl error: 6 (Couldn't resolve host name)
[2016.10.17-08.45.13:069][448]LogHttp:Warning: 000000ADADC32500: libcurl info message cache 8 (Could not resolve host: datarouter.ol.epicgames.com)
[2016.10.17-08.45.13:069][448]LogHttp:Warning: 000000ADADC32500: libcurl info message cache 9 (Closing connection 3)
[2016.10.17-08.45.40:808][815]LogBlueprintUserMessages: Early PlayInEditor Detection: Level '/Game/Maps/PracticeMap.PracticeMap:PersistentLevel' has LevelScriptBlueprint '/Game/Maps/PracticeMap.PracticeMap:PersistentLevel.PracticeMap' with GeneratedClass '/Game/Maps/PracticeMap.PracticeMap_C' with ClassGeneratedBy '/Game/Maps/PracticeMap.PracticeMap:PersistentLevel.PracticeMap'
[2016.10.17-08.45.40:808][815]LogPlayLevel: PlayLevel: No blueprints needed recompiling
[2016.10.17-08.45.40:808][815]PIE: New page: PIE session: PracticeMap (Oct 17, 2016, 2:45:40 PM)
[2016.10.17-08.45.40:808][815]LogPlayLevel: Creating play world package: /Game/Maps/UEDPIE_0_PracticeMap
[2016.10.17-08.45.40:908][815]LogPlayLevel: PIE: StaticDuplicateObject took: (0.099824s)
[2016.10.17-08.45.40:909][815]LogAIModule: Creating AISystem for world PracticeMap
[2016.10.17-08.45.40:910][815]LogPlayLevel: PIE: World Init took: (0.001240s)
[2016.10.17-08.45.40:910][815]LogPlayLevel: PIE: Created PIE world by copying editor world from /Game/Maps/PracticeMap.PracticeMap to /Game/Maps/UEDPIE_0_PracticeMap.PracticeMap (0.101909s)
[2016.10.17-08.45.40:929][815]LogInit: XAudio2 using 'Динамики (Устройство с поддержкой High Definition Audio)' : 2 channels at 44.1 kHz using 16 bits per sample (channel mask 0x3)
[2016.10.17-08.45.40:939][815]LogInit: FAudioDevice initialized.
[2016.10.17-08.45.40:997][815]LogWorld: Game class is 'PracticeProjectGameMode'
[2016.10.17-08.45.41:094][815]LogWorld: Bringing World /Game/Maps/UEDPIE_0_PracticeMap.PracticeMap up for play (max tick rate 60) at 2016.10.17-11.45.41
[2016.10.17-08.45.41:097][815]LogWorld: Bringing up level for play took: 0.098770
[2016.10.17-08.45.41:162][815]LogContentBrowser: Native class hierarchy updated for 'MovieSceneCapture' in 0.0242 seconds. Added 11 classes and 0 folders.
[2016.10.17-08.45.41:162][815]LogGameMode:Display: Match State Changed from EnteringMap to WaitingToStart
[2016.10.17-08.45.41:162][815]LogGameState: Match State Changed from EnteringMap to WaitingToStart
[2016.10.17-08.45.41:163][815]LogGameMode:Display: Match State Changed from WaitingToStart to InProgress
[2016.10.17-08.45.41:172][815]LogGameState: Match State Changed from WaitingToStart to InProgress
[2016.10.17-08.45.41:179][815]PIE: Info Play in editor start time for /Game/Maps/UEDPIE_0_PracticeMap 1.182
[2016.10.17-08.45.41:180][815]LogBlueprintUserMessages: Late PlayInEditor Detection: Level '/Game/Maps/PracticeMap.PracticeMap:PersistentLevel' has LevelScriptBlueprint '/Game/Maps/PracticeMap.PracticeMap:PersistentLevel.PracticeMap' with GeneratedClass '/Game/Maps/PracticeMap.PracticeMap_C' with ClassGeneratedBy '/Game/Maps/PracticeMap.PracticeMap:PersistentLevel.PracticeMap'
[2016.10.17-08.45.41:236][815]LogRenderer: Reallocating scene render targets to support 1292x756 (Frame:846).
[2016.10.17-08.45.46:562][988]LogTemp:Warning: Instigated damage: 5.000000
[2016.10.17-08.45.47:092][  4]LogTemp:Warning: Instigated damage: 8.000000
[2016.10.17-08.45.47:202][  7]LogTemp:Warning: Instigated damage: 8.000000
[2016.10.17-08.45.47:329][ 11]LogTemp:Warning: Instigated damage: 8.000000
[2016.10.17-08.45.47:613][ 20]LogTemp:Warning: Instigated damage: 8.000000
[2016.10.17-08.45.50:776][118]LogTemp:Warning: Instigated damage: 15.000000
[2016.10.17-08.45.51:775][149]LogTemp:Warning: Instigated damage: 5.000000
[2016.10.17-08.45.51:777][149]LogTemp:Warning: Instigated damage: 5.000000
[2016.10.17-08.45.51:777][149]LogTemp:Warning: Instigated damage: 5.000000
[2016.10.17-08.45.55:983][280]LogTemp:Warning: Instigated damage: 5.000000
[2016.10.17-08.45.55:985][280]LogTemp:Warning: Instigated damage: 5.000000
[2016.10.17-08.45.55:986][280]LogTemp:Warning: Instigated damage: 5.000000
[2016.10.17-08.45.55:987][280]LogTemp:Warning: Instigated damage: 5.000000
[2016.10.17-08.45.55:987][280]LogTemp:Warning: Instigated damage: 5.000000
[2016.10.17-08.45.56:510][297]LogTemp:Warning: Instigated damage: 5.000000
[2016.10.17-08.45.56:511][297]LogTemp:Warning: Instigated damage: 5.000000
[2016.10.17-08.45.57:389][326]LogBlueprintUserMessages: Early EndPlayMap Detection: Level '/Game/Maps/PracticeMap.PracticeMap:PersistentLevel' has LevelScriptBlueprint '/Game/Maps/PracticeMap.PracticeMap:PersistentLevel.PracticeMap' with GeneratedClass '/Game/Maps/PracticeMap.PracticeMap_C' with ClassGeneratedBy '/Game/Maps/PracticeMap.PracticeMap:PersistentLevel.PracticeMap'
[2016.10.17-08.45.57:482][326]LogBlueprintUserMessages: Late EndPlayMap Detection: Level '/Game/Maps/PracticeMap.PracticeMap:PersistentLevel' has LevelScriptBlueprint '/Game/Maps/PracticeMap.PracticeMap:PersistentLevel.PracticeMap' with GeneratedClass '/Game/Maps/PracticeMap.PracticeMap_C' with ClassGeneratedBy '/Game/Maps/PracticeMap.PracticeMap:PersistentLevel.PracticeMap'
[2016.10.17-08.45.58:660][379]LogBlueprintUserMessages: Early PlayInEditor Detection: Level '/Game/Maps/PracticeMap.PracticeMap:PersistentLevel' has LevelScriptBlueprint '/Game/Maps/PracticeMap.PracticeMap:PersistentLevel.PracticeMap' with GeneratedClass '/Game/Maps/PracticeMap.PracticeMap_C' with ClassGeneratedBy '/Game/Maps/PracticeMap.PracticeMap:PersistentLevel.PracticeMap'
[2016.10.17-08.45.58:660][379]LogPlayLevel: PlayLevel: No blueprints needed recompiling
[2016.10.17-08.45.58:661][379]PIE: New page: PIE session: PracticeMap (Oct 17, 2016, 2:45:58 PM)
[2016.10.17-08.45.58:661][379]LogPlayLevel: Creating play world package: /Game/Maps/UEDPIE_0_PracticeMap
[2016.10.17-08.45.58:759][379]LogPlayLevel: PIE: StaticDuplicateObject took: (0.098220s)
[2016.10.17-08.45.58:760][379]LogAIModule: Creating AISystem for world PracticeMap
[2016.10.17-08.45.58:760][379]LogPlayLevel: PIE: World Init took: (0.001003s)
[2016.10.17-08.45.58:761][379]LogPlayLevel: PIE: Created PIE world by copying editor world from /Game/Maps/PracticeMap.PracticeMap to /Game/Maps/UEDPIE_0_PracticeMap.PracticeMap (0.099899s)
[2016.10.17-08.45.58:778][379]LogInit: XAudio2 using 'Динамики (Устройство с поддержкой High Definition Audio)' : 2 channels at 44.1 kHz using 16 bits per sample (channel mask 0x3)
[2016.10.17-08.45.58:787][379]LogInit: FAudioDevice initialized.
[2016.10.17-08.45.58:830][379]LogWorld: Game class is 'PracticeProjectGameMode'
[2016.10.17-08.45.58:927][379]LogWorld: Bringing World /Game/Maps/UEDPIE_0_PracticeMap.PracticeMap up for play (max tick rate 60) at 2016.10.17-11.45.58
[2016.10.17-08.45.58:930][379]LogWorld: Bringing up level for play took: 0.098100
[2016.10.17-08.45.58:967][379]LogGameMode:Display: Match State Changed from EnteringMap to WaitingToStart
[2016.10.17-08.45.58:967][379]LogGameState: Match State Changed from EnteringMap to WaitingToStart
[2016.10.17-08.45.58:967][379]LogGameMode:Display: Match State Changed from WaitingToStart to InProgress
[2016.10.17-08.45.58:974][379]LogGameState: Match State Changed from WaitingToStart to InProgress
[2016.10.17-08.45.58:980][379]PIE: Info Play in editor start time for /Game/Maps/UEDPIE_0_PracticeMap 0.982
[2016.10.17-08.45.58:981][379]LogBlueprintUserMessages: Late PlayInEditor Detection: Level '/Game/Maps/PracticeMap.PracticeMap:PersistentLevel' has LevelScriptBlueprint '/Game/Maps/PracticeMap.PracticeMap:PersistentLevel.PracticeMap' with GeneratedClass '/Game/Maps/PracticeMap.PracticeMap_C' with ClassGeneratedBy '/Game/Maps/PracticeMap.PracticeMap:PersistentLevel.PracticeMap'
[2016.10.17-08.46.00:640][429]LogRenderer: Reallocating scene render targets to support 1600x836 (Frame:1459).
[2016.10.17-08.46.05:398][550]LogBlueprintUserMessages: Early EndPlayMap Detection: Level '/Game/Maps/PracticeMap.PracticeMap:PersistentLevel' has LevelScriptBlueprint '/Game/Maps/PracticeMap.PracticeMap:PersistentLevel.PracticeMap' with GeneratedClass '/Game/Maps/PracticeMap.PracticeMap_C' with ClassGeneratedBy '/Game/Maps/PracticeMap.PracticeMap:PersistentLevel.PracticeMap'
[2016.10.17-08.46.05:487][550]LogBlueprintUserMessages: Late EndPlayMap Detection: Level '/Game/Maps/PracticeMap.PracticeMap:PersistentLevel' has LevelScriptBlueprint '/Game/Maps/PracticeMap.PracticeMap:PersistentLevel.PracticeMap' with GeneratedClass '/Game/Maps/PracticeMap.PracticeMap_C' with ClassGeneratedBy '/Game/Maps/PracticeMap.PracticeMap:PersistentLevel.PracticeMap'
[2016.10.17-08.46.10:666][836]LogBlueprintUserMessages: Early PlayInEditor Detection: Level '/Game/Maps/PracticeMap.PracticeMap:PersistentLevel' has LevelScriptBlueprint '/Game/Maps/PracticeMap.PracticeMap:PersistentLevel.PracticeMap' with GeneratedClass '/Game/Maps/PracticeMap.PracticeMap_C' with ClassGeneratedBy '/Game/Maps/PracticeMap.PracticeMap:PersistentLevel.PracticeMap'
[2016.10.17-08.46.10:666][836]LogPlayLevel: PlayLevel: No blueprints needed recompiling
[2016.10.17-08.46.10:666][836]PIE: New page: PIE session: PracticeMap (Oct 17, 2016, 2:46:10 PM)
[2016.10.17-08.46.10:666][836]LogPlayLevel: Creating play world package: /Game/Maps/UEDPIE_0_PracticeMap
[2016.10.17-08.46.10:764][836]LogPlayLevel: PIE: StaticDuplicateObject took: (0.097527s)
[2016.10.17-08.46.10:764][836]LogAIModule: Creating AISystem for world PracticeMap
[2016.10.17-08.46.10:765][836]LogPlayLevel: PIE: World Init took: (0.001002s)
[2016.10.17-08.46.10:765][836]LogPlayLevel: PIE: Created PIE world by copying editor world from /Game/Maps/PracticeMap.PracticeMap to /Game/Maps/UEDPIE_0_PracticeMap.PracticeMap (0.099200s)
[2016.10.17-08.46.10:784][836]LogInit: XAudio2 using 'Динамики (Устройство с поддержкой High Definition Audio)' : 2 channels at 44.1 kHz using 16 bits per sample (channel mask 0x3)
[2016.10.17-08.46.10:793][836]LogInit: FAudioDevice initialized.
[2016.10.17-08.46.10:839][836]LogWorld: Game class is 'PracticeProjectGameMode'
[2016.10.17-08.46.10:936][836]LogWorld: Bringing World /Game/Maps/UEDPIE_0_PracticeMap.PracticeMap up for play (max tick rate 60) at 2016.10.17-11.46.10
[2016.10.17-08.46.10:938][836]LogWorld: Bringing up level for play took: 0.096763
[2016.10.17-08.46.10:975][836]LogGameMode:Display: Match State Changed from EnteringMap to WaitingToStart
[2016.10.17-08.46.10:975][836]LogGameState: Match State Changed from EnteringMap to WaitingToStart
[2016.10.17-08.46.10:975][836]LogGameMode:Display: Match State Changed from WaitingToStart to InProgress
[2016.10.17-08.46.10:982][836]LogGameState: Match State Changed from WaitingToStart to InProgress
[2016.10.17-08.46.10:988][836]PIE: Info Play in editor start time for /Game/Maps/UEDPIE_0_PracticeMap 0.99
[2016.10.17-08.46.10:989][836]LogBlueprintUserMessages: Late PlayInEditor Detection: Level '/Game/Maps/PracticeMap.PracticeMap:PersistentLevel' has LevelScriptBlueprint '/Game/Maps/PracticeMap.PracticeMap:PersistentLevel.PracticeMap' with GeneratedClass '/Game/Maps/PracticeMap.PracticeMap_C' with ClassGeneratedBy '/Game/Maps/PracticeMap.PracticeMap:PersistentLevel.PracticeMap'
[2016.10.17-08.46.17:230][  1]LogBlueprintUserMessages: Early EndPlayMap Detection: Level '/Game/Maps/PracticeMap.PracticeMap:PersistentLevel' has LevelScriptBlueprint '/Game/Maps/PracticeMap.PracticeMap:PersistentLevel.PracticeMap' with GeneratedClass '/Game/Maps/PracticeMap.PracticeMap_C' with ClassGeneratedBy '/Game/Maps/PracticeMap.PracticeMap:PersistentLevel.PracticeMap'
[2016.10.17-08.46.17:336][  1]LogBlueprintUserMessages: Late EndPlayMap Detection: Level '/Game/Maps/PracticeMap.PracticeMap:PersistentLevel' has LevelScriptBlueprint '/Game/Maps/PracticeMap.PracticeMap:PersistentLevel.PracticeMap' with GeneratedClass '/Game/Maps/PracticeMap.PracticeMap_C' with ClassGeneratedBy '/Game/Maps/PracticeMap.PracticeMap:PersistentLevel.PracticeMap'
[2016.10.17-08.46.18:629][ 59]LogBlueprintUserMessages: Early PlayInEditor Detection: Level '/Game/Maps/PracticeMap.PracticeMap:PersistentLevel' has LevelScriptBlueprint '/Game/Maps/PracticeMap.PracticeMap:PersistentLevel.PracticeMap' with GeneratedClass '/Game/Maps/PracticeMap.PracticeMap_C' with ClassGeneratedBy '/Game/Maps/PracticeMap.PracticeMap:PersistentLevel.PracticeMap'
[2016.10.17-08.46.18:629][ 59]LogPlayLevel: PlayLevel: No blueprints needed recompiling
[2016.10.17-08.46.18:629][ 59]PIE: New page: PIE session: PracticeMap (Oct 17, 2016, 2:46:18 PM)
[2016.10.17-08.46.18:629][ 59]LogPlayLevel: Creating play world package: /Game/Maps/UEDPIE_0_PracticeMap
[2016.10.17-08.46.18:728][ 59]LogPlayLevel: PIE: StaticDuplicateObject took: (0.098962s)
[2016.10.17-08.46.18:729][ 59]LogAIModule: Creating AISystem for world PracticeMap
[2016.10.17-08.46.18:729][ 59]LogPlayLevel: PIE: World Init took: (0.001009s)
[2016.10.17-08.46.18:730][ 59]LogPlayLevel: PIE: Created PIE world by copying editor world from /Game/Maps/PracticeMap.PracticeMap to /Game/Maps/UEDPIE_0_PracticeMap.PracticeMap (0.100638s)
[2016.10.17-08.46.18:748][ 59]LogInit: XAudio2 using 'Динамики (Устройство с поддержкой High Definition Audio)' : 2 channels at 44.1 kHz using 16 bits per sample (channel mask 0x3)
[2016.10.17-08.46.18:756][ 59]LogInit: FAudioDevice initialized.
[2016.10.17-08.46.18:803][ 59]LogWorld: Game class is 'PracticeProjectGameMode'
[2016.10.17-08.46.18:900][ 59]LogWorld: Bringing World /Game/Maps/UEDPIE_0_PracticeMap.PracticeMap up for play (max tick rate 60) at 2016.10.17-11.46.18
[2016.10.17-08.46.18:903][ 59]LogWorld: Bringing up level for play took: 0.098055
[2016.10.17-08.46.18:940][ 59]LogGameMode:Display: Match State Changed from EnteringMap to WaitingToStart
[2016.10.17-08.46.18:940][ 59]LogGameState: Match State Changed from EnteringMap to WaitingToStart
[2016.10.17-08.46.18:940][ 59]LogGameMode:Display: Match State Changed from WaitingToStart to InProgress
[2016.10.17-08.46.18:949][ 59]LogGameState: Match State Changed from WaitingToStart to InProgress
[2016.10.17-08.46.18:955][ 59]PIE: Info Play in editor start time for /Game/Maps/UEDPIE_0_PracticeMap 0.957
[2016.10.17-08.46.18:956][ 59]LogBlueprintUserMessages: Late PlayInEditor Detection: Level '/Game/Maps/PracticeMap.PracticeMap:PersistentLevel' has LevelScriptBlueprint '/Game/Maps/PracticeMap.PracticeMap:PersistentLevel.PracticeMap' with GeneratedClass '/Game/Maps/PracticeMap.PracticeMap_C' with ClassGeneratedBy '/Game/Maps/PracticeMap.PracticeMap:PersistentLevel.PracticeMap'
[2016.10.17-08.46.20:962][123]LogBlueprintUserMessages: Early EndPlayMap Detection: Level '/Game/Maps/PracticeMap.PracticeMap:PersistentLevel' has LevelScriptBlueprint '/Game/Maps/PracticeMap.PracticeMap:PersistentLevel.PracticeMap' with GeneratedClass '/Game/Maps/PracticeMap.PracticeMap_C' with ClassGeneratedBy '/Game/Maps/PracticeMap.PracticeMap:PersistentLevel.PracticeMap'
[2016.10.17-08.46.20:998][123]LogBlueprintUserMessages: Late EndPlayMap Detection: Level '/Game/Maps/PracticeMap.PracticeMap:PersistentLevel' has LevelScriptBlueprint '/Game/Maps/PracticeMap.PracticeMap:PersistentLevel.PracticeMap' with GeneratedClass '/Game/Maps/PracticeMap.PracticeMap_C' with ClassGeneratedBy '/Game/Maps/PracticeMap.PracticeMap:PersistentLevel.PracticeMap'
[2016.10.17-08.46.23:326][228]LogWindowsTextInputMethodSystem:Display: IME system now deactivated.
[2016.10.17-08.46.23:540][229]Cmd: QUIT_EDITOR
[2016.10.17-08.46.24:124][229]LogExit: Preparing to exit.
[2016.10.17-08.46.24:967][229]LogDirectoryWatcher: A directory notification for 'C:/Unreal Projects/PracticeProject v2 4.13/Content/' was aborted.
[2016.10.17-08.46.24:999][229]LogExit: Editor shut down
[2016.10.17-08.46.25:000][229]LogExit: Transaction tracking system shut down
[2016.10.17-08.46.25:176][229]LogObj: Freed 0b from 0 cluster array pools.
[2016.10.17-08.46.25:176][229]LogExit: Object subsystem successfully closed.
[2016.10.17-08.46.25:196][229]LogD3D11RHI: Shutdown
[2016.10.17-08.46.25:196][229]LogD3D11RHI: CleanupD3DDevice
[2016.10.17-08.46.25:312][229]LogD3D11RHI: ~FD3D11DynamicRHI
[2016.10.17-08.46.25:337][229]LogModuleManager: Shutting down and abandoning module MovieSceneCapture (235)
[2016.10.17-08.46.25:337][229]LogModuleManager: Shutting down and abandoning module HierarchicalLODOutliner (234)
[2016.10.17-08.46.25:337][229]LogModuleManager: Shutting down and abandoning module CrashTracker (233)
[2016.10.17-08.46.25:337][229]LogModuleManager: Shutting down and abandoning module SceneOutliner (232)
[2016.10.17-08.46.25:337][229]LogModuleManager: Shutting down and abandoning module WidgetCarousel (231)
[2016.10.17-08.46.25:337][229]LogModuleManager: Shutting down and abandoning module AddContentDialog (230)
[2016.10.17-08.46.25:337][229]LogDirectoryWatcher: A directory notification for 'C:/Program Files (x86)/Epic Games/4.13/FeaturePacks/' was aborted.
[2016.10.17-08.46.25:338][229]LogModuleManager: Shutting down and abandoning module GameplayTags (229)
[2016.10.17-08.46.25:338][229]LogModuleManager: Shutting down and abandoning module EditorWidgets (228)
[2016.10.17-08.46.25:338][229]LogModuleManager: Shutting down and abandoning module CollectionManager (227)
[2016.10.17-08.46.25:338][229]LogDirectoryWatcher: A directory notification for 'C:/Unreal Projects/PracticeProject v2 4.13/Content/Collections/' was aborted.
[2016.10.17-08.46.25:338][229]LogDirectoryWatcher: A directory notification for 'C:/Unreal Projects/PracticeProject v2 4.13/Content/Developers/Петр/Collections/' was aborted.
[2016.10.17-08.46.25:338][229]LogDirectoryWatcher: A directory notification for 'C:/Unreal Projects/PracticeProject v2 4.13/Saved/Collections/' was aborted.
[2016.10.17-08.46.25:339][229]LogModuleManager: Shutting down and abandoning module StatsViewer (226)
[2016.10.17-08.46.25:339][229]LogModuleManager: Shutting down and abandoning module FoliageEdit (225)
[2016.10.17-08.46.25:339][229]LogModuleManager: Shutting down and abandoning module LandscapeEditor (224)
[2016.10.17-08.46.25:339][229]LogModuleManager: Shutting down and abandoning module SceneDepthPickerMode (223)
[2016.10.17-08.46.25:339][229]LogModuleManager: Shutting down and abandoning module ActorPickerMode (222)
[2016.10.17-08.46.25:339][229]LogModuleManager: Shutting down and abandoning module GeometryMode (221)
[2016.10.17-08.46.25:339][229]LogModuleManager: Shutting down and abandoning module TextureAlignMode (220)
[2016.10.17-08.46.25:339][229]LogModuleManager: Shutting down and abandoning module BspMode (219)
[2016.10.17-08.46.25:339][229]LogModuleManager: Shutting down and abandoning module HardwareSurvey (218)
[2016.10.17-08.46.25:339][229]LogModuleManager: Shutting down and abandoning module SequenceRecorderSections (217)
[2016.10.17-08.46.25:339][229]LogModuleManager: Shutting down and abandoning module SequenceRecorder (216)
[2016.10.17-08.46.25:339][229]LogModuleManager: Shutting down and abandoning module AutomationWorker (215)
[2016.10.17-08.46.25:339][229]LogModuleManager: Shutting down and abandoning module MatineeToLevelSequence (214)
[2016.10.17-08.46.25:339][229]LogModuleManager: Shutting down and abandoning module PlacementMode (213)
[2016.10.17-08.46.25:339][229]LogModuleManager: Shutting down and abandoning module LevelSequenceEditor (212)
[2016.10.17-08.46.25:339][229]LogModuleManager: Shutting down and abandoning module WmfMediaFactory (211)
[2016.10.17-08.46.25:339][229]LogModuleManager: Shutting down and abandoning module WmfMediaEditor (210)
[2016.10.17-08.46.25:339][229]LogModuleManager: Shutting down and abandoning module AvfMediaFactory (209)
[2016.10.17-08.46.25:339][229]LogModuleManager: Shutting down and abandoning module AvfMediaEditor (208)
[2016.10.17-08.46.25:339][229]LogModuleManager: Shutting down and abandoning module Media (207)
[2016.10.17-08.46.25:339][229]LogModuleManager: Shutting down and abandoning module AndroidMediaFactory (206)
[2016.10.17-08.46.25:339][229]LogModuleManager: Shutting down and abandoning module AndroidMediaEditor (205)
[2016.10.17-08.46.25:339][229]LogModuleManager: Shutting down and abandoning module CharacterAI (204)
[2016.10.17-08.46.25:339][229]LogModuleManager: Shutting down and abandoning module SmartSnapping (203)
[2016.10.17-08.46.25:339][229]LogModuleManager: Shutting down and abandoning module SessionServices (202)
[2016.10.17-08.46.25:339][229]LogModuleManager: Shutting down and abandoning module ViewportSnapping (201)
[2016.10.17-08.46.25:339][229]LogModuleManager: Shutting down and abandoning module ViewportInteraction (200)
[2016.10.17-08.46.25:340][229]LogModuleManager: Shutting down and abandoning module LogVisualizer (199)
[2016.10.17-08.46.25:340][229]LogModuleManager: Shutting down and abandoning module GameProjectGeneration (198)
[2016.10.17-08.46.25:340][229]LogModuleManager: Shutting down and abandoning module IntroTutorials (197)
[2016.10.17-08.46.25:340][229]LogModuleManager: Shutting down and abandoning module EditorLiveStreaming (196)
[2016.10.17-08.46.25:340][229]LogModuleManager: Shutting down and abandoning module IOSPlatformEditor (195)
[2016.10.17-08.46.25:340][229]LogModuleManager: Shutting down and abandoning module HTML5PlatformEditor (194)
[2016.10.17-08.46.25:340][229]LogModuleManager: Shutting down and abandoning module AndroidDeviceDetection (193)
[2016.10.17-08.46.25:653][229]LogModuleManager: Shutting down and abandoning module AndroidPlatformEditor (192)
[2016.10.17-08.46.25:653][229]LogModuleManager: Shutting down and abandoning module IOSRuntimeSettings (191)
[2016.10.17-08.46.25:653][229]LogModuleManager: Shutting down and abandoning module AndroidRuntimeSettings (190)
[2016.10.17-08.46.25:653][229]LogModuleManager: Shutting down and abandoning module NiagaraEditor (189)
[2016.10.17-08.46.25:653][229]LogModuleManager: Shutting down and abandoning module MergeActors (188)
[2016.10.17-08.46.25:653][229]LogModuleManager: Shutting down and abandoning module SizeMap (187)
[2016.10.17-08.46.25:653][229]LogModuleManager: Shutting down and abandoning module TreeMap (186)
[2016.10.17-08.46.25:653][229]LogModuleManager: Shutting down and abandoning module ReferenceViewer (185)
[2016.10.17-08.46.25:653][229]LogModuleManager: Shutting down and abandoning module LocalizationService (184)
[2016.10.17-08.46.25:653][229]LogModuleManager: Shutting down and abandoning module LocalizationDashboard (183)
[2016.10.17-08.46.25:653][229]LogModuleManager: Shutting down and abandoning module HardwareTargeting (182)
[2016.10.17-08.46.25:653][229]LogModuleManager: Shutting down and abandoning module DeviceProfileEditor (181)
[2016.10.17-08.46.25:653][229]LogModuleManager: Shutting down and abandoning module UndoHistory (180)
[2016.10.17-08.46.25:654][229]LogModuleManager: Shutting down and abandoning module UserFeedback (179)
[2016.10.17-08.46.25:654][229]LogModuleManager: Shutting down and abandoning module XmlParser (178)
[2016.10.17-08.46.25:654][229]LogModuleManager: Shutting down and abandoning module Blutility (177)
[2016.10.17-08.46.25:654][229]LogModuleManager: Shutting down and abandoning module ProjectTargetPlatformEditor (176)
[2016.10.17-08.46.25:654][229]LogModuleManager: Shutting down and abandoning module ProjectSettingsViewer (175)
[2016.10.17-08.46.25:654][229]LogModuleManager: Shutting down and abandoning module InputBindingEditor (174)
[2016.10.17-08.46.25:654][229]LogModuleManager: Shutting down and abandoning module EditorSettingsViewer (173)
[2016.10.17-08.46.25:654][229]LogModuleManager: Shutting down and abandoning module SettingsEditor (172)
[2016.10.17-08.46.25:654][229]LogModuleManager: Shutting down and abandoning module ProjectLauncher (171)
[2016.10.17-08.46.25:654][229]LogModuleManager: Shutting down and abandoning module SessionFrontend (170)
[2016.10.17-08.46.25:654][229]LogModuleManager: Shutting down and abandoning module ProfilerClient (169)
[2016.10.17-08.46.25:654][229]LogModuleManager: Shutting down and abandoning module TargetDeviceServices (168)
[2016.10.17-08.46.25:654][229]LogModuleManager: Shutting down and abandoning module DeviceManager (167)
[2016.10.17-08.46.25:698][229]LogModuleManager: Shutting down and abandoning module AutomationController (166)
[2016.10.17-08.46.25:698][229]LogModuleManager: Shutting down and abandoning module AutomationWindow (165)
[2016.10.17-08.46.25:698][229]LogModuleManager: Shutting down and abandoning module Layers (164)
[2016.10.17-08.46.25:698][229]LogModuleManager: Shutting down and abandoning module ComponentVisualizers (163)
[2016.10.17-08.46.25:698][229]LogModuleManager: Shutting down and abandoning module DetailCustomizations (162)
[2016.10.17-08.46.25:698][229]LogModuleManager: Shutting down and abandoning module PackagesDialog (161)
[2016.10.17-08.46.25:698][229]LogModuleManager: Shutting down and abandoning module AnimGraph (160)
[2016.10.17-08.46.25:698][229]LogModuleManager: Shutting down and abandoning module Persona (159)
[2016.10.17-08.46.25:698][229]LogModuleManager: Shutting down and abandoning module Kismet (158)
[2016.10.17-08.46.25:699][229]LogModuleManager: Shutting down and abandoning module GraphEditor (157)
[2016.10.17-08.46.25:699][229]LogModuleManager: Shutting down and abandoning module ClassViewer (156)
[2016.10.17-08.46.25:699][229]LogModuleManager: Shutting down and abandoning module Toolbox (155)
[2016.10.17-08.46.25:699][229]LogModuleManager: Shutting down and abandoning module ModuleUI (154)
[2016.10.17-08.46.25:699][229]LogModuleManager: Shutting down and abandoning module MovieSceneTools (153)
[2016.10.17-08.46.25:699][229]LogModuleManager: Shutting down and abandoning module OutputLog (152)
[2016.10.17-08.46.25:699][229]LogModuleManager: Shutting down and abandoning module GammaUI (151)
[2016.10.17-08.46.25:699][229]LogModuleManager: Shutting down and abandoning module Documentation (150)
[2016.10.17-08.46.25:699][229]LogModuleManager: Shutting down and abandoning module Niagara (149)
[2016.10.17-08.46.25:699][229]LogModuleManager: Shutting down and abandoning module StreamingPauseRendering (148)
[2016.10.17-08.46.25:699][229]LogModuleManager: Shutting down and abandoning module AnalyticsET (147)
[2016.10.17-08.46.25:699][229]LogModuleManager: Shutting down and abandoning module PortalServices (146)
[2016.10.17-08.46.25:699][229]LogModuleManager: Shutting down and abandoning module PortalRpc (145)
[2016.10.17-08.46.25:699][229]LogModuleManager: Shutting down and abandoning module MessagingRpc (144)
[2016.10.17-08.46.25:699][229]LogModuleManager: Shutting down and abandoning module GameplayDebugger (143)
[2016.10.17-08.46.25:699][229]LogModuleManager: Shutting down and abandoning module AITestSuite (142)
[2016.10.17-08.46.25:699][229]LogModuleManager: Shutting down and abandoning module AIModule (141)
[2016.10.17-08.46.25:699][229]LogModuleManager: Shutting down and abandoning module ProfilerService (140)
[2016.10.17-08.46.25:834][229]LogModuleManager: Shutting down and abandoning module TaskGraph (139)
[2016.10.17-08.46.25:834][229]LogModuleManager: Shutting down and abandoning module SlateRemote (138)
[2016.10.17-08.46.25:834][229]LogModuleManager: Shutting down and abandoning module SteamVRController (137)
[2016.10.17-08.46.25:834][229]LogModuleManager: Shutting down and abandoning module SteamVR (136)
[2016.10.17-08.46.25:834][229]LogModuleManager: Shutting down and abandoning module ProceduralMeshComponentEditor (135)
[2016.10.17-08.46.25:834][229]LogModuleManager: Shutting down and abandoning module ProceduralMeshComponent (134)
[2016.10.17-08.46.25:834][229]LogModuleManager: Shutting down and abandoning module OculusLibrary (133)
[2016.10.17-08.46.25:834][229]LogModuleManager: Shutting down and abandoning module OculusInput (132)
[2016.10.17-08.46.25:834][229]LogModuleManager: Shutting down and abandoning module CustomMeshComponent (131)
[2016.10.17-08.46.25:834][229]LogModuleManager: Shutting down and abandoning module CableComponent (130)
[2016.10.17-08.46.25:834][229]LogModuleManager: Shutting down and abandoning module ArchVisCharacter (129)
[2016.10.17-08.46.25:834][229]LogModuleManager: Shutting down and abandoning module MediaPlayerEditor (127)
[2016.10.17-08.46.25:834][229]LogModuleManager: Shutting down and abandoning module HTML5Networking (126)
[2016.10.17-08.46.25:834][229]LogModuleManager: Shutting down and abandoning module GeometryCacheEd (125)
[2016.10.17-08.46.25:834][229]LogModuleManager: Shutting down and abandoning module GeometryCache (124)
[2016.10.17-08.46.25:834][229]LogModuleManager: Shutting down and abandoning module AlembicLibrary (123)
[2016.10.17-08.46.25:834][229]LogModuleManager: Shutting down and abandoning module AlembicImporter (122)
[2016.10.17-08.46.25:834][229]LogModuleManager: Shutting down and abandoning module SuperSearch (121)
[2016.10.17-08.46.25:834][229]LogModuleManager: Shutting down and abandoning module SuperSearchEditor (120)
[2016.10.17-08.46.25:834][229]LogModuleManager: Shutting down and abandoning module SpeedTreeImporter (119)
[2016.10.17-08.46.25:834][229]LogModuleManager: Shutting down and abandoning module PluginBrowser (118)
[2016.10.17-08.46.25:834][229]LogModuleManager: Shutting down and abandoning module MobileLauncherProfileWizard (117)
[2016.10.17-08.46.25:835][229]LogModuleManager: Shutting down and abandoning module EpicSurvey (116)
[2016.10.17-08.46.25:835][229]LogModuleManager: Shutting down and abandoning module DesktopPlatform (115)
[2016.10.17-08.46.25:835][229]LogModuleManager: Shutting down and abandoning module VisualStudioSourceCodeAccess (114)
[2016.10.17-08.46.25:835][229]LogModuleManager: Shutting down and abandoning module UObjectPlugin (113)
[2016.10.17-08.46.25:835][229]LogModuleManager: Shutting down and abandoning module SubversionSourceControl (112)
[2016.10.17-08.46.25:835][229]LogModuleManager: Shutting down and abandoning module PerforceSourceControl (111)
[2016.10.17-08.46.25:835][229]LogModuleManager: Shutting down and abandoning module SourceControl (110)
[2016.10.17-08.46.25:835][229]LogModuleManager: Shutting down and abandoning module GitSourceControl (109)
[2016.10.17-08.46.25:835][229]LogModuleManager: Shutting down and abandoning module LightPropagationVolumeEditor (108)
[2016.10.17-08.46.25:835][229]LogModuleManager: Shutting down and abandoning module PaperTiledImporter (107)
[2016.10.17-08.46.25:835][229]LogModuleManager: Shutting down and abandoning module PaperSpriteSheetImporter (106)
[2016.10.17-08.46.25:835][229]LogModuleManager: Shutting down and abandoning module MeshPaint (105)
[2016.10.17-08.46.25:835][229]LogModuleManager: Shutting down and abandoning module FbxAutomationBuilderModule (104)
[2016.10.17-08.46.25:835][229]LogModuleManager: Shutting down and abandoning module PixelInspectorModule (103)
[2016.10.17-08.46.25:835][229]LogModuleManager: Shutting down and abandoning module HotReload (102)
[2016.10.17-08.46.25:835][229]LogDirectoryWatcher: A directory notification for 'C:/Unreal Projects/PracticeProject v2 4.13/Binaries/Win64' was aborted.
[2016.10.17-08.46.25:836][229]LogModuleManager: Shutting down and abandoning module MainFrame (101)
[2016.10.17-08.46.25:836][229]LogModuleManager: Shutting down and abandoning module LevelEditor (100)
[2016.10.17-08.46.25:836][229]LogModuleManager: Shutting down and abandoning module ContentBrowser (99)
[2016.10.17-08.46.25:837][229]LogModuleManager: Shutting down and abandoning module Paper2DEditor (98)
[2016.10.17-08.46.25:838][229]LogModuleManager: Shutting down and abandoning module PracticeProject (97)
[2016.10.17-08.46.25:838][229]LogModuleManager: Shutting down and abandoning module UdpMessaging (96)
[2016.10.17-08.46.25:939][229]LogModuleManager: Shutting down and abandoning module TcpMessaging (95)
[2016.10.17-08.46.26:040][229]LogModuleManager: Shutting down and abandoning module LightPropagationVolumeRuntime (94)
[2016.10.17-08.46.26:040][229]LogModuleManager: Shutting down and abandoning module Paper2D (93)
[2016.10.17-08.46.26:040][229]LogModuleManager: Shutting down and abandoning module WindowsMoviePlayer (92)
[2016.10.17-08.46.26:040][229]LogModuleManager: Shutting down and abandoning module WmfMedia (91)
[2016.10.17-08.46.26:040][229]LogModuleManager: Shutting down and abandoning module MediaAssets (90)
[2016.10.17-08.46.26:040][229]LogModuleManager: Shutting down and abandoning module GameLiveStreaming (89)
[2016.10.17-08.46.26:040][229]LogModuleManager: Shutting down and abandoning module GameplayTagsEditor (88)
[2016.10.17-08.46.26:040][229]LogModuleManager: Shutting down and abandoning module VREditor (87)
[2016.10.17-08.46.26:040][229]LogModuleManager: Shutting down and abandoning module GameplayTasksEditor (86)
[2016.10.17-08.46.26:040][229]LogModuleManager: Shutting down and abandoning module PropertyEditor (85)
[2016.10.17-08.46.26:040][229]LogModuleManager: Shutting down and abandoning module BehaviorTreeEditor (84)
[2016.10.17-08.46.26:040][229]LogModuleManager: Shutting down and abandoning module FunctionalTesting (83)
[2016.10.17-08.46.26:040][229]LogModuleManager: Shutting down and abandoning module CollisionAnalyzer (82)
[2016.10.17-08.46.26:040][229]LogModuleManager: Shutting down and abandoning module Sequencer (81)
[2016.10.17-08.46.26:040][229]LogModuleManager: Shutting down and abandoning module WorkspaceMenuStructure (80)
[2016.10.17-08.46.26:040][229]LogModuleManager: Shutting down and abandoning module MessageLog (79)
[2016.10.17-08.46.26:040][229]LogModuleManager: Shutting down and abandoning module AssetTools (78)
[2016.10.17-08.46.26:040][229]LogModuleManager: Shutting down and abandoning module UMGEditor (77)
[2016.10.17-08.46.26:040][229]LogModuleManager: Shutting down and abandoning module UMG (76)
[2016.10.17-08.46.26:041][229]LogModuleManager: Shutting down and abandoning module SlateReflector (75)
[2016.10.17-08.46.26:041][229]LogModuleManager: Shutting down and abandoning module Slate (74)
[2016.10.17-08.46.26:041][229]LogModuleManager: Shutting down and abandoning module EditorStyle (73)
[2016.10.17-08.46.26:044][229]LogModuleManager: Shutting down and abandoning module SourceCodeAccess (72)
[2016.10.17-08.46.26:044][229]LogModuleManager: Shutting down and abandoning module HeadMountedDisplay (71)
[2016.10.17-08.46.26:044][229]LogModuleManager: Shutting down and abandoning module XAudio2 (70)
[2016.10.17-08.46.26:044][229]LogModuleManager: Shutting down and abandoning module Networking (68)
[2016.10.17-08.46.26:044][229]LogModuleManager: Shutting down and abandoning module Core (67)
[2016.10.17-08.46.26:044][229]LogModuleManager: Shutting down and abandoning module DirectoryWatcher (66)
[2016.10.17-08.46.26:044][229]LogDirectoryWatcher: A directory notification for '../../../Engine/Content/' was aborted.
[2016.10.17-08.46.26:044][229]LogDirectoryWatcher: A directory notification for '../../../../../../Unreal Projects/PracticeProject v2 4.13/Content/' was aborted.
[2016.10.17-08.46.26:044][229]LogDirectoryWatcher: A directory notification for '../../../Engine/Plugins/2D/Paper2D/Content/' was aborted.
[2016.10.17-08.46.26:045][229]LogModuleManager: Shutting down and abandoning module AssetRegistry (65)
[2016.10.17-08.46.26:211][229]LogModuleManager: Shutting down and abandoning module KismetCompiler (64)
[2016.10.17-08.46.26:211][229]LogModuleManager: Shutting down and abandoning module PhysXFormats (63)
[2016.10.17-08.46.26:211][229]LogModuleManager: Shutting down and abandoning module MeshUtilities (62)
[2016.10.17-08.46.26:211][229]LogModuleManager: Shutting down and abandoning module DerivedDataCache (61)
[2016.10.17-08.46.26:257][229]LogDerivedDataCache: Shutdown
[2016.10.17-08.46.26:257][229]LogModuleManager: Shutting down and abandoning module VulkanShaderFormat (60)
[2016.10.17-08.46.26:257][229]LogModuleManager: Shutting down and abandoning module ShaderFormatOpenGL (59)
[2016.10.17-08.46.26:257][229]LogModuleManager: Shutting down and abandoning module ShaderFormatD3D (58)
[2016.10.17-08.46.26:257][229]LogModuleManager: Shutting down and abandoning module MetalShaderFormat (57)
[2016.10.17-08.46.26:257][229]LogModuleManager: Shutting down and abandoning module TextureFormatUncompressed (56)
[2016.10.17-08.46.26:257][229]LogModuleManager: Shutting down and abandoning module TextureFormatPVR (55)
[2016.10.17-08.46.26:257][229]LogModuleManager: Shutting down and abandoning module TextureFormatDXT (54)
[2016.10.17-08.46.26:257][229]LogModuleManager: Shutting down and abandoning module TextureFormatIntelISPCTexComp (53)
[2016.10.17-08.46.26:258][229]LogModuleManager: Shutting down and abandoning module ImageWrapper (52)
[2016.10.17-08.46.26:258][229]LogModuleManager: Shutting down and abandoning module TextureFormatASTC (51)
[2016.10.17-08.46.26:258][229]LogModuleManager: Shutting down and abandoning module TextureFormatAndroid (50)
[2016.10.17-08.46.26:258][229]LogModuleManager: Shutting down and abandoning module AudioFormatOpus (49)
[2016.10.17-08.46.26:258][229]LogModuleManager: Shutting down and abandoning module AudioFormatOgg (48)
[2016.10.17-08.46.26:258][229]LogModuleManager: Shutting down and abandoning module AudioFormatADPCM (47)
[2016.10.17-08.46.26:258][229]LogModuleManager: Shutting down and abandoning module LinuxTargetPlatform (46)
[2016.10.17-08.46.26:258][229]LogModuleManager: Shutting down and abandoning module LinuxServerTargetPlatform (45)
[2016.10.17-08.46.26:258][229]LogModuleManager: Shutting down and abandoning module LinuxNoEditorTargetPlatform (44)
[2016.10.17-08.46.26:258][229]LogModuleManager: Shutting down and abandoning module LinuxClientTargetPlatform (43)
[2016.10.17-08.46.26:258][229]LogModuleManager: Shutting down and abandoning module TVOSTargetPlatform (42)
[2016.10.17-08.46.26:258][229]LogModuleManager: Shutting down and abandoning module Messaging (41)
[2016.10.17-08.46.26:258][229]LogModuleManager: Shutting down and abandoning module IOSTargetPlatform (40)
[2016.10.17-08.46.26:258][229]LogModuleManager: Shutting down and abandoning module HTML5TargetPlatform (39)
[2016.10.17-08.46.26:258][229]LogModuleManager: Shutting down and abandoning module Android_PVRTCTargetPlatform (38)
[2016.10.17-08.46.26:258][229]LogModuleManager: Shutting down and abandoning module Android_MultiTargetPlatform (37)
[2016.10.17-08.46.26:258][229]LogModuleManager: Shutting down and abandoning module Android_ETC2TargetPlatform (36)
[2016.10.17-08.46.26:258][229]LogModuleManager: Shutting down and abandoning module Android_ETC1TargetPlatform (35)
[2016.10.17-08.46.26:258][229]LogModuleManager: Shutting down and abandoning module Android_DXTTargetPlatform (34)
[2016.10.17-08.46.26:258][229]LogModuleManager: Shutting down and abandoning module Android_ATCTargetPlatform (33)
[2016.10.17-08.46.26:258][229]LogModuleManager: Shutting down and abandoning module Android_ASTCTargetPlatform (32)
[2016.10.17-08.46.26:258][229]LogModuleManager: Shutting down and abandoning module AndroidTargetPlatform (31)
[2016.10.17-08.46.26:258][229]LogModuleManager: Shutting down and abandoning module WindowsTargetPlatform (30)
[2016.10.17-08.46.26:258][229]LogModuleManager: Shutting down and abandoning module WindowsServerTargetPlatform (29)
[2016.10.17-08.46.26:258][229]LogModuleManager: Shutting down and abandoning module WindowsNoEditorTargetPlatform (28)
[2016.10.17-08.46.26:258][229]LogModuleManager: Shutting down and abandoning module WindowsClientTargetPlatform (27)
[2016.10.17-08.46.26:258][229]LogModuleManager: Shutting down and abandoning module AllDesktopTargetPlatform (26)
[2016.10.17-08.46.26:258][229]LogModuleManager: Shutting down and abandoning module TargetPlatform (25)
[2016.10.17-08.46.26:258][229]LogModuleManager: Shutting down and abandoning module InputCore (24)
[2016.10.17-08.46.26:258][229]LogModuleManager: Shutting down and abandoning module Settings (23)
[2016.10.17-08.46.26:258][229]LogModuleManager: Shutting down and abandoning module OculusRift (22)
[2016.10.17-08.46.26:258][229]LogModuleManager: Shutting down and abandoning module GearVR (21)
[2016.10.17-08.46.26:258][229]LogModuleManager: Shutting down and abandoning module ExampleDeviceProfileSelector (20)
[2016.10.17-08.46.26:258][229]LogModuleManager: Shutting down and abandoning module OnlineBlueprintSupport (19)
[2016.10.17-08.46.26:258][229]LogModuleManager: Shutting down and abandoning module OnlineSubsystem (17)
[2016.10.17-08.46.26:258][229]LogOnline:Display: Unloading online subsystem: NULL
[2016.10.17-08.46.26:258][229]LogModuleManager: Shutting down and abandoning module HTTP (16)
[2016.10.17-08.46.26:258][229]LogHttp:Display: Http module shutting down, but needs to wait on 1 outstanding Http requests:
[2016.10.17-08.46.26:259][229]LogHttp:Display: 	verb=[POST] url=[https://datarouter.ol.epicgames.com/datarouter/api/v1/public/data?SessionID=%7BDF6C6CCD-407F-C39F-5B96-AC83257CF3C7%7D&AppID=UEEditor.Rocket.Release&AppVersion=4.13.1-3142249%2B%2B%2BUE4%2BRelease-4.13&UserID=8f4deef9407e4864fe02bcba3a5795b0%7C5efbdf2c284d46d28e8fae094d82148c%7Ca98b8c2e-f6a7-4d78-b4eb-d15a984e6e3a&AppEnvironment=datacollector-binary&UploadType=eteventstream] status=Processing
[2016.10.17-08.46.26:259][229]LogHttp:Warning: 000000ADA9B55C00: request failed, libcurl error: 6 (Couldn't resolve host name)
[2016.10.17-08.46.26:259][229]LogHttp:Warning: 000000ADA9B55C00: libcurl info message cache 8 (Could not resolve host: datarouter.ol.epicgames.com)
[2016.10.17-08.46.26:259][229]LogHttp:Warning: 000000ADA9B55C00: libcurl info message cache 9 (Closing connection 4)
[2016.10.17-08.46.26:276][229]LogModuleManager: Shutting down and abandoning module XMPP (15)
[2016.10.17-08.46.26:276][229]LogModuleManager: Shutting down and abandoning module TextureCompressor (14)
[2016.10.17-08.46.26:276][229]LogModuleManager: Shutting down and abandoning module ShaderCore (13)
[2016.10.17-08.46.26:277][229]LogModuleManager: Shutting down and abandoning module Landscape (12)
[2016.10.17-08.46.26:277][229]LogModuleManager: Shutting down and abandoning module SlateRHIRenderer (11)
[2016.10.17-08.46.26:277][229]LogModuleManager: Shutting down and abandoning module OpenGLDrv (10)
[2016.10.17-08.46.26:278][229]LogModuleManager: Shutting down and abandoning module D3D11RHI (9)
[2016.10.17-08.46.26:278][229]LogModuleManager: Shutting down and abandoning module AnimGraphRuntime (8)
[2016.10.17-08.46.26:278][229]LogModuleManager: Shutting down and abandoning module Renderer (7)
[2016.10.17-08.46.26:278][229]LogModuleManager: Shutting down and abandoning module Engine (6)
[2016.10.17-08.46.26:278][229]LogModuleManager: Shutting down and abandoning module CoreUObject (5)
[2016.10.17-08.46.26:278][229]LogModuleManager: Shutting down and abandoning module NetworkFile (4)
[2016.10.17-08.46.26:278][229]LogModuleManager: Shutting down and abandoning module StreamingFile (3)
[2016.10.17-08.46.26:278][229]LogModuleManager: Shutting down and abandoning module SandboxFile (2)
[2016.10.17-08.46.26:278][229]LogModuleManager: Shutting down and abandoning module PakFile (1)
[2016.10.17-08.46.26:280][229]LogExit: Exiting.
[2016.10.17-08.46.26:281][229]Log file closed, 10/17/16 11:46:26
