Log file open, 10/17/16 11:36:10
LogInit:Display: Running engine for game: PracticeProject
LogPlatformFile: Not using cached read wrapper
LogInit:Display: RandInit(-1451969449) SRandInit(-1451969449).
LogTaskGraph: Started task graph with 5 named threads and 8 total threads with 1 sets of task threads.
LogStats: Stats thread started at 0.083117
LogPluginManager: Loaded Plugin Paper2D, From C:/Program Files (x86)/Epic Games/4.13/Engine/Plugins/2D/Paper2D/Paper2D.uplugin
LogPluginManager: Loaded Plugin LightPropagationVolume, From C:/Program Files (x86)/Epic Games/4.13/Engine/Plugins/Blendables/LightPropagationVolume/LightPropagationVolume.uplugin
LogPluginManager: Loaded Plugin BlankPlugin, From C:/Program Files (x86)/Epic Games/4.13/Engine/Plugins/Developer/BlankPlugin/BlankPlugin.uplugin
LogPluginManager: Loaded Plugin CodeLiteSourceCodeAccess, From C:/Program Files (x86)/Epic Games/4.13/Engine/Plugins/Developer/CodeLiteSourceCodeAccess/CodeLiteSourceCodeAccess.uplugin
LogPluginManager: Loaded Plugin GitSourceControl, From C:/Program Files (x86)/Epic Games/4.13/Engine/Plugins/Developer/GitSourceControl/GitSourceControl.uplugin
LogPluginManager: Loaded Plugin KDevelopSourceCodeAccess, From C:/Program Files (x86)/Epic Games/4.13/Engine/Plugins/Developer/KDevelopSourceCodeAccess/KDevelopSourceCodeAccess.uplugin
LogPluginManager: Loaded Plugin NullSourceCodeAccess, From C:/Program Files (x86)/Epic Games/4.13/Engine/Plugins/Developer/NullSourceCodeAccess/NullSourceCodeAccess.uplugin
LogPluginManager: Loaded Plugin OneSkyLocalizationService, From C:/Program Files (x86)/Epic Games/4.13/Engine/Plugins/Developer/OneSkyLocalizationService/OneSkyLocalizationService.uplugin
LogPluginManager: Loaded Plugin PerforceSourceControl, From C:/Program Files (x86)/Epic Games/4.13/Engine/Plugins/Developer/PerforceSourceControl/PerforceSourceControl.uplugin
LogPluginManager: Loaded Plugin SubversionSourceControl, From C:/Program Files (x86)/Epic Games/4.13/Engine/Plugins/Developer/SubversionSourceControl/SubversionSourceControl.uplugin
LogPluginManager: Loaded Plugin UObjectPlugin, From C:/Program Files (x86)/Epic Games/4.13/Engine/Plugins/Developer/UObjectPlugin/UObjectPlugin.uplugin
LogPluginManager: Loaded Plugin VisualStudioSourceCodeAccess, From C:/Program Files (x86)/Epic Games/4.13/Engine/Plugins/Developer/VisualStudioSourceCodeAccess/VisualStudioSourceCodeAccess.uplugin
LogPluginManager: Loaded Plugin XCodeSourceCodeAccess, From C:/Program Files (x86)/Epic Games/4.13/Engine/Plugins/Developer/XCodeSourceCodeAccess/XCodeSourceCodeAccess.uplugin
LogPluginManager: Loaded Plugin EpicSurvey, From C:/Program Files (x86)/Epic Games/4.13/Engine/Plugins/Editor/EpicSurvey/EpicSurvey.uplugin
LogPluginManager: Loaded Plugin MacGraphicsSwitching, From C:/Program Files (x86)/Epic Games/4.13/Engine/Plugins/Editor/MacGraphicsSwitching/MacGraphicsSwitching.uplugin
LogPluginManager: Loaded Plugin MobileLauncherProfileWizard, From C:/Program Files (x86)/Epic Games/4.13/Engine/Plugins/Editor/MobileLauncherProfileWizard/MobileLauncherProfileWizard.uplugin
LogPluginManager: Loaded Plugin PluginBrowser, From C:/Program Files (x86)/Epic Games/4.13/Engine/Plugins/Editor/PluginBrowser/PluginBrowser.uplugin
LogPluginManager: Loaded Plugin SpeedTreeImporter, From C:/Program Files (x86)/Epic Games/4.13/Engine/Plugins/Editor/SpeedTreeImporter/SpeedTreeImporter.uplugin
LogPluginManager: Loaded Plugin SuperSearchEditor, From C:/Program Files (x86)/Epic Games/4.13/Engine/Plugins/Editor/SuperSearchEditor/SuperSearchEditor.uplugin
LogPluginManager: Loaded Plugin AlembicImporter, From C:/Program Files (x86)/Epic Games/4.13/Engine/Plugins/Experimental/AlembicImporter/AlembicImporter.uplugin
LogPluginManager: Loaded Plugin BlueprintStats, From C:/Program Files (x86)/Epic Games/4.13/Engine/Plugins/Experimental/BlueprintStats/BlueprintStats.uplugin
LogPluginManager: Loaded Plugin CharacterAI, From C:/Program Files (x86)/Epic Games/4.13/Engine/Plugins/Experimental/CharacterAI/CharacterAI.uplugin
LogPluginManager: Loaded Plugin CodeEditor, From C:/Program Files (x86)/Epic Games/4.13/Engine/Plugins/Experimental/CodeEditor/CodeEditor.uplugin
LogPluginManager: Loaded Plugin CodeView, From C:/Program Files (x86)/Epic Games/4.13/Engine/Plugins/Experimental/CodeView/CodeView.uplugin
LogPluginManager: Loaded Plugin HTML5Networking, From C:/Program Files (x86)/Epic Games/4.13/Engine/Plugins/Experimental/HTML5Networking/HTML5Networking.uplugin
LogPluginManager: Loaded Plugin LiveEditor, From C:/Program Files (x86)/Epic Games/4.13/Engine/Plugins/Experimental/LiveEditor/LiveEditor.uplugin
LogPluginManager: Loaded Plugin OSVR, From C:/Program Files (x86)/Epic Games/4.13/Engine/Plugins/Experimental/OSVR/OSVR.uplugin
LogPluginManager: Loaded Plugin Phya, From C:/Program Files (x86)/Epic Games/4.13/Engine/Plugins/Experimental/Phya/Phya.uplugin
LogPluginManager: Loaded Plugin SignificanceManager, From C:/Program Files (x86)/Epic Games/4.13/Engine/Plugins/Experimental/SignificanceManager/SignificanceManager.uplugin
LogPluginManager: Loaded Plugin SimpleHMD, From C:/Program Files (x86)/Epic Games/4.13/Engine/Plugins/Experimental/SimpleHMD/SimpleHMD.uplugin
LogPluginManager: Loaded Plugin StereoPanorama, From C:/Program Files (x86)/Epic Games/4.13/Engine/Plugins/Experimental/StereoPanorama/StereoPanorama.uplugin
LogPluginManager: Loaded Plugin StructBox, From C:/Program Files (x86)/Epic Games/4.13/Engine/Plugins/Experimental/StructBox/StructBox.uplugin
LogPluginManager: Loaded Plugin AndroidMedia, From C:/Program Files (x86)/Epic Games/4.13/Engine/Plugins/Media/AndroidMedia/AndroidMedia.uplugin
LogPluginManager: Loaded Plugin AvfMedia, From C:/Program Files (x86)/Epic Games/4.13/Engine/Plugins/Media/AvfMedia/AvfMedia.uplugin
LogPluginManager: Loaded Plugin MediaPlayerEditor, From C:/Program Files (x86)/Epic Games/4.13/Engine/Plugins/Media/MediaPlayerEditor/MediaPlayerEditor.uplugin
LogPluginManager: Loaded Plugin WmfMedia, From C:/Program Files (x86)/Epic Games/4.13/Engine/Plugins/Media/WmfMedia/WmfMedia.uplugin
LogPluginManager: Loaded Plugin MessagingDebugger, From C:/Program Files (x86)/Epic Games/4.13/Engine/Plugins/Messaging/MessagingDebugger/MessagingDebugger.uplugin
LogPluginManager: Loaded Plugin TcpMessaging, From C:/Program Files (x86)/Epic Games/4.13/Engine/Plugins/Messaging/TcpMessaging/TcpMessaging.uplugin
LogPluginManager: Loaded Plugin UdpMessaging, From C:/Program Files (x86)/Epic Games/4.13/Engine/Plugins/Messaging/UdpMessaging/UdpMessaging.uplugin
LogPluginManager: Loaded Plugin LevelSequenceEditor, From C:/Program Files (x86)/Epic Games/4.13/Engine/Plugins/MovieScene/LevelSequenceEditor/LevelSequenceEditor.uplugin
LogPluginManager: Loaded Plugin MatineeToLevelSequence, From C:/Program Files (x86)/Epic Games/4.13/Engine/Plugins/MovieScene/MatineeToLevelSequence/MatineeToLevelSequence.uplugin
LogPluginManager: Loaded Plugin NetcodeUnitTest, From C:/Program Files (x86)/Epic Games/4.13/Engine/Plugins/NetcodeUnitTest/NetcodeUnitTest/NetcodeUnitTest.uplugin
LogPluginManager: Loaded Plugin NUTUnrealEngine4, From C:/Program Files (x86)/Epic Games/4.13/Engine/Plugins/NetcodeUnitTest/NUTUnrealEngine4/NUTUnrealEngine4.uplugin
LogPluginManager: Loaded Plugin OnlineSubsystemGooglePlay, From C:/Program Files (x86)/Epic Games/4.13/Engine/Plugins/Online/Android/OnlineSubsystemGooglePlay/OnlineSubsystemGooglePlay.uplugin
LogPluginManager: Loaded Plugin OnlineSubsystemIOS, From C:/Program Files (x86)/Epic Games/4.13/Engine/Plugins/Online/IOS/OnlineSubsystemIOS/OnlineSubsystemIOS.uplugin
LogPluginManager: Loaded Plugin OnlineFramework, From C:/Program Files (x86)/Epic Games/4.13/Engine/Plugins/Online/OnlineFramework/OnlineFramework.uplugin
LogPluginManager: Loaded Plugin OnlineSubsystem, From C:/Program Files (x86)/Epic Games/4.13/Engine/Plugins/Online/OnlineSubsystem/OnlineSubsystem.uplugin
LogPluginManager: Loaded Plugin OnlineSubsystemAmazon, From C:/Program Files (x86)/Epic Games/4.13/Engine/Plugins/Online/OnlineSubsystemAmazon/OnlineSubsystemAmazon.uplugin
LogPluginManager: Loaded Plugin OnlineSubsystemFacebook, From C:/Program Files (x86)/Epic Games/4.13/Engine/Plugins/Online/OnlineSubsystemFacebook/OnlineSubsystemFacebook.uplugin
LogPluginManager: Loaded Plugin OnlineSubsystemNull, From C:/Program Files (x86)/Epic Games/4.13/Engine/Plugins/Online/OnlineSubsystemNull/OnlineSubsystemNull.uplugin
LogPluginManager: Loaded Plugin OnlineSubsystemOculus, From C:/Program Files (x86)/Epic Games/4.13/Engine/Plugins/Online/OnlineSubsystemOculus/OnlineSubsystemOculus.uplugin
LogPluginManager: Loaded Plugin OnlineSubsystemSteam, From C:/Program Files (x86)/Epic Games/4.13/Engine/Plugins/Online/OnlineSubsystemSteam/OnlineSubsystemSteam.uplugin
LogPluginManager: Loaded Plugin OnlineSubsystemUtils, From C:/Program Files (x86)/Epic Games/4.13/Engine/Plugins/Online/OnlineSubsystemUtils/OnlineSubsystemUtils.uplugin
LogPluginManager: Loaded Plugin IOSTapJoy, From C:/Program Files (x86)/Epic Games/4.13/Engine/Plugins/Runtime/Advertising/IOSTapJoy/IOSTapJoy.uplugin
LogPluginManager: Loaded Plugin AnalyticsBlueprintLibrary, From C:/Program Files (x86)/Epic Games/4.13/Engine/Plugins/Runtime/Analytics/AnalyticsBlueprintLibrary/AnalyticsBlueprintLibrary.uplugin
LogPluginManager: Loaded Plugin AnalyticsMulticast, From C:/Program Files (x86)/Epic Games/4.13/Engine/Plugins/Runtime/Analytics/AnalyticsMulticast/AnalyticsMulticast.uplugin
LogPluginManager: Loaded Plugin Apsalar, From C:/Program Files (x86)/Epic Games/4.13/Engine/Plugins/Runtime/Analytics/Apsalar/Apsalar.uplugin
LogPluginManager: Loaded Plugin FileLogging, From C:/Program Files (x86)/Epic Games/4.13/Engine/Plugins/Runtime/Analytics/FileLogging/FileLogging.uplugin
LogPluginManager: Loaded Plugin Flurry, From C:/Program Files (x86)/Epic Games/4.13/Engine/Plugins/Runtime/Analytics/Flurry/Flurry.uplugin
LogPluginManager: Loaded Plugin AndroidDeviceProfileSelector, From C:/Program Files (x86)/Epic Games/4.13/Engine/Plugins/Runtime/AndroidDeviceProfileSelector/AndroidDeviceProfileSelector.uplugin
LogPluginManager: Loaded Plugin AndroidMoviePlayer, From C:/Program Files (x86)/Epic Games/4.13/Engine/Plugins/Runtime/AndroidMoviePlayer/AndroidMoviePlayer.uplugin
LogPluginManager: Loaded Plugin AppleMoviePlayer, From C:/Program Files (x86)/Epic Games/4.13/Engine/Plugins/Runtime/AppleMoviePlayer/AppleMoviePlayer.uplugin
LogPluginManager: Loaded Plugin ArchVisCharacter, From C:/Program Files (x86)/Epic Games/4.13/Engine/Plugins/Runtime/ArchVisCharacter/ArchVisCharacter.uplugin
LogPluginManager: Loaded Plugin CableComponent, From C:/Program Files (x86)/Epic Games/4.13/Engine/Plugins/Runtime/CableComponent/CableComponent.uplugin
LogPluginManager: Loaded Plugin CustomMeshComponent, From C:/Program Files (x86)/Epic Games/4.13/Engine/Plugins/Runtime/CustomMeshComponent/CustomMeshComponent.uplugin
LogPluginManager: Loaded Plugin ExampleDeviceProfileSelector, From C:/Program Files (x86)/Epic Games/4.13/Engine/Plugins/Runtime/ExampleDeviceProfileSelector/ExampleDeviceProfileSelector.uplugin
LogPluginManager: Loaded Plugin GearVR, From C:/Program Files (x86)/Epic Games/4.13/Engine/Plugins/Runtime/GearVR/GearVR.uplugin
LogPluginManager: Loaded Plugin GoogleVRController, From C:/Program Files (x86)/Epic Games/4.13/Engine/Plugins/Runtime/GoogleVR/GoogleVRController/GoogleVRController.uplugin
LogPluginManager: Loaded Plugin GoogleVRHMD, From C:/Program Files (x86)/Epic Games/4.13/Engine/Plugins/Runtime/GoogleVR/GoogleVRHMD/GoogleVRHMD.uplugin
LogPluginManager: Loaded Plugin IOSDeviceProfileSelector, From C:/Program Files (x86)/Epic Games/4.13/Engine/Plugins/Runtime/IOSDeviceProfileSelector/IOSDeviceProfileSelector.uplugin
LogPluginManager: Loaded Plugin LeapMotion, From C:/Program Files (x86)/Epic Games/4.13/Engine/Plugins/Runtime/LeapMotion/LeapMotion.uplugin
LogPluginManager: Loaded Plugin LinuxDeviceProfileSelector, From C:/Program Files (x86)/Epic Games/4.13/Engine/Plugins/Runtime/LinuxDeviceProfileSelector/LinuxDeviceProfileSelector.uplugin
LogPluginManager: Loaded Plugin LiveEditorListenServer, From C:/Program Files (x86)/Epic Games/4.13/Engine/Plugins/Runtime/LiveEditorListenServer/LiveEditorListenServer.uplugin
LogPluginManager: Loaded Plugin OculusAudio, From C:/Program Files (x86)/Epic Games/4.13/Engine/Plugins/Runtime/OculusAudio/OculusAudio.uplugin
LogPluginManager: Loaded Plugin OculusInput, From C:/Program Files (x86)/Epic Games/4.13/Engine/Plugins/Runtime/OculusInput/OculusInput.uplugin
LogPluginManager: Loaded Plugin OculusLibrary, From C:/Program Files (x86)/Epic Games/4.13/Engine/Plugins/Runtime/OculusLibrary/OculusLibrary.uplugin
LogPluginManager: Loaded Plugin OculusRift, From C:/Program Files (x86)/Epic Games/4.13/Engine/Plugins/Runtime/OculusRift/OculusRift.uplugin
LogPluginManager: Loaded Plugin Oodle, From C:/Program Files (x86)/Epic Games/4.13/Engine/Plugins/Runtime/PacketHandlers/CompressionComponents/Oodle/Oodle.uplugin
LogPluginManager: Loaded Plugin ProceduralMeshComponent, From C:/Program Files (x86)/Epic Games/4.13/Engine/Plugins/Runtime/ProceduralMeshComponent/ProceduralMeshComponent.uplugin
LogPluginManager: Loaded Plugin SoundMod, From C:/Program Files (x86)/Epic Games/4.13/Engine/Plugins/Runtime/SoundMod/SoundMod.uplugin
LogPluginManager: Loaded Plugin SoundVisualizations, From C:/Program Files (x86)/Epic Games/4.13/Engine/Plugins/Runtime/SoundVisualizations/SoundVisualizations.uplugin
LogPluginManager: Loaded Plugin SteamController, From C:/Program Files (x86)/Epic Games/4.13/Engine/Plugins/Runtime/Steam/SteamController/SteamController.uplugin
LogPluginManager: Loaded Plugin SteamVR, From C:/Program Files (x86)/Epic Games/4.13/Engine/Plugins/Runtime/Steam/SteamVR/SteamVR.uplugin
LogPluginManager: Loaded Plugin WebBrowserWidget, From C:/Program Files (x86)/Epic Games/4.13/Engine/Plugins/Runtime/WebBrowserWidget/WebBrowserWidget.uplugin
LogPluginManager: Loaded Plugin WindowsDeviceProfileSelector, From C:/Program Files (x86)/Epic Games/4.13/Engine/Plugins/Runtime/WindowsDeviceProfileSelector/WindowsDeviceProfileSelector.uplugin
LogPluginManager: Loaded Plugin WindowsMoviePlayer, From C:/Program Files (x86)/Epic Games/4.13/Engine/Plugins/Runtime/WindowsMoviePlayer/WindowsMoviePlayer.uplugin
LogPluginManager: Loaded Plugin ScriptPlugin, From C:/Program Files (x86)/Epic Games/4.13/Engine/Plugins/ScriptPlugin/ScriptPlugin.uplugin
LogPluginManager: Loaded Plugin SlateRemote, From C:/Program Files (x86)/Epic Games/4.13/Engine/Plugins/Slate/SlateRemote/SlateRemote.uplugin
LogInit: Using libcurl 7.47.1
LogInit:  - built for x86_64-pc-win32
LogInit:  - supports SSL with WinSSL
LogInit:  - other features:
LogInit:      CURL_VERSION_SSL
LogInit:      CURL_VERSION_IPV6
LogInit:      CURL_VERSION_ASYNCHDNS
LogInit:      CURL_VERSION_LARGEFILE
LogInit:      CURL_VERSION_IDN
LogInit:  CurlRequestOptions (configurable via config and command line):
LogInit:  - bVerifyPeer = false  - Libcurl will NOT verify peer certificate
LogInit:  - bUseHttpProxy = false  - Libcurl will NOT use HTTP proxy
LogInit:  - bDontReuseConnections = false  - Libcurl will reuse connections
LogInit:  - CertBundlePath = nullptr  - Libcurl will use whatever was configured at build time.
LogInit: Build: ++UE4+Release-4.13-CL-3142249
LogInit: Engine Version: 4.13.1-3142249+++UE4+Release-4.13
LogInit: Compatible Engine Version: 4.13.0-3106830+++UE4+Release-4.13
LogInit: Net CL: 3142249
LogDevObjectVersion: Number of dev versions registered: 13
LogDevObjectVersion:   Dev-Blueprints (B0D832E4-1F89-4F0D-ACCF-7EB736FD4AA2): 5
LogDevObjectVersion:   Dev-Build (E1C64328-A22C-4D53-A36C-8E866417BD8C): 0
LogDevObjectVersion:   Dev-Core (375EC13C-06E4-48FB-B500-84F0262A717E): 1
LogDevObjectVersion:   Dev-Editor (E4B068ED-F494-42E9-A231-DA0B2E46BB41): 6
LogDevObjectVersion:   Dev-Framework (CFFC743F-43B0-4480-9391-14DF171D2073): 12
LogDevObjectVersion:   Dev-Mobile (B02B49B5-BB20-44E9-A304-32B752E40360): 0
LogDevObjectVersion:   Dev-Networking (A4E4105C-59A1-49B5-A7C5-40C4547EDFEE): 0
LogDevObjectVersion:   Dev-Online (39C831C9-5AE6-47DC-9A44-9C173E1C8E7C): 0
LogDevObjectVersion:   Dev-Physics (78F01B33-EBEA-4F98-B9B4-84EACCB95AA2): 0
LogDevObjectVersion:   Dev-Platform (6631380F-2D4D-43E0-8009-CF276956A95A): 0
LogDevObjectVersion:   Dev-Rendering (12F88B9F-8875-4AFC-A67C-D90C383ABD29): 4
LogDevObjectVersion:   Dev-Sequencer (7B5AE74C-D270-4C10-A958-57980B212A5A): 0
LogDevObjectVersion:   Dev-VR (D7296918-1DD6-4BDD-9DE2-64A83CC13884): 0
LogInit: Compiled (64-bit): Sep 28 2016 02:12:12
LogInit: Compiled with Visual C++: 19.00.23026.00
LogInit: Build Configuration: Development
LogInit: Branch Name: ++UE4+Release-4.13
LogInit: Command line:  
LogInit: Base directory: C:/Program Files (x86)/Epic Games/4.13/Engine/Binaries/Win64/
LogInit: Installed Engine Build: 1
LogInit: Presizing for max 8388607 objects, including 0 objects not considered by GC, pre-allocating 0 bytes for permanent pool.
LogInit: Object subsystem initialized
[2016.10.17-08.36.10:213][  0]LogInit: Selected Device Profile: [Windows]
[2016.10.17-08.36.10:213][  0]LogInit: Applying CVar settings loaded from the selected device profile: [Windows]
[2016.10.17-08.36.10:225][  0]LogInit: Computer: PETERPC
[2016.10.17-08.36.10:225][  0]LogInit: User: Петр
[2016.10.17-08.36.10:225][  0]LogInit: CPU Page size=65536, Cores=4
[2016.10.17-08.36.10:225][  0]LogInit: High frequency timer resolution =2.143575 MHz
[2016.10.17-08.36.10:226][  0]LogMemory: Memory total: Physical=7.9GB (8GB approx)
[2016.10.17-08.36.10:226][  0]LogMemory: Platform Memory Stats for Windows
[2016.10.17-08.36.10:226][  0]LogMemory: Process Physical Memory: 255.25 MB used, 255.25 MB peak
[2016.10.17-08.36.10:226][  0]LogMemory: Process Virtual Memory: 260.24 MB used, 260.24 MB peak
[2016.10.17-08.36.10:226][  0]LogMemory: Physical Memory: 2870.98 MB used, 8057.77 MB total
[2016.10.17-08.36.10:226][  0]LogMemory: Virtual Memory: 608.16 MB used, 134217728.00 MB total
[2016.10.17-08.36.10:273][  0]LogTextLocalizationManager: No translations for ('ru-RU') exist, falling back to 'en' for localization and internationalization data.
[2016.10.17-08.36.10:965][  0]LogD3D11RHI: D3D11 adapters:
[2016.10.17-08.36.11:001][  0]LogD3D11RHI:    0. 'Intel(R) HD Graphics 4000' (Feature Level 11_0)
[2016.10.17-08.36.11:001][  0]LogD3D11RHI:       32/0/1760 MB DedicatedVideo/DedicatedSystem/SharedSystem, Outputs:1, VendorId:0x8086
[2016.10.17-08.36.11:018][  0]LogD3D11RHI:    1. 'NVIDIA GeForce GT 635M' (Feature Level 11_0)
[2016.10.17-08.36.11:018][  0]LogD3D11RHI:       1996/0/2047 MB DedicatedVideo/DedicatedSystem/SharedSystem, Outputs:0, VendorId:0x10de
[2016.10.17-08.36.11:020][  0]LogD3D11RHI:    2. 'Microsoft Basic Render Driver' (Feature Level 11_0)
[2016.10.17-08.36.11:020][  0]LogD3D11RHI:       0/0/256 MB DedicatedVideo/DedicatedSystem/SharedSystem, Outputs:0, VendorId:0x1414
[2016.10.17-08.36.11:020][  0]LogD3D11RHI: Chosen D3D11 Adapter: 1
[2016.10.17-08.36.11:026][  0]LogD3D11RHI: Creating new Direct3DDevice
[2016.10.17-08.36.11:026][  0]LogD3D11RHI:     GPU DeviceId: 0xde3 (for the marketing name, search the web for "GPU Device Id")
[2016.10.17-08.36.11:026][  0]LogWindows: EnumDisplayDevices:
[2016.10.17-08.36.11:026][  0]LogWindows:    0. 'Intel(R) HD Graphics 4000' (P:1 D:1)
[2016.10.17-08.36.11:026][  0]LogWindows:    1. 'Intel(R) HD Graphics 4000' (P:0 D:0)
[2016.10.17-08.36.11:026][  0]LogWindows:    2. 'Intel(R) HD Graphics 4000' (P:0 D:0)
[2016.10.17-08.36.11:026][  0]LogWindows:    3. 'NVIDIA GeForce GT 635M' (P:0 D:0)
[2016.10.17-08.36.11:027][  0]LogWindows: DebugString: PrimaryIsNotTheChoosenAdapter PrimaryIsNotTheChoosenAdapter PrimaryIsNotTheChoosenAdapter 
[2016.10.17-08.36.11:027][  0]LogD3D11RHI:     Adapter Name: NVIDIA GeForce GT 635M
[2016.10.17-08.36.11:027][  0]LogD3D11RHI:   Driver Version: 353.90 (internal:10.18.13.5390, unified:353.90)
[2016.10.17-08.36.11:027][  0]LogD3D11RHI:      Driver Date: 8-16-2015
[2016.10.17-08.36.11:027][  0]LogRHI: Texture pool is 1361 MB (70% of 1945 MB)
[2016.10.17-08.36.11:038][  0]LogD3D11RHI: Async texture creation enabled
[2016.10.17-08.36.11:057][  0]LogD3D11RHI: GPU Timing Frequency: 1000.000000 (Debug: 2 2)
[2016.10.17-08.36.11:057][  0]LogShaderCompilers: Guid format shader working directory is -11 characters bigger than the processId version (../../../../../../Unreal Projects/PracticeProject v2 4.13/Intermediate/Shaders/WorkingDirectory/11104/).
[2016.10.17-08.36.11:057][  0]LogShaderCompilers: Cleaned the shader compiler working directory 'C:/Users/B19A~1/AppData/Local/Temp/UnrealShaderWorkingDir/EDA6EC3B467BF33AE37101B951CEE821/'.
[2016.10.17-08.36.11:057][  0]LogShaderCompilers:Display: Using Local Shader Compiler.
[2016.10.17-08.36.12:204][  0]LogTemp:Display: Loaded TP AllDesktopTargetPlatform
[2016.10.17-08.36.12:214][  0]LogTemp:Display: Loaded TP WindowsClientTargetPlatform
[2016.10.17-08.36.12:224][  0]LogTemp:Display: Loaded TP WindowsNoEditorTargetPlatform
[2016.10.17-08.36.12:235][  0]LogTemp:Display: Loaded TP WindowsServerTargetPlatform
[2016.10.17-08.36.12:244][  0]LogTemp:Display: Loaded TP WindowsTargetPlatform
[2016.10.17-08.36.12:253][  0]LogTemp:Display: Loaded TP AndroidTargetPlatform
[2016.10.17-08.36.12:261][  0]LogTemp:Display: Loaded TP Android_ASTCTargetPlatform
[2016.10.17-08.36.12:270][  0]LogTemp:Display: Loaded TP Android_ATCTargetPlatform
[2016.10.17-08.36.12:279][  0]LogTemp:Display: Loaded TP Android_DXTTargetPlatform
[2016.10.17-08.36.12:288][  0]LogTemp:Display: Loaded TP Android_ETC1TargetPlatform
[2016.10.17-08.36.12:296][  0]LogTemp:Display: Loaded TP Android_ETC2TargetPlatform
[2016.10.17-08.36.12:314][  0]LogTemp:Display: Loaded TP Android_MultiTargetPlatform
[2016.10.17-08.36.12:314][  0]LogTemp:Display: Loaded TP Android_PVRTCTargetPlatform
[2016.10.17-08.36.12:315][  0]LogTemp:Display: Loaded TP HTML5TargetPlatform
[2016.10.17-08.36.12:337][  0]LogTemp:Display: Loaded TP IOSTargetPlatform
[2016.10.17-08.36.12:345][  0]LogTemp:Display: Loaded TP TVOSTargetPlatform
[2016.10.17-08.36.12:353][  0]LogTemp:Display: Loaded TP LinuxClientTargetPlatform
[2016.10.17-08.36.12:362][  0]LogTemp:Display: Loaded TP LinuxNoEditorTargetPlatform
[2016.10.17-08.36.12:370][  0]LogTemp:Display: Loaded TP LinuxServerTargetPlatform
[2016.10.17-08.36.12:378][  0]LogTemp:Display: Loaded TP LinuxTargetPlatform
[2016.10.17-08.36.12:378][  0]LogTargetPlatformManager:Display: Building Assets For Windows
[2016.10.17-08.36.12:467][  0]LogDerivedDataCache:Display: Max Cache Size: 512 MB
[2016.10.17-08.36.12:554][  0]LogDerivedDataCache: Loaded boot cache 0.09s 67MB C:/Users/Петр/AppData/Local/UnrealEngine/4.13/DerivedDataCache/Boot.ddc.
[2016.10.17-08.36.12:554][  0]LogDerivedDataCache:Display: Loaded Boot cache: C:/Users/Петр/AppData/Local/UnrealEngine/4.13/DerivedDataCache/Boot.ddc
[2016.10.17-08.36.12:554][  0]LogDerivedDataCache: FDerivedDataBackendGraph:  Pak pak cache file ../../../../../../Unreal Projects/PracticeProject v2 4.13/DerivedDataCache/DDC.ddp not found, will not use a pak cache.
[2016.10.17-08.36.12:554][  0]LogDerivedDataCache: Unable to find inner node Pak for hierarchical cache Hierarchy.
[2016.10.17-08.36.12:554][  0]LogDerivedDataCache: FDerivedDataBackendGraph:  CompressedPak pak cache file ../../../../../../Unreal Projects/PracticeProject v2 4.13/DerivedDataCache/Compressed.ddp not found, will not use a pak cache.
[2016.10.17-08.36.12:554][  0]LogDerivedDataCache: Unable to find inner node CompressedPak for hierarchical cache Hierarchy.
[2016.10.17-08.36.12:574][  0]LogDerivedDataCache:Display: Pak cache opened for reading ../../../Engine/DerivedDataCache/Compressed.ddp.
[2016.10.17-08.36.12:586][  0]LogDerivedDataCache: Using Local data cache path C:/Users/Петр/AppData/Local/UnrealEngine/Common/DerivedDataCache: Writable
[2016.10.17-08.36.12:868][  0]LogInit: Selected Device Profile: [Windows]
[2016.10.17-08.36.12:871][  0]LogContentStreaming: Texture pool size is 0.00 MB
[2016.10.17-08.36.12:977][  0]LogMeshUtilities: No automatic mesh reduction module available
[2016.10.17-08.36.12:977][  0]LogMeshUtilities: No automatic mesh merging module available
[2016.10.17-08.36.12:977][  0]LogMeshUtilities: No distributed automatic mesh merging module available
[2016.10.17-08.36.13:072][  0]LogMaterial: Uniform references updated for custom material expression Custom.
[2016.10.17-08.36.13:474][  0]LogNetVersion: GetLocalNetworkVersion: CL: 3106830, ProjectName: practiceproject, ProjectVersion: , EngineNetworkVersion: 1, GameNetworkVersion: 0, NetworkChecksum: 1390350264
[2016.10.17-08.36.13:514][  0]LogAssetRegistry: FAssetRegistry took 0.0223 seconds to start up
[2016.10.17-08.36.13:528][  0]LogPackageLocalizationCache: Processed 3 localized package path(s) for 1 prioritized culture(s) in 0.011527 seconds
[2016.10.17-08.36.13:534][  0]LogUObjectArray: 29778 objects as part of root set at end of initial load.
[2016.10.17-08.36.13:534][  0]LogUObjectAllocator: 6125456 out of 0 bytes used by permanent object pool.
[2016.10.17-08.36.13:534][  0]LogUObjectArray: CloseDisregardForGC: 0/0 objects in disregard for GC pool
[2016.10.17-08.36.13:541][  0]LogInit: WinSock: version 1.1 (2.2), MaxSocks=32767, MaxUdp=65467
[2016.10.17-08.36.13:806][  0]LogSlate: SlateFontCache - WITH_FREETYPE: 1, WITH_HARFBUZZ: 1
[2016.10.17-08.36.13:806][  0]LogSlate: SlateFontCache - WITH_FREETYPE: 1, WITH_HARFBUZZ: 1
[2016.10.17-08.36.15:010][  0]LogTcpMessaging: Initializing TcpMessaging bridge
[2016.10.17-08.36.15:032][  0]LogUdpMessaging: Initializing bridge on interface 0.0.0.0:0 to multicast group 230.0.0.1:6666.
[2016.10.17-08.36.15:462][  0]LogBlueprint:Warning: [Aim] 'EquippedWeaponMesh' variable not found. Base class was probably changed.
[2016.10.17-08.36.15:907][  0]SourceControl: Info Source control is disabled
[2016.10.17-08.36.15:929][  0]SourceControl: Info Source control is disabled
[2016.10.17-08.36.15:940][  0]SourceControl: Info Source control is disabled
[2016.10.17-08.36.15:951][  0]SourceControl: Info Source control is disabled
[2016.10.17-08.36.16:302][  0]LogEngine: Initializing Engine...
[2016.10.17-08.36.16:303][  0]LogHMD: Failed to initialize OpenVR with code 110
[2016.10.17-08.36.16:459][  0]LogAIModule: Creating AISystem for world Untitled
[2016.10.17-08.36.16:466][  0]LogInit: XAudio2 using 'Динамики (Устройство с поддержкой High Definition Audio)' : 2 channels at 44.1 kHz using 16 bits per sample (channel mask 0x3)
[2016.10.17-08.36.16:510][  0]LogInit: FAudioDevice initialized.
[2016.10.17-08.36.16:542][  0]LogDerivedDataCache: Saved boot cache 0.03s 67MB C:/Users/Петр/AppData/Local/UnrealEngine/4.13/DerivedDataCache/Boot.ddc.
[2016.10.17-08.36.16:547][  0]LogInit: Texture streaming: Enabled
[2016.10.17-08.36.16:578][  0]LogWindowsTextInputMethodSystem:Display: IME system now deactivated.
[2016.10.17-08.36.16:595][  0]LogInit: Transaction tracking system initialized
[2016.10.17-08.36.16:622][  0]BlueprintLog: New page: Editor Load
[2016.10.17-08.36.16:872][  0]LocalizationService: Info Localization service is disabled
[2016.10.17-08.36.17:230][  0]LogConsoleResponse:Display: 
[2016.10.17-08.36.17:461][  0]LogCook:Display: Max memory allowance for cook 16384mb min free memory 0mb
[2016.10.17-08.36.17:461][  0]LogCook:Display: Mobile HDR setting 1
[2016.10.17-08.36.17:657][  0]LogFileCache: Scanning file cache for directory 'C:/Unreal Projects/PracticeProject v2 4.13/Content/' took 0.02s
[2016.10.17-08.36.17:657][  0]SourceControl: Info Source control is disabled
[2016.10.17-08.36.17:657][  0]Cmd: MAP LOAD FILE="../../../../../../Unreal Projects/PracticeProject v2 4.13/Content/Maps/PracticeMap.umap" TEMPLATE=0 SHOWPROGRESS=1 FEATURELEVEL=3
[2016.10.17-08.36.17:657][  0]LightingResults: New page: Lighting Build
[2016.10.17-08.36.17:660][  0]MapCheck: New page: Map Check
[2016.10.17-08.36.17:660][  0]LightingResults: New page: Lighting Build
[2016.10.17-08.36.17:678][  0]LogLinker:Warning: Package ../../../../../../Unreal Projects/PracticeProject v2 4.13/Content/Maps/PracticeMap.umap was saved with a custom integration that is not present. Tag 8335131F7EA94C36BDAD5D6DB93EAD9F  Version 1
[2016.10.17-08.36.18:272][  0]LogAIModule: Creating AISystem for world PracticeMap
[2016.10.17-08.36.18:334][  0]LogEditorServer: Finished looking for orphan Actors (0.000 secs)
[2016.10.17-08.36.18:370][  0]Cmd: MAP CHECKDEP NOCLEARLOG
[2016.10.17-08.36.18:452][  0]MapCheck: Info Map check complete: 0 Error(s), 0 Warning(s), took 81.495ms to complete.
[2016.10.17-08.36.18:452][  0]LogFileHelpers: Loading map 'PracticeMap' took 0.795
[2016.10.17-08.36.18:599][  0]LogCollectionManager: Loaded 1 collections in 0.002346 seconds
[2016.10.17-08.36.18:640][  0]LogFileCache: Scanning file cache for directory 'C:/Unreal Projects/PracticeProject v2 4.13/Saved/Collections/' took 0.01s
[2016.10.17-08.36.18:640][  0]LogFileCache: Scanning file cache for directory 'C:/Unreal Projects/PracticeProject v2 4.13/Content/Developers/Петр/Collections/' took 0.01s
[2016.10.17-08.36.18:640][  0]LogFileCache: Scanning file cache for directory 'C:/Unreal Projects/PracticeProject v2 4.13/Content/Collections/' took 0.01s
[2016.10.17-08.36.18:640][  0]LogCollectionManager: Rebuilt the GUID cache for 1 collections in 0.000006 seconds
[2016.10.17-08.36.18:640][  0]LogCollectionManager: Rebuilt the hierarchy cache for 1 collections in 0.000000 seconds
[2016.10.17-08.36.18:668][  0]LogContentBrowser: Native class hierarchy populated in 0.0283 seconds. Added 2168 classes and 429 folders.
[2016.10.17-08.36.18:674][  0]LogStats: UGameplayTagsManager::ConstructGameplayTagTree: Construct from data asset -  0.000 s
[2016.10.17-08.36.18:674][  0]LogStats: UGameplayTagsManager::ConstructGameplayTagTree: GameplayTagTreeChangedEvent.Broadcast -  0.000 s
[2016.10.17-08.36.18:692][  0]LogContentBrowser: Native class hierarchy updated for 'GameplayTags' in 0.0181 seconds. Added 12 classes and 0 folders.
[2016.10.17-08.36.18:715][  0]LogContentBrowser: Native class hierarchy updated for 'WidgetCarousel' in 0.0180 seconds. Added 0 classes and 0 folders.
[2016.10.17-08.36.18:828][  0]LogContentBrowser: Native class hierarchy updated for 'AddContentDialog' in 0.0179 seconds. Added 0 classes and 0 folders.
[2016.10.17-08.36.18:854][  0]LogContentBrowser: Native class hierarchy updated for 'SceneOutliner' in 0.0194 seconds. Added 1 classes and 2 folders.
[2016.10.17-08.36.18:931][  0]LogCrashTracker: Crashtracker disabled due to settings.
[2016.10.17-08.36.18:939][  0]LogUObjectGlobals:Warning: Failed to find object 'Class None.'
[2016.10.17-08.36.18:984][  0]LogContentBrowser: Native class hierarchy updated for 'HierarchicalLODOutliner' in 0.0178 seconds. Added 1 classes and 2 folders.
[2016.10.17-08.36.18:984][  0]LogLoad: (Engine Initialization) Total time: 10.04 seconds
[2016.10.17-08.36.18:984][  0]LogLoad: (Engine Initialization) Total Blueprint compile time: 0.21 seconds
[2016.10.17-08.36.18:984][  0]LogExternalProfiler: Found external profiler: VSPerf
[2016.10.17-08.36.18:984][  0]LogExternalProfiler: Using external profiler: VSPerf
[2016.10.17-08.36.19:002][  0]LogOcInput: OculusInput pre-init called
[2016.10.17-08.36.19:026][  0]LogContentStreaming: Texture pool size now 400 MB
[2016.10.17-08.36.19:241][  0]LogRenderer: Reallocating scene render targets to support 964x476 (Frame:2).
[2016.10.17-08.36.19:354][  1]LogHttp:Warning: 0000003D343D0E80: request failed, libcurl error: 6 (Couldn't resolve host name)
[2016.10.17-08.36.19:354][  1]LogHttp:Warning: 0000003D343D0E80: libcurl info message cache 8 (Could not resolve host: cdn.unrealengine.com)
[2016.10.17-08.36.19:354][  1]LogHttp:Warning: 0000003D343D0E80: libcurl info message cache 9 (Closing connection 0)
[2016.10.17-08.36.19:407][  1]LogAssetRegistry: Asset discovery search completed in 5.9156 seconds
[2016.10.17-08.36.19:407][  1]LogCollectionManager: Rebuilt the object cache for 1 collections in 0.000008 seconds (found 0 objects)
[2016.10.17-08.36.19:407][  1]LogCollectionManager: Fixed up redirectors for 1 collections in 0.000037 seconds (updated 0 objects)
[2016.10.17-08.36.19:464][  2]LogHttp:Warning: 0000003D3972AC80: request failed, libcurl error: 6 (Couldn't resolve host name)
[2016.10.17-08.36.19:464][  2]LogHttp:Warning: 0000003D3972AC80: libcurl info message cache 8 (Could not resolve host: cdn.unrealengine.com)
[2016.10.17-08.36.19:464][  2]LogHttp:Warning: 0000003D3972AC80: libcurl info message cache 9 (Closing connection 1)
[2016.10.17-08.36.19:560][  4]LogHttp:Warning: 0000003D32D8A800: request failed, libcurl error: 6 (Couldn't resolve host name)
[2016.10.17-08.36.19:560][  4]LogHttp:Warning: 0000003D32D8A800: libcurl info message cache 8 (Could not resolve host: cdn.unrealengine.com)
[2016.10.17-08.36.19:560][  4]LogHttp:Warning: 0000003D32D8A800: libcurl info message cache 9 (Closing connection 2)
[2016.10.17-08.36.20:489][ 41]LogNavigation:Warning: Voronoi navigation data successfully generated (Surfaces: 3, Faces: 440 / 812, Edges: 2328, Vertexes: 1618) in 1470 ms
[2016.10.17-08.36.20:865][ 60]LogBlueprintUserMessages: Early PlayInEditor Detection: Level '/Game/Maps/PracticeMap.PracticeMap:PersistentLevel' has LevelScriptBlueprint '/Game/Maps/PracticeMap.PracticeMap:PersistentLevel.PracticeMap' with GeneratedClass '/Game/Maps/PracticeMap.PracticeMap_C' with ClassGeneratedBy '/Game/Maps/PracticeMap.PracticeMap:PersistentLevel.PracticeMap'
[2016.10.17-08.36.20:865][ 60]LogPlayLevel: PlayLevel: No blueprints needed recompiling
[2016.10.17-08.36.20:867][ 60]PIE: New page: SIE session: PracticeMap (Oct 17, 2016, 2:36:20 PM)
[2016.10.17-08.36.20:867][ 60]LogPlayLevel: Creating play world package: /Game/Maps/UEDPIE_0_PracticeMap
[2016.10.17-08.36.20:946][ 60]LogPlayLevel: PIE: StaticDuplicateObject took: (0.079423s)
[2016.10.17-08.36.20:947][ 60]LogAIModule: Creating AISystem for world PracticeMap
[2016.10.17-08.36.20:947][ 60]LogPlayLevel: PIE: World Init took: (0.000928s)
[2016.10.17-08.36.20:948][ 60]LogPlayLevel: PIE: Created PIE world by copying editor world from /Game/Maps/PracticeMap.PracticeMap to /Game/Maps/UEDPIE_0_PracticeMap.PracticeMap (0.081042s)
[2016.10.17-08.36.20:969][ 60]LogInit: XAudio2 using 'Динамики (Устройство с поддержкой High Definition Audio)' : 2 channels at 44.1 kHz using 16 bits per sample (channel mask 0x3)
[2016.10.17-08.36.20:977][ 60]LogInit: FAudioDevice initialized.
[2016.10.17-08.36.21:025][ 60]LogWorld: Game class is 'PracticeProjectGameMode'
[2016.10.17-08.36.21:099][ 60]LogWorld: Bringing World /Game/Maps/UEDPIE_0_PracticeMap.PracticeMap up for play (max tick rate 60) at 2016.10.17-11.36.21
[2016.10.17-08.36.21:102][ 60]LogWorld: Bringing up level for play took: 0.075356
[2016.10.17-08.36.21:159][ 60]LogContentBrowser: Native class hierarchy updated for 'MovieSceneCapture' in 0.0180 seconds. Added 11 classes and 0 folders.
[2016.10.17-08.36.21:159][ 60]LogGameMode:Display: Match State Changed from EnteringMap to WaitingToStart
[2016.10.17-08.36.21:162][ 60]LogGameState: Match State Changed from EnteringMap to WaitingToStart
[2016.10.17-08.36.21:162][ 60]PIE: Info Play in editor start time for /Game/Maps/UEDPIE_0_PracticeMap 1.164
[2016.10.17-08.36.21:167][ 60]LogBlueprintUserMessages: Late PlayInEditor Detection: Level '/Game/Maps/PracticeMap.PracticeMap:PersistentLevel' has LevelScriptBlueprint '/Game/Maps/PracticeMap.PracticeMap:PersistentLevel.PracticeMap' with GeneratedClass '/Game/Maps/PracticeMap.PracticeMap_C' with ClassGeneratedBy '/Game/Maps/PracticeMap.PracticeMap:PersistentLevel.PracticeMap'
[2016.10.17-08.36.21:980][ 88]LogGameMode: GameMode returned ReadyToStartMatch
[2016.10.17-08.36.21:980][ 88]LogGameMode:Display: Match State Changed from WaitingToStart to InProgress
[2016.10.17-08.36.21:980][ 88]LogGameState: Match State Changed from WaitingToStart to InProgress
[2016.10.17-08.36.25:259][255]LogTemp:Warning: Instigated damage: 8.000000
[2016.10.17-08.36.25:555][269]LogTemp:Warning: Instigated damage: 8.000000
[2016.10.17-08.36.25:666][274]LogTemp:Warning: Instigated damage: 8.000000
[2016.10.17-08.36.26:066][293]LogTemp:Warning: Instigated damage: 5.000000
[2016.10.17-08.36.26:067][293]LogTemp:Warning: Instigated damage: 5.000000
[2016.10.17-08.36.27:094][341]LogTemp:Warning: Instigated damage: 8.000000
[2016.10.17-08.36.27:204][346]LogTemp:Warning: Instigated damage: 8.000000
[2016.10.17-08.36.27:310][351]LogTemp:Warning: Instigated damage: 8.000000
[2016.10.17-08.36.27:607][365]LogTemp:Warning: Instigated damage: 8.000000
[2016.10.17-08.36.27:722][370]LogTemp:Warning: Instigated damage: 8.000000
[2016.10.17-08.36.27:829][375]LogTemp:Warning: Instigated damage: 8.000000
[2016.10.17-08.36.28:661][418]LogTemp:Warning: Instigated damage: 5.000000
[2016.10.17-08.36.28:661][418]LogTemp:Warning: Instigated damage: 5.000000
[2016.10.17-08.36.28:662][418]LogTemp:Warning: Instigated damage: 5.000000
[2016.10.17-08.36.28:664][418]LogTemp:Warning: Instigated damage: 5.000000
[2016.10.17-08.36.31:535][573]LogBlueprintUserMessages: Early EndPlayMap Detection: Level '/Game/Maps/PracticeMap.PracticeMap:PersistentLevel' has LevelScriptBlueprint '/Game/Maps/PracticeMap.PracticeMap:PersistentLevel.PracticeMap' with GeneratedClass '/Game/Maps/PracticeMap.PracticeMap_C' with ClassGeneratedBy '/Game/Maps/PracticeMap.PracticeMap:PersistentLevel.PracticeMap'
[2016.10.17-08.36.31:602][573]LogBlueprintUserMessages: Late EndPlayMap Detection: Level '/Game/Maps/PracticeMap.PracticeMap:PersistentLevel' has LevelScriptBlueprint '/Game/Maps/PracticeMap.PracticeMap:PersistentLevel.PracticeMap' with GeneratedClass '/Game/Maps/PracticeMap.PracticeMap_C' with ClassGeneratedBy '/Game/Maps/PracticeMap.PracticeMap:PersistentLevel.PracticeMap'
[2016.10.17-08.36.33:119][642]Cmd: OBJ SAVEPACKAGE PACKAGE="/Game/Maps/PracticeMap" FILE="../../../../../../Unreal Projects/PracticeProject v2 4.13/Content/Maps/PracticeMap.umap" SILENT=true AUTOSAVING=false KEEPDIRTY=false
[2016.10.17-08.36.34:114][642]LogSavePackage: Save=912.04ms
[2016.10.17-08.36.34:114][642]LogSavePackage: Moving '../../../../../../Unreal Projects/PracticeProject v2 4.13/Saved/PracticeMap569A3D5D480BD9557B9992A4B196687E.tmp' to '../../../../../../Unreal Projects/PracticeProject v2 4.13/Content/Maps/PracticeMap.umap'
[2016.10.17-08.36.34:116][642]LogSavePackage:Display: Finished SavePackage ../../../../../../Unreal Projects/PracticeProject v2 4.13/Content/Maps/PracticeMap.umap
[2016.10.17-08.37.19:346][814]LogHttp:Warning: 0000003D14FB6B00: request failed, libcurl error: 6 (Couldn't resolve host name)
[2016.10.17-08.37.19:346][814]LogHttp:Warning: 0000003D14FB6B00: libcurl info message cache 8 (Could not resolve host: datarouter.ol.epicgames.com)
[2016.10.17-08.37.19:346][814]LogHttp:Warning: 0000003D14FB6B00: libcurl info message cache 9 (Closing connection 3)
[2016.10.17-08.37.47:904][921]LogBlueprintUserMessages: Early PlayInEditor Detection: Level '/Game/Maps/PracticeMap.PracticeMap:PersistentLevel' has LevelScriptBlueprint '/Game/Maps/PracticeMap.PracticeMap:PersistentLevel.PracticeMap' with GeneratedClass '/Game/Maps/PracticeMap.PracticeMap_C' with ClassGeneratedBy '/Game/Maps/PracticeMap.PracticeMap:PersistentLevel.PracticeMap'
[2016.10.17-08.37.47:904][921]LogPlayLevel: PlayLevel: No blueprints needed recompiling
[2016.10.17-08.37.47:904][921]PIE: New page: SIE session: PracticeMap (Oct 17, 2016, 2:37:47 PM)
[2016.10.17-08.37.47:904][921]LogPlayLevel: Creating play world package: /Game/Maps/UEDPIE_0_PracticeMap
[2016.10.17-08.37.47:981][921]LogPlayLevel: PIE: StaticDuplicateObject took: (0.076824s)
[2016.10.17-08.37.47:982][921]LogAIModule: Creating AISystem for world PracticeMap
[2016.10.17-08.37.47:982][921]LogPlayLevel: PIE: World Init took: (0.000992s)
[2016.10.17-08.37.47:982][921]LogPlayLevel: PIE: Created PIE world by copying editor world from /Game/Maps/PracticeMap.PracticeMap to /Game/Maps/UEDPIE_0_PracticeMap.PracticeMap (0.078424s)
[2016.10.17-08.37.47:997][921]LogInit: XAudio2 using 'Динамики (Устройство с поддержкой High Definition Audio)' : 2 channels at 44.1 kHz using 16 bits per sample (channel mask 0x3)
[2016.10.17-08.37.48:004][921]LogInit: FAudioDevice initialized.
[2016.10.17-08.37.48:036][921]LogWorld: Game class is 'PracticeProjectGameMode'
[2016.10.17-08.37.48:110][921]LogWorld: Bringing World /Game/Maps/UEDPIE_0_PracticeMap.PracticeMap up for play (max tick rate 60) at 2016.10.17-11.37.48
[2016.10.17-08.37.48:112][921]LogWorld: Bringing up level for play took: 0.075391
[2016.10.17-08.37.48:149][921]LogGameMode:Display: Match State Changed from EnteringMap to WaitingToStart
[2016.10.17-08.37.48:153][921]LogGameState: Match State Changed from EnteringMap to WaitingToStart
[2016.10.17-08.37.48:153][921]PIE: Info Play in editor start time for /Game/Maps/UEDPIE_0_PracticeMap 0.156
[2016.10.17-08.37.48:156][921]LogBlueprintUserMessages: Late PlayInEditor Detection: Level '/Game/Maps/PracticeMap.PracticeMap:PersistentLevel' has LevelScriptBlueprint '/Game/Maps/PracticeMap.PracticeMap:PersistentLevel.PracticeMap' with GeneratedClass '/Game/Maps/PracticeMap.PracticeMap_C' with ClassGeneratedBy '/Game/Maps/PracticeMap.PracticeMap:PersistentLevel.PracticeMap'
[2016.10.17-08.37.48:646][941]LogGameMode: GameMode returned ReadyToStartMatch
[2016.10.17-08.37.48:646][941]LogGameMode:Display: Match State Changed from WaitingToStart to InProgress
[2016.10.17-08.37.48:646][941]LogGameState: Match State Changed from WaitingToStart to InProgress
[2016.10.17-08.38.07:503][940]LogTemp:Warning: Instigated damage: 8.000000
[2016.10.17-08.38.11:125][ 94]LogTemp:Warning: Instigated damage: 8.000000
[2016.10.17-08.38.12:036][132]LogTemp:Warning: Instigated damage: 15.000000
[2016.10.17-08.38.13:611][207]LogTemp:Warning: Instigated damage: 8.000000
[2016.10.17-08.38.13:718][212]LogTemp:Warning: Instigated damage: 8.000000
[2016.10.17-08.38.14:144][230]LogTemp:Warning: Instigated damage: 8.000000
[2016.10.17-08.38.14:259][235]LogTemp:Warning: Instigated damage: 8.000000
[2016.10.17-08.38.14:368][240]LogTemp:Warning: Instigated damage: 8.000000
[2016.10.17-08.38.14:656][253]LogTemp:Warning: Instigated damage: 8.000000
[2016.10.17-08.38.14:770][258]LogTemp:Warning: Instigated damage: 8.000000
[2016.10.17-08.38.17:883][403]LogTemp:Warning: Instigated damage: 8.000000
[2016.10.17-08.38.18:942][456]LogTemp:Warning: Instigated damage: 8.000000
[2016.10.17-08.38.22:044][619]LogBlueprintUserMessages: Early EndPlayMap Detection: Level '/Game/Maps/PracticeMap.PracticeMap:PersistentLevel' has LevelScriptBlueprint '/Game/Maps/PracticeMap.PracticeMap:PersistentLevel.PracticeMap' with GeneratedClass '/Game/Maps/PracticeMap.PracticeMap_C' with ClassGeneratedBy '/Game/Maps/PracticeMap.PracticeMap:PersistentLevel.PracticeMap'
[2016.10.17-08.38.22:087][619]LogBlueprintUserMessages: Late EndPlayMap Detection: Level '/Game/Maps/PracticeMap.PracticeMap:PersistentLevel' has LevelScriptBlueprint '/Game/Maps/PracticeMap.PracticeMap:PersistentLevel.PracticeMap' with GeneratedClass '/Game/Maps/PracticeMap.PracticeMap_C' with ClassGeneratedBy '/Game/Maps/PracticeMap.PracticeMap:PersistentLevel.PracticeMap'
[2016.10.17-08.38.48:349][735]LogHttp:Warning: 0000003D2539D480: request failed, libcurl error: 6 (Couldn't resolve host name)
[2016.10.17-08.38.48:349][735]LogHttp:Warning: 0000003D2539D480: libcurl info message cache 8 (Could not resolve host: datarouter.ol.epicgames.com)
[2016.10.17-08.38.48:349][735]LogHttp:Warning: 0000003D2539D480: libcurl info message cache 9 (Closing connection 4)
[2016.10.17-08.39.58:852][989]LogBlueprintUserMessages: Early PlayInEditor Detection: Level '/Game/Maps/PracticeMap.PracticeMap:PersistentLevel' has LevelScriptBlueprint '/Game/Maps/PracticeMap.PracticeMap:PersistentLevel.PracticeMap' with GeneratedClass '/Game/Maps/PracticeMap.PracticeMap_C' with ClassGeneratedBy '/Game/Maps/PracticeMap.PracticeMap:PersistentLevel.PracticeMap'
[2016.10.17-08.39.58:852][989]LogPlayLevel: PlayLevel: No blueprints needed recompiling
[2016.10.17-08.39.58:852][989]PIE: New page: SIE session: PracticeMap (Oct 17, 2016, 2:39:58 PM)
[2016.10.17-08.39.58:852][989]LogPlayLevel: Creating play world package: /Game/Maps/UEDPIE_0_PracticeMap
[2016.10.17-08.39.58:931][989]LogPlayLevel: PIE: StaticDuplicateObject took: (0.078690s)
[2016.10.17-08.39.58:931][989]LogAIModule: Creating AISystem for world PracticeMap
[2016.10.17-08.39.58:932][989]LogPlayLevel: PIE: World Init took: (0.001016s)
[2016.10.17-08.39.58:932][989]LogPlayLevel: PIE: Created PIE world by copying editor world from /Game/Maps/PracticeMap.PracticeMap to /Game/Maps/UEDPIE_0_PracticeMap.PracticeMap (0.080314s)
[2016.10.17-08.39.58:947][989]LogInit: XAudio2 using 'Динамики (Устройство с поддержкой High Definition Audio)' : 2 channels at 44.1 kHz using 16 bits per sample (channel mask 0x3)
[2016.10.17-08.39.58:955][989]LogInit: FAudioDevice initialized.
[2016.10.17-08.39.58:987][989]LogWorld: Game class is 'PracticeProjectGameMode'
[2016.10.17-08.39.59:061][989]LogWorld: Bringing World /Game/Maps/UEDPIE_0_PracticeMap.PracticeMap up for play (max tick rate 60) at 2016.10.17-11.39.59
[2016.10.17-08.39.59:064][989]LogWorld: Bringing up level for play took: 0.075281
[2016.10.17-08.39.59:101][989]LogGameMode:Display: Match State Changed from EnteringMap to WaitingToStart
[2016.10.17-08.39.59:105][989]LogGameState: Match State Changed from EnteringMap to WaitingToStart
[2016.10.17-08.39.59:105][989]PIE: Info Play in editor start time for /Game/Maps/UEDPIE_0_PracticeMap 1.107
[2016.10.17-08.39.59:108][989]LogBlueprintUserMessages: Late PlayInEditor Detection: Level '/Game/Maps/PracticeMap.PracticeMap:PersistentLevel' has LevelScriptBlueprint '/Game/Maps/PracticeMap.PracticeMap:PersistentLevel.PracticeMap' with GeneratedClass '/Game/Maps/PracticeMap.PracticeMap_C' with ClassGeneratedBy '/Game/Maps/PracticeMap.PracticeMap:PersistentLevel.PracticeMap'
[2016.10.17-08.39.59:724][ 14]LogGameMode: GameMode returned ReadyToStartMatch
[2016.10.17-08.39.59:724][ 14]LogGameMode:Display: Match State Changed from WaitingToStart to InProgress
[2016.10.17-08.39.59:724][ 14]LogGameState: Match State Changed from WaitingToStart to InProgress
[2016.10.17-08.40.05:585][317]LogTemp:Warning: Instigated damage: 15.000000
[2016.10.17-08.40.06:098][341]LogTemp:Warning: Instigated damage: 15.000000
[2016.10.17-08.40.06:614][365]LogTemp:Warning: Instigated damage: 15.000000
[2016.10.17-08.40.07:119][389]LogTemp:Warning: Instigated damage: 8.000000
[2016.10.17-08.40.07:632][410]LogTemp:Warning: Instigated damage: 5.000000
[2016.10.17-08.40.07:634][410]LogTemp:Warning: Instigated damage: 5.000000
[2016.10.17-08.40.08:675][458]LogTemp:Warning: Instigated damage: 15.000000
[2016.10.17-08.40.09:194][482]LogTemp:Warning: Instigated damage: 8.000000
[2016.10.17-08.40.16:604][854]LogTemp:Warning: Instigated damage: 8.000000
[2016.10.17-08.40.16:711][859]LogTemp:Warning: Instigated damage: 8.000000
[2016.10.17-08.40.19:278][994]LogBlueprintUserMessages: Early EndPlayMap Detection: Level '/Game/Maps/PracticeMap.PracticeMap:PersistentLevel' has LevelScriptBlueprint '/Game/Maps/PracticeMap.PracticeMap:PersistentLevel.PracticeMap' with GeneratedClass '/Game/Maps/PracticeMap.PracticeMap_C' with ClassGeneratedBy '/Game/Maps/PracticeMap.PracticeMap:PersistentLevel.PracticeMap'
[2016.10.17-08.40.19:320][994]LogBlueprintUserMessages: Late EndPlayMap Detection: Level '/Game/Maps/PracticeMap.PracticeMap:PersistentLevel' has LevelScriptBlueprint '/Game/Maps/PracticeMap.PracticeMap:PersistentLevel.PracticeMap' with GeneratedClass '/Game/Maps/PracticeMap.PracticeMap_C' with ClassGeneratedBy '/Game/Maps/PracticeMap.PracticeMap:PersistentLevel.PracticeMap'
[2016.10.17-08.40.20:109][ 27]LogBlueprintUserMessages: Early PlayInEditor Detection: Level '/Game/Maps/PracticeMap.PracticeMap:PersistentLevel' has LevelScriptBlueprint '/Game/Maps/PracticeMap.PracticeMap:PersistentLevel.PracticeMap' with GeneratedClass '/Game/Maps/PracticeMap.PracticeMap_C' with ClassGeneratedBy '/Game/Maps/PracticeMap.PracticeMap:PersistentLevel.PracticeMap'
[2016.10.17-08.40.20:109][ 27]LogPlayLevel: PlayLevel: No blueprints needed recompiling
[2016.10.17-08.40.20:109][ 27]PIE: New page: SIE session: PracticeMap (Oct 17, 2016, 2:40:20 PM)
[2016.10.17-08.40.20:109][ 27]LogPlayLevel: Creating play world package: /Game/Maps/UEDPIE_0_PracticeMap
[2016.10.17-08.40.20:200][ 27]LogPlayLevel: PIE: StaticDuplicateObject took: (0.091383s)
[2016.10.17-08.40.20:201][ 27]LogAIModule: Creating AISystem for world PracticeMap
[2016.10.17-08.40.20:201][ 27]LogPlayLevel: PIE: World Init took: (0.000914s)
[2016.10.17-08.40.20:202][ 27]LogPlayLevel: PIE: Created PIE world by copying editor world from /Game/Maps/PracticeMap.PracticeMap to /Game/Maps/UEDPIE_0_PracticeMap.PracticeMap (0.092909s)
[2016.10.17-08.40.20:220][ 27]LogInit: XAudio2 using 'Динамики (Устройство с поддержкой High Definition Audio)' : 2 channels at 44.1 kHz using 16 bits per sample (channel mask 0x3)
[2016.10.17-08.40.20:228][ 27]LogInit: FAudioDevice initialized.
[2016.10.17-08.40.20:261][ 27]LogWorld: Game class is 'PracticeProjectGameMode'
[2016.10.17-08.40.20:337][ 27]LogWorld: Bringing World /Game/Maps/UEDPIE_0_PracticeMap.PracticeMap up for play (max tick rate 60) at 2016.10.17-11.40.20
[2016.10.17-08.40.20:340][ 27]LogWorld: Bringing up level for play took: 0.078510
[2016.10.17-08.40.20:377][ 27]LogGameMode:Display: Match State Changed from EnteringMap to WaitingToStart
[2016.10.17-08.40.20:380][ 27]LogGameState: Match State Changed from EnteringMap to WaitingToStart
[2016.10.17-08.40.20:380][ 27]PIE: Info Play in editor start time for /Game/Maps/UEDPIE_0_PracticeMap 0.382
[2016.10.17-08.40.20:384][ 27]LogBlueprintUserMessages: Late PlayInEditor Detection: Level '/Game/Maps/PracticeMap.PracticeMap:PersistentLevel' has LevelScriptBlueprint '/Game/Maps/PracticeMap.PracticeMap:PersistentLevel.PracticeMap' with GeneratedClass '/Game/Maps/PracticeMap.PracticeMap_C' with ClassGeneratedBy '/Game/Maps/PracticeMap.PracticeMap:PersistentLevel.PracticeMap'
[2016.10.17-08.40.20:872][ 45]LogGameMode: GameMode returned ReadyToStartMatch
[2016.10.17-08.40.20:872][ 45]LogGameMode:Display: Match State Changed from WaitingToStart to InProgress
[2016.10.17-08.40.20:872][ 45]LogGameState: Match State Changed from WaitingToStart to InProgress
[2016.10.17-08.40.26:314][296]LogTemp:Warning: Instigated damage: 15.000000
[2016.10.17-08.40.37:043][844]LogTemp:Warning: Instigated damage: 15.000000
[2016.10.17-08.40.49:178][400]LogBlueprintUserMessages: Early EndPlayMap Detection: Level '/Game/Maps/PracticeMap.PracticeMap:PersistentLevel' has LevelScriptBlueprint '/Game/Maps/PracticeMap.PracticeMap:PersistentLevel.PracticeMap' with GeneratedClass '/Game/Maps/PracticeMap.PracticeMap_C' with ClassGeneratedBy '/Game/Maps/PracticeMap.PracticeMap:PersistentLevel.PracticeMap'
[2016.10.17-08.40.49:219][400]LogBlueprintUserMessages: Late EndPlayMap Detection: Level '/Game/Maps/PracticeMap.PracticeMap:PersistentLevel' has LevelScriptBlueprint '/Game/Maps/PracticeMap.PracticeMap:PersistentLevel.PracticeMap' with GeneratedClass '/Game/Maps/PracticeMap.PracticeMap_C' with ClassGeneratedBy '/Game/Maps/PracticeMap.PracticeMap:PersistentLevel.PracticeMap'
[2016.10.17-08.40.50:198][443]LogBlueprintUserMessages: Early PlayInEditor Detection: Level '/Game/Maps/PracticeMap.PracticeMap:PersistentLevel' has LevelScriptBlueprint '/Game/Maps/PracticeMap.PracticeMap:PersistentLevel.PracticeMap' with GeneratedClass '/Game/Maps/PracticeMap.PracticeMap_C' with ClassGeneratedBy '/Game/Maps/PracticeMap.PracticeMap:PersistentLevel.PracticeMap'
[2016.10.17-08.40.50:198][443]LogPlayLevel: PlayLevel: No blueprints needed recompiling
[2016.10.17-08.40.50:198][443]PIE: New page: SIE session: PracticeMap (Oct 17, 2016, 2:40:50 PM)
[2016.10.17-08.40.50:199][443]LogPlayLevel: Creating play world package: /Game/Maps/UEDPIE_0_PracticeMap
[2016.10.17-08.40.50:301][443]LogPlayLevel: PIE: StaticDuplicateObject took: (0.102178s)
[2016.10.17-08.40.50:302][443]LogAIModule: Creating AISystem for world PracticeMap
[2016.10.17-08.40.50:302][443]LogPlayLevel: PIE: World Init took: (0.000998s)
[2016.10.17-08.40.50:302][443]LogPlayLevel: PIE: Created PIE world by copying editor world from /Game/Maps/PracticeMap.PracticeMap to /Game/Maps/UEDPIE_0_PracticeMap.PracticeMap (0.103838s)
[2016.10.17-08.40.50:324][443]LogInit: XAudio2 using 'Динамики (Устройство с поддержкой High Definition Audio)' : 2 channels at 44.1 kHz using 16 bits per sample (channel mask 0x3)
[2016.10.17-08.40.50:332][443]LogInit: FAudioDevice initialized.
[2016.10.17-08.40.50:365][443]LogWorld: Game class is 'PracticeProjectGameMode'
[2016.10.17-08.40.50:479][443]LogWorld: Bringing World /Game/Maps/UEDPIE_0_PracticeMap.PracticeMap up for play (max tick rate 60) at 2016.10.17-11.40.50
[2016.10.17-08.40.50:482][443]LogWorld: Bringing up level for play took: 0.116451
[2016.10.17-08.40.50:519][443]LogGameMode:Display: Match State Changed from EnteringMap to WaitingToStart
[2016.10.17-08.40.50:523][443]LogGameState: Match State Changed from EnteringMap to WaitingToStart
[2016.10.17-08.40.50:523][443]PIE: Info Play in editor start time for /Game/Maps/UEDPIE_0_PracticeMap 0.525
[2016.10.17-08.40.50:526][443]LogBlueprintUserMessages: Late PlayInEditor Detection: Level '/Game/Maps/PracticeMap.PracticeMap:PersistentLevel' has LevelScriptBlueprint '/Game/Maps/PracticeMap.PracticeMap:PersistentLevel.PracticeMap' with GeneratedClass '/Game/Maps/PracticeMap.PracticeMap_C' with ClassGeneratedBy '/Game/Maps/PracticeMap.PracticeMap:PersistentLevel.PracticeMap'
[2016.10.17-08.40.51:173][460]LogGameMode: GameMode returned ReadyToStartMatch
[2016.10.17-08.40.51:173][460]LogGameMode:Display: Match State Changed from WaitingToStart to InProgress
[2016.10.17-08.40.51:173][460]LogGameState: Match State Changed from WaitingToStart to InProgress
[2016.10.17-08.40.56:032][655]LogTemp:Warning: Instigated damage: 15.000000
[2016.10.17-08.40.56:550][674]LogTemp:Warning: Instigated damage: 8.000000
[2016.10.17-08.40.57:078][693]LogTemp:Warning: Instigated damage: 15.000000
[2016.10.17-08.40.57:607][712]LogTemp:Warning: Instigated damage: 15.000000
[2016.10.17-08.40.58:131][731]LogTemp:Warning: Instigated damage: 15.000000
[2016.10.17-08.40.58:916][760]LogHttp:Warning: 0000003D2539FE80: request failed, libcurl error: 6 (Couldn't resolve host name)
[2016.10.17-08.40.58:917][760]LogHttp:Warning: 0000003D2539FE80: libcurl info message cache 8 (Could not resolve host: datarouter.ol.epicgames.com)
[2016.10.17-08.40.58:917][760]LogHttp:Warning: 0000003D2539FE80: libcurl info message cache 9 (Closing connection 5)
[2016.10.17-08.40.59:156][768]LogTemp:Warning: Instigated damage: 15.000000
[2016.10.17-08.40.59:690][788]LogTemp:Warning: Instigated damage: 5.000000
[2016.10.17-08.40.59:691][788]LogTemp:Warning: Instigated damage: 5.000000
[2016.10.17-08.40.59:692][788]LogTemp:Warning: Instigated damage: 5.000000
[2016.10.17-08.41.04:121][954]LogTemp:Warning: Instigated damage: 8.000000
[2016.10.17-08.41.05:238][996]LogBlueprintUserMessages: Early EndPlayMap Detection: Level '/Game/Maps/PracticeMap.PracticeMap:PersistentLevel' has LevelScriptBlueprint '/Game/Maps/PracticeMap.PracticeMap:PersistentLevel.PracticeMap' with GeneratedClass '/Game/Maps/PracticeMap.PracticeMap_C' with ClassGeneratedBy '/Game/Maps/PracticeMap.PracticeMap:PersistentLevel.PracticeMap'
[2016.10.17-08.41.05:278][996]LogBlueprintUserMessages: Late EndPlayMap Detection: Level '/Game/Maps/PracticeMap.PracticeMap:PersistentLevel' has LevelScriptBlueprint '/Game/Maps/PracticeMap.PracticeMap:PersistentLevel.PracticeMap' with GeneratedClass '/Game/Maps/PracticeMap.PracticeMap_C' with ClassGeneratedBy '/Game/Maps/PracticeMap.PracticeMap:PersistentLevel.PracticeMap'
[2016.10.17-08.41.06:148][ 30]LogBlueprintUserMessages: Early PlayInEditor Detection: Level '/Game/Maps/PracticeMap.PracticeMap:PersistentLevel' has LevelScriptBlueprint '/Game/Maps/PracticeMap.PracticeMap:PersistentLevel.PracticeMap' with GeneratedClass '/Game/Maps/PracticeMap.PracticeMap_C' with ClassGeneratedBy '/Game/Maps/PracticeMap.PracticeMap:PersistentLevel.PracticeMap'
[2016.10.17-08.41.06:148][ 30]LogPlayLevel: PlayLevel: No blueprints needed recompiling
[2016.10.17-08.41.06:149][ 30]PIE: New page: SIE session: PracticeMap (Oct 17, 2016, 2:41:06 PM)
[2016.10.17-08.41.06:149][ 30]LogPlayLevel: Creating play world package: /Game/Maps/UEDPIE_0_PracticeMap
[2016.10.17-08.41.06:259][ 30]LogPlayLevel: PIE: StaticDuplicateObject took: (0.110791s)
[2016.10.17-08.41.06:260][ 30]LogAIModule: Creating AISystem for world PracticeMap
[2016.10.17-08.41.06:261][ 30]LogPlayLevel: PIE: World Init took: (0.001284s)
[2016.10.17-08.41.06:261][ 30]LogPlayLevel: PIE: Created PIE world by copying editor world from /Game/Maps/PracticeMap.PracticeMap to /Game/Maps/UEDPIE_0_PracticeMap.PracticeMap (0.112822s)
[2016.10.17-08.41.06:283][ 30]LogInit: XAudio2 using 'Динамики (Устройство с поддержкой High Definition Audio)' : 2 channels at 44.1 kHz using 16 bits per sample (channel mask 0x3)
[2016.10.17-08.41.06:292][ 30]LogInit: FAudioDevice initialized.
[2016.10.17-08.41.06:327][ 30]LogWorld: Game class is 'PracticeProjectGameMode'
[2016.10.17-08.41.06:440][ 30]LogWorld: Bringing World /Game/Maps/UEDPIE_0_PracticeMap.PracticeMap up for play (max tick rate 60) at 2016.10.17-11.41.06
[2016.10.17-08.41.06:443][ 30]LogWorld: Bringing up level for play took: 0.115444
[2016.10.17-08.41.06:480][ 30]LogGameMode:Display: Match State Changed from EnteringMap to WaitingToStart
[2016.10.17-08.41.06:484][ 30]LogGameState: Match State Changed from EnteringMap to WaitingToStart
[2016.10.17-08.41.06:484][ 30]PIE: Info Play in editor start time for /Game/Maps/UEDPIE_0_PracticeMap 0.486
[2016.10.17-08.41.06:487][ 30]LogBlueprintUserMessages: Late PlayInEditor Detection: Level '/Game/Maps/PracticeMap.PracticeMap:PersistentLevel' has LevelScriptBlueprint '/Game/Maps/PracticeMap.PracticeMap:PersistentLevel.PracticeMap' with GeneratedClass '/Game/Maps/PracticeMap.PracticeMap_C' with ClassGeneratedBy '/Game/Maps/PracticeMap.PracticeMap:PersistentLevel.PracticeMap'
[2016.10.17-08.41.08:314][ 83]LogGameMode: GameMode returned ReadyToStartMatch
[2016.10.17-08.41.08:314][ 83]LogGameMode:Display: Match State Changed from WaitingToStart to InProgress
[2016.10.17-08.41.08:314][ 83]LogGameState: Match State Changed from WaitingToStart to InProgress
[2016.10.17-08.41.33:119][122]LogTemp:Warning: Instigated damage: 5.000000
[2016.10.17-08.41.33:120][122]LogTemp:Warning: Instigated damage: 5.000000
[2016.10.17-08.41.33:121][122]LogTemp:Warning: Instigated damage: 5.000000
[2016.10.17-08.41.33:121][122]LogTemp:Warning: Instigated damage: 5.000000
[2016.10.17-08.41.33:122][122]LogTemp:Warning: Instigated damage: 5.000000
[2016.10.17-08.41.33:122][122]LogTemp:Warning: Instigated damage: 5.000000
[2016.10.17-08.41.33:631][141]LogTemp:Warning: Instigated damage: 100.000000
[2016.10.17-08.41.37:698][319]LogBlueprintUserMessages: Early EndPlayMap Detection: Level '/Game/Maps/PracticeMap.PracticeMap:PersistentLevel' has LevelScriptBlueprint '/Game/Maps/PracticeMap.PracticeMap:PersistentLevel.PracticeMap' with GeneratedClass '/Game/Maps/PracticeMap.PracticeMap_C' with ClassGeneratedBy '/Game/Maps/PracticeMap.PracticeMap:PersistentLevel.PracticeMap'
[2016.10.17-08.41.37:740][319]LogBlueprintUserMessages: Late EndPlayMap Detection: Level '/Game/Maps/PracticeMap.PracticeMap:PersistentLevel' has LevelScriptBlueprint '/Game/Maps/PracticeMap.PracticeMap:PersistentLevel.PracticeMap' with GeneratedClass '/Game/Maps/PracticeMap.PracticeMap_C' with ClassGeneratedBy '/Game/Maps/PracticeMap.PracticeMap:PersistentLevel.PracticeMap'
[2016.10.17-08.41.38:692][358]LogBlueprintUserMessages: Early PlayInEditor Detection: Level '/Game/Maps/PracticeMap.PracticeMap:PersistentLevel' has LevelScriptBlueprint '/Game/Maps/PracticeMap.PracticeMap:PersistentLevel.PracticeMap' with GeneratedClass '/Game/Maps/PracticeMap.PracticeMap_C' with ClassGeneratedBy '/Game/Maps/PracticeMap.PracticeMap:PersistentLevel.PracticeMap'
[2016.10.17-08.41.38:692][358]LogPlayLevel: PlayLevel: No blueprints needed recompiling
[2016.10.17-08.41.38:692][358]PIE: New page: SIE session: PracticeMap (Oct 17, 2016, 2:41:38 PM)
[2016.10.17-08.41.38:692][358]LogPlayLevel: Creating play world package: /Game/Maps/UEDPIE_0_PracticeMap
[2016.10.17-08.41.38:794][358]LogPlayLevel: PIE: StaticDuplicateObject took: (0.101178s)
[2016.10.17-08.41.38:794][358]LogAIModule: Creating AISystem for world PracticeMap
[2016.10.17-08.41.38:795][358]LogPlayLevel: PIE: World Init took: (0.001083s)
[2016.10.17-08.41.38:795][358]LogPlayLevel: PIE: Created PIE world by copying editor world from /Game/Maps/PracticeMap.PracticeMap to /Game/Maps/UEDPIE_0_PracticeMap.PracticeMap (0.102937s)
[2016.10.17-08.41.38:817][358]LogInit: XAudio2 using 'Динамики (Устройство с поддержкой High Definition Audio)' : 2 channels at 44.1 kHz using 16 bits per sample (channel mask 0x3)
[2016.10.17-08.41.38:826][358]LogInit: FAudioDevice initialized.
[2016.10.17-08.41.38:860][358]LogWorld: Game class is 'PracticeProjectGameMode'
[2016.10.17-08.41.38:956][358]LogWorld: Bringing World /Game/Maps/UEDPIE_0_PracticeMap.PracticeMap up for play (max tick rate 60) at 2016.10.17-11.41.38
[2016.10.17-08.41.38:959][358]LogWorld: Bringing up level for play took: 0.098016
[2016.10.17-08.41.38:996][358]LogGameMode:Display: Match State Changed from EnteringMap to WaitingToStart
[2016.10.17-08.41.39:000][358]LogGameState: Match State Changed from EnteringMap to WaitingToStart
[2016.10.17-08.41.39:000][358]PIE: Info Play in editor start time for /Game/Maps/UEDPIE_0_PracticeMap 1.002
[2016.10.17-08.41.39:003][358]LogBlueprintUserMessages: Late PlayInEditor Detection: Level '/Game/Maps/PracticeMap.PracticeMap:PersistentLevel' has LevelScriptBlueprint '/Game/Maps/PracticeMap.PracticeMap:PersistentLevel.PracticeMap' with GeneratedClass '/Game/Maps/PracticeMap.PracticeMap_C' with ClassGeneratedBy '/Game/Maps/PracticeMap.PracticeMap:PersistentLevel.PracticeMap'
[2016.10.17-08.41.39:412][372]LogGameMode: GameMode returned ReadyToStartMatch
[2016.10.17-08.41.39:412][372]LogGameMode:Display: Match State Changed from WaitingToStart to InProgress
[2016.10.17-08.41.39:412][372]LogGameState: Match State Changed from WaitingToStart to InProgress
[2016.10.17-08.41.42:437][499]LogTemp:Warning: Instigated damage: 15.000000
[2016.10.17-08.41.42:946][518]LogTemp:Warning: Instigated damage: 100.000000
[2016.10.17-08.41.45:849][644]LogBlueprintUserMessages: Early EndPlayMap Detection: Level '/Game/Maps/PracticeMap.PracticeMap:PersistentLevel' has LevelScriptBlueprint '/Game/Maps/PracticeMap.PracticeMap:PersistentLevel.PracticeMap' with GeneratedClass '/Game/Maps/PracticeMap.PracticeMap_C' with ClassGeneratedBy '/Game/Maps/PracticeMap.PracticeMap:PersistentLevel.PracticeMap'
[2016.10.17-08.41.45:892][644]LogBlueprintUserMessages: Late EndPlayMap Detection: Level '/Game/Maps/PracticeMap.PracticeMap:PersistentLevel' has LevelScriptBlueprint '/Game/Maps/PracticeMap.PracticeMap:PersistentLevel.PracticeMap' with GeneratedClass '/Game/Maps/PracticeMap.PracticeMap_C' with ClassGeneratedBy '/Game/Maps/PracticeMap.PracticeMap:PersistentLevel.PracticeMap'
[2016.10.17-08.41.47:083][695]Cmd: OBJ SAVEPACKAGE PACKAGE="/Game/Maps/PracticeMap" FILE="../../../../../../Unreal Projects/PracticeProject v2 4.13/Content/Maps/PracticeMap.umap" SILENT=true AUTOSAVING=false KEEPDIRTY=false
[2016.10.17-08.41.48:237][695]LogSavePackage: Save=1115.76ms
[2016.10.17-08.41.48:237][695]LogSavePackage: Moving '../../../../../../Unreal Projects/PracticeProject v2 4.13/Saved/PracticeMapE901781B45501E6B2F46E4A04359BC9F.tmp' to '../../../../../../Unreal Projects/PracticeProject v2 4.13/Content/Maps/PracticeMap.umap'
[2016.10.17-08.41.48:239][695]LogSavePackage:Display: Finished SavePackage ../../../../../../Unreal Projects/PracticeProject v2 4.13/Content/Maps/PracticeMap.umap
[2016.10.17-08.42.06:161][579]LogHttp:Warning: 0000003D29C1DA80: request failed, libcurl error: 6 (Couldn't resolve host name)
[2016.10.17-08.42.06:161][579]LogHttp:Warning: 0000003D29C1DA80: libcurl info message cache 8 (Could not resolve host: datarouter.ol.epicgames.com)
[2016.10.17-08.42.06:161][579]LogHttp:Warning: 0000003D29C1DA80: libcurl info message cache 9 (Closing connection 6)
[2016.10.17-08.42.31:512][811]LogBlueprintUserMessages: Early PlayInEditor Detection: Level '/Game/Maps/PracticeMap.PracticeMap:PersistentLevel' has LevelScriptBlueprint '/Game/Maps/PracticeMap.PracticeMap:PersistentLevel.PracticeMap' with GeneratedClass '/Game/Maps/PracticeMap.PracticeMap_C' with ClassGeneratedBy '/Game/Maps/PracticeMap.PracticeMap:PersistentLevel.PracticeMap'
[2016.10.17-08.42.31:512][811]LogPlayLevel: PlayLevel: No blueprints needed recompiling
[2016.10.17-08.42.31:513][811]PIE: New page: SIE session: PracticeMap (Oct 17, 2016, 2:42:31 PM)
[2016.10.17-08.42.31:513][811]LogPlayLevel: Creating play world package: /Game/Maps/UEDPIE_0_PracticeMap
[2016.10.17-08.42.31:615][811]LogPlayLevel: PIE: StaticDuplicateObject took: (0.102793s)
[2016.10.17-08.42.31:616][811]LogAIModule: Creating AISystem for world PracticeMap
[2016.10.17-08.42.31:617][811]LogPlayLevel: PIE: World Init took: (0.001067s)
[2016.10.17-08.42.31:617][811]LogPlayLevel: PIE: Created PIE world by copying editor world from /Game/Maps/PracticeMap.PracticeMap to /Game/Maps/UEDPIE_0_PracticeMap.PracticeMap (0.104520s)
[2016.10.17-08.42.31:635][811]LogInit: XAudio2 using 'Динамики (Устройство с поддержкой High Definition Audio)' : 2 channels at 44.1 kHz using 16 bits per sample (channel mask 0x3)
[2016.10.17-08.42.31:644][811]LogInit: FAudioDevice initialized.
[2016.10.17-08.42.31:678][811]LogWorld: Game class is 'PracticeProjectGameMode'
[2016.10.17-08.42.31:776][811]LogWorld: Bringing World /Game/Maps/UEDPIE_0_PracticeMap.PracticeMap up for play (max tick rate 60) at 2016.10.17-11.42.31
[2016.10.17-08.42.31:779][811]LogWorld: Bringing up level for play took: 0.099881
[2016.10.17-08.42.31:816][811]LogGameMode:Display: Match State Changed from EnteringMap to WaitingToStart
[2016.10.17-08.42.31:820][811]LogGameState: Match State Changed from EnteringMap to WaitingToStart
[2016.10.17-08.42.31:820][811]PIE: Info Play in editor start time for /Game/Maps/UEDPIE_0_PracticeMap -0.178
[2016.10.17-08.42.31:823][811]LogBlueprintUserMessages: Late PlayInEditor Detection: Level '/Game/Maps/PracticeMap.PracticeMap:PersistentLevel' has LevelScriptBlueprint '/Game/Maps/PracticeMap.PracticeMap:PersistentLevel.PracticeMap' with GeneratedClass '/Game/Maps/PracticeMap.PracticeMap_C' with ClassGeneratedBy '/Game/Maps/PracticeMap.PracticeMap:PersistentLevel.PracticeMap'
[2016.10.17-08.42.33:552][856]LogGameMode: GameMode returned ReadyToStartMatch
[2016.10.17-08.42.33:552][856]LogGameMode:Display: Match State Changed from WaitingToStart to InProgress
[2016.10.17-08.42.33:552][856]LogGameState: Match State Changed from WaitingToStart to InProgress
[2016.10.17-08.42.35:235][919]LogTemp:Warning: Instigated damage: 5.000000
[2016.10.17-08.42.35:236][919]LogTemp:Warning: Instigated damage: 5.000000
[2016.10.17-08.42.38:330][ 35]LogTemp:Warning: Instigated damage: 5.000000
[2016.10.17-08.42.38:331][ 35]LogTemp:Warning: Instigated damage: 5.000000
[2016.10.17-08.42.39:913][ 91]LogTemp:Warning: Instigated damage: 100.000000
[2016.10.17-08.42.42:775][208]LogBlueprintUserMessages: Early EndPlayMap Detection: Level '/Game/Maps/PracticeMap.PracticeMap:PersistentLevel' has LevelScriptBlueprint '/Game/Maps/PracticeMap.PracticeMap:PersistentLevel.PracticeMap' with GeneratedClass '/Game/Maps/PracticeMap.PracticeMap_C' with ClassGeneratedBy '/Game/Maps/PracticeMap.PracticeMap:PersistentLevel.PracticeMap'
[2016.10.17-08.42.42:818][208]LogBlueprintUserMessages: Late EndPlayMap Detection: Level '/Game/Maps/PracticeMap.PracticeMap:PersistentLevel' has LevelScriptBlueprint '/Game/Maps/PracticeMap.PracticeMap:PersistentLevel.PracticeMap' with GeneratedClass '/Game/Maps/PracticeMap.PracticeMap_C' with ClassGeneratedBy '/Game/Maps/PracticeMap.PracticeMap:PersistentLevel.PracticeMap'
[2016.10.17-08.42.45:072][301]LogWindowsTextInputMethodSystem:Display: IME system now deactivated.
[2016.10.17-08.42.45:278][302]Cmd: QUIT_EDITOR
[2016.10.17-08.42.45:393][302]LogExit: Preparing to exit.
[2016.10.17-08.42.46:404][302]LogDirectoryWatcher: A directory notification for 'C:/Unreal Projects/PracticeProject v2 4.13/Content/' was aborted.
[2016.10.17-08.42.46:436][302]LogExit: Editor shut down
[2016.10.17-08.42.46:436][302]LogExit: Transaction tracking system shut down
[2016.10.17-08.42.46:611][302]LogObj: Freed 0b from 0 cluster array pools.
[2016.10.17-08.42.46:611][302]LogExit: Object subsystem successfully closed.
[2016.10.17-08.42.46:630][302]LogD3D11RHI: Shutdown
[2016.10.17-08.42.46:630][302]LogD3D11RHI: CleanupD3DDevice
[2016.10.17-08.42.46:753][302]LogD3D11RHI: ~FD3D11DynamicRHI
[2016.10.17-08.42.46:778][302]LogModuleManager: Shutting down and abandoning module MovieSceneCapture (235)
[2016.10.17-08.42.46:778][302]LogModuleManager: Shutting down and abandoning module HierarchicalLODOutliner (234)
[2016.10.17-08.42.46:778][302]LogModuleManager: Shutting down and abandoning module CrashTracker (233)
[2016.10.17-08.42.46:778][302]LogModuleManager: Shutting down and abandoning module SceneOutliner (232)
[2016.10.17-08.42.46:778][302]LogModuleManager: Shutting down and abandoning module WidgetCarousel (231)
[2016.10.17-08.42.46:778][302]LogModuleManager: Shutting down and abandoning module AddContentDialog (230)
[2016.10.17-08.42.46:778][302]LogDirectoryWatcher: A directory notification for 'C:/Program Files (x86)/Epic Games/4.13/FeaturePacks/' was aborted.
[2016.10.17-08.42.46:779][302]LogModuleManager: Shutting down and abandoning module GameplayTags (229)
[2016.10.17-08.42.46:779][302]LogModuleManager: Shutting down and abandoning module EditorWidgets (228)
[2016.10.17-08.42.46:779][302]LogModuleManager: Shutting down and abandoning module CollectionManager (227)
[2016.10.17-08.42.46:780][302]LogDirectoryWatcher: A directory notification for 'C:/Unreal Projects/PracticeProject v2 4.13/Content/Collections/' was aborted.
[2016.10.17-08.42.46:780][302]LogDirectoryWatcher: A directory notification for 'C:/Unreal Projects/PracticeProject v2 4.13/Content/Developers/Петр/Collections/' was aborted.
[2016.10.17-08.42.46:780][302]LogDirectoryWatcher: A directory notification for 'C:/Unreal Projects/PracticeProject v2 4.13/Saved/Collections/' was aborted.
[2016.10.17-08.42.46:780][302]LogModuleManager: Shutting down and abandoning module StatsViewer (226)
[2016.10.17-08.42.46:780][302]LogModuleManager: Shutting down and abandoning module FoliageEdit (225)
[2016.10.17-08.42.46:780][302]LogModuleManager: Shutting down and abandoning module LandscapeEditor (224)
[2016.10.17-08.42.46:780][302]LogModuleManager: Shutting down and abandoning module SceneDepthPickerMode (223)
[2016.10.17-08.42.46:780][302]LogModuleManager: Shutting down and abandoning module ActorPickerMode (222)
[2016.10.17-08.42.46:780][302]LogModuleManager: Shutting down and abandoning module GeometryMode (221)
[2016.10.17-08.42.46:780][302]LogModuleManager: Shutting down and abandoning module TextureAlignMode (220)
[2016.10.17-08.42.46:780][302]LogModuleManager: Shutting down and abandoning module BspMode (219)
[2016.10.17-08.42.46:780][302]LogModuleManager: Shutting down and abandoning module HardwareSurvey (218)
[2016.10.17-08.42.46:780][302]LogModuleManager: Shutting down and abandoning module SequenceRecorderSections (217)
[2016.10.17-08.42.46:780][302]LogModuleManager: Shutting down and abandoning module SequenceRecorder (216)
[2016.10.17-08.42.46:780][302]LogModuleManager: Shutting down and abandoning module AutomationWorker (215)
[2016.10.17-08.42.46:780][302]LogModuleManager: Shutting down and abandoning module MatineeToLevelSequence (214)
[2016.10.17-08.42.46:780][302]LogModuleManager: Shutting down and abandoning module PlacementMode (213)
[2016.10.17-08.42.46:780][302]LogModuleManager: Shutting down and abandoning module LevelSequenceEditor (212)
[2016.10.17-08.42.46:781][302]LogModuleManager: Shutting down and abandoning module WmfMediaFactory (211)
[2016.10.17-08.42.46:781][302]LogModuleManager: Shutting down and abandoning module WmfMediaEditor (210)
[2016.10.17-08.42.46:781][302]LogModuleManager: Shutting down and abandoning module AvfMediaFactory (209)
[2016.10.17-08.42.46:781][302]LogModuleManager: Shutting down and abandoning module AvfMediaEditor (208)
[2016.10.17-08.42.46:781][302]LogModuleManager: Shutting down and abandoning module Media (207)
[2016.10.17-08.42.46:781][302]LogModuleManager: Shutting down and abandoning module AndroidMediaFactory (206)
[2016.10.17-08.42.46:781][302]LogModuleManager: Shutting down and abandoning module AndroidMediaEditor (205)
[2016.10.17-08.42.46:781][302]LogModuleManager: Shutting down and abandoning module CharacterAI (204)
[2016.10.17-08.42.46:781][302]LogModuleManager: Shutting down and abandoning module SmartSnapping (203)
[2016.10.17-08.42.46:781][302]LogModuleManager: Shutting down and abandoning module SessionServices (202)
[2016.10.17-08.42.46:781][302]LogModuleManager: Shutting down and abandoning module ViewportSnapping (201)
[2016.10.17-08.42.46:781][302]LogModuleManager: Shutting down and abandoning module ViewportInteraction (200)
[2016.10.17-08.42.46:781][302]LogModuleManager: Shutting down and abandoning module LogVisualizer (199)
[2016.10.17-08.42.46:781][302]LogModuleManager: Shutting down and abandoning module GameProjectGeneration (198)
[2016.10.17-08.42.46:781][302]LogModuleManager: Shutting down and abandoning module IntroTutorials (197)
[2016.10.17-08.42.46:781][302]LogModuleManager: Shutting down and abandoning module EditorLiveStreaming (196)
[2016.10.17-08.42.46:781][302]LogModuleManager: Shutting down and abandoning module IOSPlatformEditor (195)
[2016.10.17-08.42.46:781][302]LogModuleManager: Shutting down and abandoning module HTML5PlatformEditor (194)
[2016.10.17-08.42.46:781][302]LogModuleManager: Shutting down and abandoning module AndroidDeviceDetection (193)
[2016.10.17-08.42.47:157][302]LogModuleManager: Shutting down and abandoning module AndroidPlatformEditor (192)
[2016.10.17-08.42.47:157][302]LogModuleManager: Shutting down and abandoning module IOSRuntimeSettings (191)
[2016.10.17-08.42.47:157][302]LogModuleManager: Shutting down and abandoning module AndroidRuntimeSettings (190)
[2016.10.17-08.42.47:157][302]LogModuleManager: Shutting down and abandoning module NiagaraEditor (189)
[2016.10.17-08.42.47:157][302]LogModuleManager: Shutting down and abandoning module MergeActors (188)
[2016.10.17-08.42.47:158][302]LogModuleManager: Shutting down and abandoning module SizeMap (187)
[2016.10.17-08.42.47:158][302]LogModuleManager: Shutting down and abandoning module TreeMap (186)
[2016.10.17-08.42.47:158][302]LogModuleManager: Shutting down and abandoning module ReferenceViewer (185)
[2016.10.17-08.42.47:158][302]LogModuleManager: Shutting down and abandoning module LocalizationService (184)
[2016.10.17-08.42.47:158][302]LogModuleManager: Shutting down and abandoning module LocalizationDashboard (183)
[2016.10.17-08.42.47:158][302]LogModuleManager: Shutting down and abandoning module HardwareTargeting (182)
[2016.10.17-08.42.47:158][302]LogModuleManager: Shutting down and abandoning module DeviceProfileEditor (181)
[2016.10.17-08.42.47:158][302]LogModuleManager: Shutting down and abandoning module UndoHistory (180)
[2016.10.17-08.42.47:158][302]LogModuleManager: Shutting down and abandoning module UserFeedback (179)
[2016.10.17-08.42.47:158][302]LogModuleManager: Shutting down and abandoning module XmlParser (178)
[2016.10.17-08.42.47:158][302]LogModuleManager: Shutting down and abandoning module Blutility (177)
[2016.10.17-08.42.47:158][302]LogModuleManager: Shutting down and abandoning module ProjectTargetPlatformEditor (176)
[2016.10.17-08.42.47:158][302]LogModuleManager: Shutting down and abandoning module ProjectSettingsViewer (175)
[2016.10.17-08.42.47:158][302]LogModuleManager: Shutting down and abandoning module InputBindingEditor (174)
[2016.10.17-08.42.47:158][302]LogModuleManager: Shutting down and abandoning module EditorSettingsViewer (173)
[2016.10.17-08.42.47:158][302]LogModuleManager: Shutting down and abandoning module SettingsEditor (172)
[2016.10.17-08.42.47:158][302]LogModuleManager: Shutting down and abandoning module ProjectLauncher (171)
[2016.10.17-08.42.47:158][302]LogModuleManager: Shutting down and abandoning module SessionFrontend (170)
[2016.10.17-08.42.47:158][302]LogModuleManager: Shutting down and abandoning module ProfilerClient (169)
[2016.10.17-08.42.47:158][302]LogModuleManager: Shutting down and abandoning module TargetDeviceServices (168)
[2016.10.17-08.42.47:158][302]LogModuleManager: Shutting down and abandoning module DeviceManager (167)
[2016.10.17-08.42.47:202][302]LogModuleManager: Shutting down and abandoning module AutomationController (166)
[2016.10.17-08.42.47:202][302]LogModuleManager: Shutting down and abandoning module AutomationWindow (165)
[2016.10.17-08.42.47:202][302]LogModuleManager: Shutting down and abandoning module Layers (164)
[2016.10.17-08.42.47:202][302]LogModuleManager: Shutting down and abandoning module ComponentVisualizers (163)
[2016.10.17-08.42.47:202][302]LogModuleManager: Shutting down and abandoning module DetailCustomizations (162)
[2016.10.17-08.42.47:202][302]LogModuleManager: Shutting down and abandoning module PackagesDialog (161)
[2016.10.17-08.42.47:202][302]LogModuleManager: Shutting down and abandoning module AnimGraph (160)
[2016.10.17-08.42.47:202][302]LogModuleManager: Shutting down and abandoning module Persona (159)
[2016.10.17-08.42.47:202][302]LogModuleManager: Shutting down and abandoning module Kismet (158)
[2016.10.17-08.42.47:203][302]LogModuleManager: Shutting down and abandoning module GraphEditor (157)
[2016.10.17-08.42.47:203][302]LogModuleManager: Shutting down and abandoning module ClassViewer (156)
[2016.10.17-08.42.47:203][302]LogModuleManager: Shutting down and abandoning module Toolbox (155)
[2016.10.17-08.42.47:203][302]LogModuleManager: Shutting down and abandoning module ModuleUI (154)
[2016.10.17-08.42.47:203][302]LogModuleManager: Shutting down and abandoning module MovieSceneTools (153)
[2016.10.17-08.42.47:203][302]LogModuleManager: Shutting down and abandoning module OutputLog (152)
[2016.10.17-08.42.47:203][302]LogModuleManager: Shutting down and abandoning module GammaUI (151)
[2016.10.17-08.42.47:203][302]LogModuleManager: Shutting down and abandoning module Documentation (150)
[2016.10.17-08.42.47:203][302]LogModuleManager: Shutting down and abandoning module Niagara (149)
[2016.10.17-08.42.47:203][302]LogModuleManager: Shutting down and abandoning module StreamingPauseRendering (148)
[2016.10.17-08.42.47:203][302]LogModuleManager: Shutting down and abandoning module AnalyticsET (147)
[2016.10.17-08.42.47:203][302]LogModuleManager: Shutting down and abandoning module PortalServices (146)
[2016.10.17-08.42.47:203][302]LogModuleManager: Shutting down and abandoning module PortalRpc (145)
[2016.10.17-08.42.47:203][302]LogModuleManager: Shutting down and abandoning module MessagingRpc (144)
[2016.10.17-08.42.47:203][302]LogModuleManager: Shutting down and abandoning module GameplayDebugger (143)
[2016.10.17-08.42.47:203][302]LogModuleManager: Shutting down and abandoning module AITestSuite (142)
[2016.10.17-08.42.47:203][302]LogModuleManager: Shutting down and abandoning module AIModule (141)
[2016.10.17-08.42.47:203][302]LogModuleManager: Shutting down and abandoning module ProfilerService (140)
[2016.10.17-08.42.47:206][302]LogModuleManager: Shutting down and abandoning module TaskGraph (139)
[2016.10.17-08.42.47:206][302]LogModuleManager: Shutting down and abandoning module SlateRemote (138)
[2016.10.17-08.42.47:206][302]LogModuleManager: Shutting down and abandoning module SteamVRController (137)
[2016.10.17-08.42.47:206][302]LogModuleManager: Shutting down and abandoning module SteamVR (136)
[2016.10.17-08.42.47:206][302]LogModuleManager: Shutting down and abandoning module ProceduralMeshComponentEditor (135)
[2016.10.17-08.42.47:206][302]LogModuleManager: Shutting down and abandoning module ProceduralMeshComponent (134)
[2016.10.17-08.42.47:206][302]LogModuleManager: Shutting down and abandoning module OculusLibrary (133)
[2016.10.17-08.42.47:206][302]LogModuleManager: Shutting down and abandoning module OculusInput (132)
[2016.10.17-08.42.47:207][302]LogModuleManager: Shutting down and abandoning module CustomMeshComponent (131)
[2016.10.17-08.42.47:207][302]LogModuleManager: Shutting down and abandoning module CableComponent (130)
[2016.10.17-08.42.47:207][302]LogModuleManager: Shutting down and abandoning module ArchVisCharacter (129)
[2016.10.17-08.42.47:207][302]LogModuleManager: Shutting down and abandoning module MediaPlayerEditor (127)
[2016.10.17-08.42.47:207][302]LogModuleManager: Shutting down and abandoning module HTML5Networking (126)
[2016.10.17-08.42.47:207][302]LogModuleManager: Shutting down and abandoning module GeometryCacheEd (125)
[2016.10.17-08.42.47:207][302]LogModuleManager: Shutting down and abandoning module GeometryCache (124)
[2016.10.17-08.42.47:207][302]LogModuleManager: Shutting down and abandoning module AlembicLibrary (123)
[2016.10.17-08.42.47:207][302]LogModuleManager: Shutting down and abandoning module AlembicImporter (122)
[2016.10.17-08.42.47:207][302]LogModuleManager: Shutting down and abandoning module SuperSearch (121)
[2016.10.17-08.42.47:207][302]LogModuleManager: Shutting down and abandoning module SuperSearchEditor (120)
[2016.10.17-08.42.47:207][302]LogModuleManager: Shutting down and abandoning module SpeedTreeImporter (119)
[2016.10.17-08.42.47:207][302]LogModuleManager: Shutting down and abandoning module PluginBrowser (118)
[2016.10.17-08.42.47:207][302]LogModuleManager: Shutting down and abandoning module MobileLauncherProfileWizard (117)
[2016.10.17-08.42.47:207][302]LogModuleManager: Shutting down and abandoning module EpicSurvey (116)
[2016.10.17-08.42.47:207][302]LogModuleManager: Shutting down and abandoning module DesktopPlatform (115)
[2016.10.17-08.42.47:207][302]LogModuleManager: Shutting down and abandoning module VisualStudioSourceCodeAccess (114)
[2016.10.17-08.42.47:207][302]LogModuleManager: Shutting down and abandoning module UObjectPlugin (113)
[2016.10.17-08.42.47:207][302]LogModuleManager: Shutting down and abandoning module SubversionSourceControl (112)
[2016.10.17-08.42.47:207][302]LogModuleManager: Shutting down and abandoning module PerforceSourceControl (111)
[2016.10.17-08.42.47:207][302]LogModuleManager: Shutting down and abandoning module SourceControl (110)
[2016.10.17-08.42.47:207][302]LogModuleManager: Shutting down and abandoning module GitSourceControl (109)
[2016.10.17-08.42.47:207][302]LogModuleManager: Shutting down and abandoning module LightPropagationVolumeEditor (108)
[2016.10.17-08.42.47:207][302]LogModuleManager: Shutting down and abandoning module PaperTiledImporter (107)
[2016.10.17-08.42.47:207][302]LogModuleManager: Shutting down and abandoning module PaperSpriteSheetImporter (106)
[2016.10.17-08.42.47:207][302]LogModuleManager: Shutting down and abandoning module MeshPaint (105)
[2016.10.17-08.42.47:207][302]LogModuleManager: Shutting down and abandoning module FbxAutomationBuilderModule (104)
[2016.10.17-08.42.47:207][302]LogModuleManager: Shutting down and abandoning module PixelInspectorModule (103)
[2016.10.17-08.42.47:207][302]LogModuleManager: Shutting down and abandoning module HotReload (102)
[2016.10.17-08.42.47:207][302]LogDirectoryWatcher: A directory notification for 'C:/Unreal Projects/PracticeProject v2 4.13/Binaries/Win64' was aborted.
[2016.10.17-08.42.47:208][302]LogModuleManager: Shutting down and abandoning module MainFrame (101)
[2016.10.17-08.42.47:208][302]LogModuleManager: Shutting down and abandoning module LevelEditor (100)
[2016.10.17-08.42.47:209][302]LogModuleManager: Shutting down and abandoning module ContentBrowser (99)
[2016.10.17-08.42.47:210][302]LogModuleManager: Shutting down and abandoning module Paper2DEditor (98)
[2016.10.17-08.42.47:210][302]LogModuleManager: Shutting down and abandoning module PracticeProject (97)
[2016.10.17-08.42.47:210][302]LogModuleManager: Shutting down and abandoning module UdpMessaging (96)
[2016.10.17-08.42.47:311][302]LogModuleManager: Shutting down and abandoning module TcpMessaging (95)
[2016.10.17-08.42.47:412][302]LogModuleManager: Shutting down and abandoning module LightPropagationVolumeRuntime (94)
[2016.10.17-08.42.47:412][302]LogModuleManager: Shutting down and abandoning module Paper2D (93)
[2016.10.17-08.42.47:412][302]LogModuleManager: Shutting down and abandoning module WindowsMoviePlayer (92)
[2016.10.17-08.42.47:412][302]LogModuleManager: Shutting down and abandoning module WmfMedia (91)
[2016.10.17-08.42.47:412][302]LogModuleManager: Shutting down and abandoning module MediaAssets (90)
[2016.10.17-08.42.47:412][302]LogModuleManager: Shutting down and abandoning module GameLiveStreaming (89)
[2016.10.17-08.42.47:412][302]LogModuleManager: Shutting down and abandoning module GameplayTagsEditor (88)
[2016.10.17-08.42.47:412][302]LogModuleManager: Shutting down and abandoning module VREditor (87)
[2016.10.17-08.42.47:412][302]LogModuleManager: Shutting down and abandoning module GameplayTasksEditor (86)
[2016.10.17-08.42.47:412][302]LogModuleManager: Shutting down and abandoning module PropertyEditor (85)
[2016.10.17-08.42.47:412][302]LogModuleManager: Shutting down and abandoning module BehaviorTreeEditor (84)
[2016.10.17-08.42.47:412][302]LogModuleManager: Shutting down and abandoning module FunctionalTesting (83)
[2016.10.17-08.42.47:412][302]LogModuleManager: Shutting down and abandoning module CollisionAnalyzer (82)
[2016.10.17-08.42.47:412][302]LogModuleManager: Shutting down and abandoning module Sequencer (81)
[2016.10.17-08.42.47:412][302]LogModuleManager: Shutting down and abandoning module WorkspaceMenuStructure (80)
[2016.10.17-08.42.47:412][302]LogModuleManager: Shutting down and abandoning module MessageLog (79)
[2016.10.17-08.42.47:412][302]LogModuleManager: Shutting down and abandoning module AssetTools (78)
[2016.10.17-08.42.47:412][302]LogModuleManager: Shutting down and abandoning module UMGEditor (77)
[2016.10.17-08.42.47:412][302]LogModuleManager: Shutting down and abandoning module UMG (76)
[2016.10.17-08.42.47:412][302]LogModuleManager: Shutting down and abandoning module SlateReflector (75)
[2016.10.17-08.42.47:413][302]LogModuleManager: Shutting down and abandoning module Slate (74)
[2016.10.17-08.42.47:413][302]LogModuleManager: Shutting down and abandoning module EditorStyle (73)
[2016.10.17-08.42.47:417][302]LogModuleManager: Shutting down and abandoning module SourceCodeAccess (72)
[2016.10.17-08.42.47:417][302]LogModuleManager: Shutting down and abandoning module HeadMountedDisplay (71)
[2016.10.17-08.42.47:417][302]LogModuleManager: Shutting down and abandoning module XAudio2 (70)
[2016.10.17-08.42.47:417][302]LogModuleManager: Shutting down and abandoning module Networking (68)
[2016.10.17-08.42.47:417][302]LogModuleManager: Shutting down and abandoning module Core (67)
[2016.10.17-08.42.47:417][302]LogModuleManager: Shutting down and abandoning module DirectoryWatcher (66)
[2016.10.17-08.42.47:418][302]LogDirectoryWatcher: A directory notification for '../../../Engine/Content/' was aborted.
[2016.10.17-08.42.47:418][302]LogDirectoryWatcher: A directory notification for '../../../../../../Unreal Projects/PracticeProject v2 4.13/Content/' was aborted.
[2016.10.17-08.42.47:418][302]LogDirectoryWatcher: A directory notification for '../../../Engine/Plugins/2D/Paper2D/Content/' was aborted.
[2016.10.17-08.42.47:419][302]LogModuleManager: Shutting down and abandoning module AssetRegistry (65)
[2016.10.17-08.42.47:624][302]LogModuleManager: Shutting down and abandoning module KismetCompiler (64)
[2016.10.17-08.42.47:624][302]LogModuleManager: Shutting down and abandoning module PhysXFormats (63)
[2016.10.17-08.42.47:624][302]LogModuleManager: Shutting down and abandoning module MeshUtilities (62)
[2016.10.17-08.42.47:624][302]LogModuleManager: Shutting down and abandoning module DerivedDataCache (61)
[2016.10.17-08.42.47:667][302]LogDerivedDataCache: Shutdown
[2016.10.17-08.42.47:667][302]LogModuleManager: Shutting down and abandoning module VulkanShaderFormat (60)
[2016.10.17-08.42.47:667][302]LogModuleManager: Shutting down and abandoning module ShaderFormatOpenGL (59)
[2016.10.17-08.42.47:667][302]LogModuleManager: Shutting down and abandoning module ShaderFormatD3D (58)
[2016.10.17-08.42.47:667][302]LogModuleManager: Shutting down and abandoning module MetalShaderFormat (57)
[2016.10.17-08.42.47:667][302]LogModuleManager: Shutting down and abandoning module TextureFormatUncompressed (56)
[2016.10.17-08.42.47:667][302]LogModuleManager: Shutting down and abandoning module TextureFormatPVR (55)
[2016.10.17-08.42.47:667][302]LogModuleManager: Shutting down and abandoning module TextureFormatDXT (54)
[2016.10.17-08.42.47:667][302]LogModuleManager: Shutting down and abandoning module TextureFormatIntelISPCTexComp (53)
[2016.10.17-08.42.47:668][302]LogModuleManager: Shutting down and abandoning module ImageWrapper (52)
[2016.10.17-08.42.47:668][302]LogModuleManager: Shutting down and abandoning module TextureFormatASTC (51)
[2016.10.17-08.42.47:668][302]LogModuleManager: Shutting down and abandoning module TextureFormatAndroid (50)
[2016.10.17-08.42.47:668][302]LogModuleManager: Shutting down and abandoning module AudioFormatOpus (49)
[2016.10.17-08.42.47:668][302]LogModuleManager: Shutting down and abandoning module AudioFormatOgg (48)
[2016.10.17-08.42.47:668][302]LogModuleManager: Shutting down and abandoning module AudioFormatADPCM (47)
[2016.10.17-08.42.47:668][302]LogModuleManager: Shutting down and abandoning module LinuxTargetPlatform (46)
[2016.10.17-08.42.47:668][302]LogModuleManager: Shutting down and abandoning module LinuxServerTargetPlatform (45)
[2016.10.17-08.42.47:668][302]LogModuleManager: Shutting down and abandoning module LinuxNoEditorTargetPlatform (44)
[2016.10.17-08.42.47:668][302]LogModuleManager: Shutting down and abandoning module LinuxClientTargetPlatform (43)
[2016.10.17-08.42.47:668][302]LogModuleManager: Shutting down and abandoning module TVOSTargetPlatform (42)
[2016.10.17-08.42.47:668][302]LogModuleManager: Shutting down and abandoning module Messaging (41)
[2016.10.17-08.42.47:668][302]LogModuleManager: Shutting down and abandoning module IOSTargetPlatform (40)
[2016.10.17-08.42.47:668][302]LogModuleManager: Shutting down and abandoning module HTML5TargetPlatform (39)
[2016.10.17-08.42.47:668][302]LogModuleManager: Shutting down and abandoning module Android_PVRTCTargetPlatform (38)
[2016.10.17-08.42.47:668][302]LogModuleManager: Shutting down and abandoning module Android_MultiTargetPlatform (37)
[2016.10.17-08.42.47:668][302]LogModuleManager: Shutting down and abandoning module Android_ETC2TargetPlatform (36)
[2016.10.17-08.42.47:668][302]LogModuleManager: Shutting down and abandoning module Android_ETC1TargetPlatform (35)
[2016.10.17-08.42.47:668][302]LogModuleManager: Shutting down and abandoning module Android_DXTTargetPlatform (34)
[2016.10.17-08.42.47:668][302]LogModuleManager: Shutting down and abandoning module Android_ATCTargetPlatform (33)
[2016.10.17-08.42.47:668][302]LogModuleManager: Shutting down and abandoning module Android_ASTCTargetPlatform (32)
[2016.10.17-08.42.47:668][302]LogModuleManager: Shutting down and abandoning module AndroidTargetPlatform (31)
[2016.10.17-08.42.47:668][302]LogModuleManager: Shutting down and abandoning module WindowsTargetPlatform (30)
[2016.10.17-08.42.47:668][302]LogModuleManager: Shutting down and abandoning module WindowsServerTargetPlatform (29)
[2016.10.17-08.42.47:668][302]LogModuleManager: Shutting down and abandoning module WindowsNoEditorTargetPlatform (28)
[2016.10.17-08.42.47:669][302]LogModuleManager: Shutting down and abandoning module WindowsClientTargetPlatform (27)
[2016.10.17-08.42.47:669][302]LogModuleManager: Shutting down and abandoning module AllDesktopTargetPlatform (26)
[2016.10.17-08.42.47:669][302]LogModuleManager: Shutting down and abandoning module TargetPlatform (25)
[2016.10.17-08.42.47:669][302]LogModuleManager: Shutting down and abandoning module InputCore (24)
[2016.10.17-08.42.47:669][302]LogModuleManager: Shutting down and abandoning module Settings (23)
[2016.10.17-08.42.47:669][302]LogModuleManager: Shutting down and abandoning module OculusRift (22)
[2016.10.17-08.42.47:669][302]LogModuleManager: Shutting down and abandoning module GearVR (21)
[2016.10.17-08.42.47:669][302]LogModuleManager: Shutting down and abandoning module ExampleDeviceProfileSelector (20)
[2016.10.17-08.42.47:669][302]LogModuleManager: Shutting down and abandoning module OnlineBlueprintSupport (19)
[2016.10.17-08.42.47:669][302]LogModuleManager: Shutting down and abandoning module OnlineSubsystem (17)
[2016.10.17-08.42.47:669][302]LogOnline:Display: Unloading online subsystem: NULL
[2016.10.17-08.42.47:669][302]LogModuleManager: Shutting down and abandoning module HTTP (16)
[2016.10.17-08.42.47:669][302]LogHttp:Display: Http module shutting down, but needs to wait on 1 outstanding Http requests:
[2016.10.17-08.42.47:669][302]LogHttp:Display: 	verb=[POST] url=[https://datarouter.ol.epicgames.com/datarouter/api/v1/public/data?SessionID=%7BFA6F2FA7-4CAD-CFE0-2EF0-31A8CC6ACF0A%7D&AppID=UEEditor.Rocket.Release&AppVersion=4.13.1-3142249%2B%2B%2BUE4%2BRelease-4.13&UserID=8f4deef9407e4864fe02bcba3a5795b0%7C5efbdf2c284d46d28e8fae094d82148c%7Ca98b8c2e-f6a7-4d78-b4eb-d15a984e6e3a&AppEnvironment=datacollector-binary&UploadType=eteventstream] status=Processing
[2016.10.17-08.42.47:669][302]LogHttp:Warning: 0000003D253AD000: request failed, libcurl error: 6 (Couldn't resolve host name)
[2016.10.17-08.42.47:669][302]LogHttp:Warning: 0000003D253AD000: libcurl info message cache 8 (Could not resolve host: datarouter.ol.epicgames.com)
[2016.10.17-08.42.47:669][302]LogHttp:Warning: 0000003D253AD000: libcurl info message cache 9 (Closing connection 7)
[2016.10.17-08.42.47:696][302]LogModuleManager: Shutting down and abandoning module XMPP (15)
[2016.10.17-08.42.47:696][302]LogModuleManager: Shutting down and abandoning module TextureCompressor (14)
[2016.10.17-08.42.47:697][302]LogModuleManager: Shutting down and abandoning module ShaderCore (13)
[2016.10.17-08.42.47:697][302]LogModuleManager: Shutting down and abandoning module Landscape (12)
[2016.10.17-08.42.47:697][302]LogModuleManager: Shutting down and abandoning module SlateRHIRenderer (11)
[2016.10.17-08.42.47:697][302]LogModuleManager: Shutting down and abandoning module OpenGLDrv (10)
[2016.10.17-08.42.47:698][302]LogModuleManager: Shutting down and abandoning module D3D11RHI (9)
[2016.10.17-08.42.47:698][302]LogModuleManager: Shutting down and abandoning module AnimGraphRuntime (8)
[2016.10.17-08.42.47:698][302]LogModuleManager: Shutting down and abandoning module Renderer (7)
[2016.10.17-08.42.47:698][302]LogModuleManager: Shutting down and abandoning module Engine (6)
[2016.10.17-08.42.47:698][302]LogModuleManager: Shutting down and abandoning module CoreUObject (5)
[2016.10.17-08.42.47:698][302]LogModuleManager: Shutting down and abandoning module NetworkFile (4)
[2016.10.17-08.42.47:698][302]LogModuleManager: Shutting down and abandoning module StreamingFile (3)
[2016.10.17-08.42.47:698][302]LogModuleManager: Shutting down and abandoning module SandboxFile (2)
[2016.10.17-08.42.47:698][302]LogModuleManager: Shutting down and abandoning module PakFile (1)
[2016.10.17-08.42.47:700][302]LogExit: Exiting.
[2016.10.17-08.42.47:702][302]Log file closed, 10/17/16 11:42:47
