"../../../Engine/Content/EditorResources/S_Actor.uasset" 0
"../../../Engine/Content/EngineResources/AICON-Red.uasset" 1
"../../../Engine/Content/EngineResources/AICON-Green.uasset" 2
"../../../Engine/Content/EngineFonts/Roboto.uasset" 3
"../../../Engine/Content/Functions/Engine_MaterialFunctions01/Shading/PowerToRoughness.uasset" 4
"../../../Engine/Content/Functions/Engine_MaterialFunctions01/Shading/ConvertFromDiffSpec.uasset" 5
"../../../Engine/Content/EngineMaterials/DefaultDiffuse.uasset" 6
"../../../Engine/Content/EngineMaterials/DefaultDeferredDecalMaterial.uasset" 7
"../../../Engine/Content/EngineMaterials/DefaultLightFunctionMaterial.uasset" 8
"../../../Engine/Content/Functions/Engine_MaterialFunctions02/Utility/BreakOutFloat2Components.uasset" 9
"../../../Engine/Content/EngineMaterials/DefaultPostProcessMaterial.uasset" 10
"../../../Engine/Content/EngineResources/DefaultTexture.uasset" 11
"../../../Engine/Content/Functions/Engine_MaterialFunctions01/Texturing/ScaleUVsByCenter.uasset" 12
"../../../Engine/Content/Functions/Engine_MaterialFunctions02/ScreenResolution.uasset" 13
"../../../Engine/Content/Functions/Engine_MaterialFunctions02/Texturing/ScreenAlignedUVs.uasset" 14
"../../../Engine/Content/EngineResources/WhiteSquareTexture.uasset" 15
"../../../Engine/Content/EngineMaterials/Widget3DPassThrough.uasset" 16
"../../../Engine/Content/EngineMaterials/Widget3DPassThrough_Translucent.uasset" 17
"../../../Engine/Content/EngineMaterials/Widget3DPassThrough_Translucent_OneSided.uasset" 18
"../../../Engine/Content/EngineMaterials/Widget3DPassThrough_Opaque.uasset" 19
"../../../Engine/Content/EngineMaterials/Widget3DPassThrough_Opaque_OneSided.uasset" 20
"../../../Engine/Content/EngineMaterials/Widget3DPassThrough_Masked.uasset" 21
"../../../Engine/Content/EngineMaterials/Widget3DPassThrough_Masked_OneSided.uasset" 22
"../../../Engine/Content/Maps/Templates/Thumbnails/Default.uasset" 23
"../../../Engine/Content/Maps/Templates/Thumbnails/VR-Basic.uasset" 24
"../../../Engine/Content/EditorMaterials/ParticleSystems/PSysThumbnail_NoImage.uasset" 25
"../../../Engine/Content/EditorMaterials/ParticleSystems/PSysThumbnail_OOD.uasset" 26
"../../../Engine/Content/EditorLandscapeResources/DataLayer.uasset" 27
"../../../Engine/Content/EngineDamageTypes/DmgTypeBP_Environmental.uasset" 28
"../../../Engine/Content/EngineMeshes/Sphere.uasset" 29
"../../../Engine/Content/EngineFonts/RobotoDistanceField.uasset" 30
"../../../Engine/Content/EngineMaterials/DefaultTextMaterialOpaque.uasset" 31
"../../../Engine/Content/EditorResources/S_Trigger.uasset" 32
"../../../Engine/Content/EngineResources/GradientTexture0.uasset" 33
"../../../Engine/Content/EngineResources/Black.uasset" 34
"../../../Engine/Content/EditorMaterials/MatineeGroups/MAT_Groups_Float.uasset" 35
"../../../Engine/Content/EditorMaterials/MatineeGroups/MAT_Groups_Director.uasset" 36
"../../../Engine/Content/EditorMaterials/MatineeGroups/MAT_Groups_Event.uasset" 37
"../../../Engine/Content/EditorMaterials/MatineeGroups/MAT_Groups_Anim.uasset" 38
"../../../Engine/Content/EditorMaterials/MatineeGroups/MAT_Groups_Fade.uasset" 39
"../../../Engine/Content/EditorMaterials/MatineeGroups/MAT_Groups_Move.uasset" 40
"../../../Engine/Content/EditorMaterials/MatineeGroups/MAT_Groups_Slomo.uasset" 41
"../../../Engine/Content/EditorMaterials/MatineeGroups/MAT_ColorTrack.uasset" 42
"../../../Engine/Content/EditorMaterials/MAT_Groups_Toggle.uasset" 43
"../../../Engine/Content/EditorMaterials/MatineeGroups/MAT_Groups_AudioMaster.uasset" 44
"../../../Engine/Content/EditorMaterials/MatineeGroups/MAT_Groups_Sound.uasset" 45
"../../../Engine/Content/EditorMaterials/MatineeGroups/MAT_Groups_Vector.uasset" 46
"../../../Engine/Content/EditorMaterials/MAT_Groups_Visibility.uasset" 47
"../../../Engine/Content/EngineResources/DefaultTextureCube.uasset" 48
"../../../Engine/Content/Functions/Engine_MaterialFunctions01/Opacity/CameraDepthFade.uasset" 49
"../../../Engine/Content/EngineMaterials/T_Default_Material_Grid_M.uasset" 50
"../../../Engine/Content/EngineMaterials/T_Default_Material_Grid_N.uasset" 51
"../../../Engine/Content/EngineMaterials/DefaultMaterial.uasset" 52
"../../../Engine/Content/EngineMeshes/Cylinder.uasset" 53
"../../../Engine/Content/EngineTireTypes/DefaultTireType.uasset" 54
"../../../Engine/Content/EditorMaterials/Camera/CineMat.uasset" 55
"../../../Engine/Content/EditorMaterials/Camera/MI_CineMat_Rig.uasset" 56
"../../../Engine/Content/EditorMeshes/Camera/SM_CraneRig_Base.uasset" 57
"../../../Engine/Content/EditorMeshes/Camera/SM_CraneRig_Arm.uasset" 58
"../../../Engine/Content/EditorMeshes/Camera/SM_CraneRig_Mount.uasset" 59
"../../../Engine/Content/EditorMeshes/Camera/SM_CraneRig_Body.uasset" 60
"../../../Engine/Content/EditorMeshes/Camera/SM_RailRig_Track.uasset" 61
"../../../Engine/Content/EditorMeshes/Camera/SM_RailRig_Mount.uasset" 62
"../../../Engine/Content/VREditor/LaserPointer/VR_LaserPower_01.uasset" 63
"../../../Engine/Content/VREditor/TransformGizmo/TransformGizmoMaterial.uasset" 64
"../../../Engine/Content/VREditor/TransformGizmo/TranslucentTransformGizmoMaterial.uasset" 65
"../../../Engine/Content/VREditor/TransformGizmo/TranslationHandle.uasset" 66
"../../../Engine/Content/VREditor/TransformGizmo/PlaneTranslationHandle.uasset" 67
"../../../Engine/Content/VREditor/TransformGizmo/RotationHandle.uasset" 68
"../../../Engine/Content/VREditor/TransformGizmo/StretchingHandle.uasset" 69
"../../../Engine/Content/VREditor/TransformGizmo/BoundingBoxCorner.uasset" 70
"../../../Engine/Content/VREditor/TransformGizmo/BoundingBoxEdge.uasset" 71
"../../../Engine/Content/VREditor/TransformGizmo/UniformScaleHandle.uasset" 72
"../../../Engine/Content/VREditor/FloatingText/LineMaterial.uasset" 73
"../../../Engine/Content/VREditor/FloatingText/LineSegmentCylinder.uasset" 74
"../../../Engine/Content/VREditor/FloatingText/JointSphere.uasset" 75
"../../../Engine/Content/VREditor/Fonts/VRText_RobotoLarge.uasset" 76
"../../../Engine/Content/VREditor/Fonts/VRTextMaterial.uasset" 77
"../../../Engine/Content/VREditor/Fonts/TranslucentVRTextMaterial.uasset" 78
"../../../Engine/Content/VREditor/UI/SelectionBarMesh.uasset" 79
"../../../Engine/Content/VREditor/UI/CloseButtonMesh.uasset" 80
"../../../Engine/Content/Tutorial/Basics/TutorialAssets/icon_tab_Levels_40x.uasset" 81
"../../../Engine/Content/Tutorial/ContentIntroCurve.uasset" 82
"../../../Engine/Plugins/2D/Paper2D/Content/PlaceholderTextures/DummySpriteTexture.uasset" 83
"../../../Engine/Plugins/2D/Paper2D/Content/DefaultSpriteMaterial.uasset" 84
"../../../Engine/Plugins/2D/Paper2D/Content/MaskedUnlitSpriteMaterial.uasset" 85
"../../../Engine/Plugins/2D/Paper2D/Content/OpaqueUnlitSpriteMaterial.uasset" 86
"../../../Engine/Plugins/2D/Paper2D/Content/DummySprite.uasset" 87
"../../../Engine/Plugins/2D/Paper2D/Content/DefaultPaperTerrainMaterial.uasset" 88
"../../../Engine/Content/EditorMeshes/ColorCalibrator/T_ColorGrid.uasset" 89
"../../../PracticeProject/Content/StarterContent/Materials/M_ColorGrid_LowSpec.uasset" 90
"../../../PracticeProject/Content/StarterContent/Textures/T_Concrete_Grime_D.uasset" 91
"../../../PracticeProject/Content/StarterContent/Textures/T_MacroVariation.uasset" 92
"../../../PracticeProject/Content/StarterContent/Textures/T_Metal_Rust_N.uasset" 93
"../../../PracticeProject/Content/StarterContent/Textures/T_Perlin_Noise_M.uasset" 94
"../../../PracticeProject/Content/StarterContent/Materials/M_Concrete_Grime.uasset" 95
"../../../PracticeProject/Content/StarterContent/Textures/T_Concrete_Panels_D.uasset" 96
"../../../PracticeProject/Content/StarterContent/Textures/T_Concrete_Panels_N.uasset" 97
"../../../PracticeProject/Content/StarterContent/Materials/M_Concrete_Panels.uasset" 98
"../../../PracticeProject/Content/StarterContent/Textures/T_Concrete_Poured_D.uasset" 99
"../../../PracticeProject/Content/StarterContent/Textures/T_Concrete_Poured_N.uasset" 100
"../../../PracticeProject/Content/StarterContent/Materials/M_Concrete_Poured.uasset" 101
"../../../PracticeProject/Content/StarterContent/Materials/M_Glass.uasset" 102
"../../../PracticeProject/Content/StarterContent/Textures/T_Ground_Gravel_D.uasset" 103
"../../../PracticeProject/Content/StarterContent/Textures/T_Ground_Gravel_N.uasset" 104
"../../../PracticeProject/Content/StarterContent/Materials/M_Ground_Gravel.uasset" 105
"../../../PracticeProject/Content/StarterContent/Materials/M_Metal_Brushed_Nickel.uasset" 106
"../../../PracticeProject/Content/StarterContent/Textures/T_Metal_Aluminum_D.uasset" 107
"../../../PracticeProject/Content/StarterContent/Textures/T_Metal_Gold_N.uasset" 108
"../../../PracticeProject/Content/StarterContent/Materials/M_Metal_Burnished_Steel.uasset" 109
"../../../PracticeProject/Content/StarterContent/Materials/M_Metal_Chrome.uasset" 110
"../../../PracticeProject/Content/StarterContent/Textures/T_Metal_Copper_D.uasset" 111
"../../../PracticeProject/Content/StarterContent/Materials/M_Metal_Copper.uasset" 112
"../../../PracticeProject/Content/StarterContent/Textures/T_Metal_Gold_D.uasset" 113
"../../../PracticeProject/Content/StarterContent/Materials/M_Metal_Gold.uasset" 114
"../../../Engine/Content/Functions/Engine_MaterialFunctions02/Utility/BlendAngleCorrectedNormals.uasset" 115
"../../../PracticeProject/Content/StarterContent/Textures/T_Metal_Rust_D.uasset" 116
"../../../PracticeProject/Content/StarterContent/Materials/M_Metal_Rust.uasset" 117
"../../../PracticeProject/Content/StarterContent/Textures/T_Metal_Steel_D.uasset" 118
"../../../PracticeProject/Content/StarterContent/Textures/T_Metal_Steel_N.uasset" 119
"../../../PracticeProject/Content/StarterContent/Materials/M_Metal_Steel.uasset" 120
"../../../PracticeProject/Content/StarterContent/Textures/T_Rock_Sandstone_D.uasset" 121
"../../../PracticeProject/Content/StarterContent/Textures/T_Rock_Sandstone_N.uasset" 122
"../../../PracticeProject/Content/StarterContent/Materials/M_Rock_Sandstone.uasset" 123
"../../../PracticeProject/Content/StarterContent/Textures/T_Rock_Slate_D.uasset" 124
"../../../PracticeProject/Content/StarterContent/Textures/T_Rock_Slate_N.uasset" 125
"../../../PracticeProject/Content/StarterContent/Materials/M_Rock_Slate.uasset" 126
"../../../PracticeProject/Content/StarterContent/Textures/T_Checker_Noise_M.uasset" 127
"../../../PracticeProject/Content/StarterContent/Textures/T_Single_Tile_N.uasset" 128
"../../../PracticeProject/Content/StarterContent/Textures/T_Tech_Dot_M.uasset" 129
"../../../PracticeProject/Content/StarterContent/Textures/T_Tech_Dot_N.uasset" 130
"../../../PracticeProject/Content/StarterContent/Materials/M_Tech_Checker_Dot.uasset" 131
"../../../PracticeProject/Content/StarterContent/Textures/T_Tech_Hex_Tile_M.uasset" 132
"../../../PracticeProject/Content/StarterContent/Textures/T_Tech_Hex_Tile_N.uasset" 133
"../../../PracticeProject/Content/StarterContent/Materials/M_Tech_Hex_Tile.uasset" 134
"../../../PracticeProject/Content/StarterContent/Materials/M_Tech_Hex_Tile_Pulse.uasset" 135
"../../../Engine/Content/MobileResources/HUD/MobileHUDButtonFire.uasset" 136
"../../../Engine/Content/MobileResources/HUD/T_Castle_ThumbstickOutter.uasset" 137
"../../../PracticeProject/Content/StarterContent/Materials/M_AssetPlatform.uasset" 138
"../../../PracticeProject/Content/StarterContent/Materials/M_Basic_Floor.uasset" 139
"../../../PracticeProject/Content/StarterContent/Materials/M_Basic_Wall.uasset" 140
"../../../PracticeProject/Content/StarterContent/Textures/T_Brick_Clay_Beveled_D.uasset" 141
"../../../PracticeProject/Content/StarterContent/Textures/T_Brick_Clay_Beveled_M.uasset" 142
"../../../PracticeProject/Content/StarterContent/Textures/T_Brick_Clay_Beveled_N.uasset" 143
"../../../PracticeProject/Content/StarterContent/Materials/M_Brick_Clay_Beveled.uasset" 144
"../../../PracticeProject/Content/StarterContent/Textures/T_Brick_Clay_New_D.uasset" 145
"../../../PracticeProject/Content/StarterContent/Textures/T_Brick_Clay_New_M.uasset" 146
"../../../PracticeProject/Content/StarterContent/Textures/T_Brick_Clay_New_N.uasset" 147
"../../../PracticeProject/Content/StarterContent/Textures/T_Detail_Rocky_N.uasset" 148
"../../../PracticeProject/Content/StarterContent/Materials/M_Brick_Clay_New.uasset" 149
"../../../PracticeProject/Content/StarterContent/Textures/T_Brick_Clay_Old_D.uasset" 150
"../../../PracticeProject/Content/StarterContent/Textures/T_Brick_Clay_Old_N.uasset" 151
"../../../PracticeProject/Content/StarterContent/Materials/M_Brick_Clay_Old.uasset" 152
"../../../PracticeProject/Content/StarterContent/Textures/T_Bush_D.uasset" 153
"../../../Engine/Content/EditorResources/EmptyActor.uasset" 154
"../../../Engine/Content/EngineMaterials/RemoveSurfaceMaterial.uasset" 155
"../../../Engine/Content/EngineDebugMaterials/DebugMeshMaterial.uasset" 156
"../../../Engine/Content/EngineMaterials/InvalidLightmapSettings.uasset" 157
"../../../Engine/Content/EngineMaterials/M_InvalidLightmapSettings.uasset" 158
"../../../Engine/Content/EditorMaterials/GizmoMaterial.uasset" 159
"../../../Engine/Content/EngineMaterials/Good64x64TilingNoiseHighFreq.uasset" 160
"../../../Engine/Content/EngineMaterials/DefaultBokeh.uasset" 161
"../../../Engine/Content/EngineMaterials/PreintegratedSkinBRDF.uasset" 162
"../../../Engine/Content/EngineMaterials/MiniFont.uasset" 163
"../../../Engine/Content/EngineMaterials/WeightMapPlaceholderTexture.uasset" 164
"../../../Engine/Content/EngineMaterials/DefaultWhiteGrid.uasset" 165
"../../../Engine/Content/EngineMaterials/DefaultPhysicalMaterial.uasset" 166
"../../../Engine/Content/EngineFonts/RobotoTiny.uasset" 167
"../../../Engine/Content/EditorSounds/Notifications/CompileSuccess.uasset" 168
"../../../Engine/Content/EditorSounds/Notifications/CompileStart_Cue.uasset" 169
"../../../Engine/Content/EditorSounds/Notifications/CompileSuccess_Cue.uasset" 170
"../../../Engine/Content/EditorSounds/Notifications/CompileFailed.uasset" 171
"../../../Engine/Content/EditorSounds/Notifications/CompileFailed_Cue.uasset" 172
"../../../PracticeProject/Content/StarterContent/Textures/T_RockMesh_N.uasset" 173
"../../../Engine/Content/MobileResources/HUD/AnalogHat.uasset" 174
"../../../Engine/Content/MobileResources/HUD/VirtualJoystick_Background.uasset" 175
"../../../Engine/Content/MobileResources/HUD/VirtualJoystick_Thumb.uasset" 176
"../../../Engine/Content/MobileResources/HUD/DefaultVirtualJoysticks.uasset" 177
"../../../Engine/Content/EngineMeshes/Humanoid.uasset" 178
"../../../PracticeProject/Content/Characters/Soldier/Mesh/Soldier_Skeleton.uasset" 179
"../../../PracticeProject/Content/Characters/Soldier/Animations/Sprint_Fwd_Rifle.uasset" 180
"../../../PracticeProject/Content/StarterContent/Textures/T_Smoke_SubUV.uasset" 181
"../../../PracticeProject/Content/StarterContent/Textures/T_Smoke_Tiled_D.uasset" 182
"../../../PracticeProject/Content/StarterContent/Particles/Materials/M_smoke_subUV.uasset" 183
"../../../PracticeProject/Content/StarterContent/Particles/P_Steam_Lit.uasset" 184
"../../../PracticeProject/Content/StarterContent/Textures/T_CobbleStone_Rough_D.uasset" 185
"../../../PracticeProject/Content/StarterContent/Textures/T_CobbleStone_Rough_N.uasset" 186
"../../../PracticeProject/Content/StarterContent/Textures/T_Gradinet_01.uasset" 187
"../../../PracticeProject/Content/StarterContent/Textures/T_Rock_Smooth_Granite_D.uasset" 188
"../../../PracticeProject/Content/StarterContent/Materials/M_CobbleStone_Rough.uasset" 189
"../../../PracticeProject/Content/StarterContent/Textures/T_CobbleStone_Pebble_D.uasset" 190
"../../../PracticeProject/Content/StarterContent/Textures/T_CobbleStone_Pebble_M.uasset" 191
"../../../PracticeProject/Content/StarterContent/Textures/T_CobbleStone_Pebble_N.uasset" 192
"../../../PracticeProject/Content/StarterContent/Materials/M_CobbleStone_Pebble.uasset" 193
"../../../PracticeProject/Content/StarterContent/Textures/T_Ceramic_Tile_M.uasset" 194
"../../../PracticeProject/Content/StarterContent/Textures/T_Ceramic_Tile_N.uasset" 195
"../../../PracticeProject/Content/StarterContent/Textures/T_Rock_Marble_Polished_D.uasset" 196
"../../../PracticeProject/Content/StarterContent/Materials/M_Ceramic_Tile_Checker.uasset" 197
"../../../PracticeProject/Content/StarterContent/Textures/T_Brick_Hewn_Stone_D.uasset" 198
"../../../PracticeProject/Content/StarterContent/Textures/T_Brick_Hewn_Stone_M.uasset" 199
"../../../PracticeProject/Content/StarterContent/Textures/T_Brick_Hewn_Stone_N.uasset" 200
"../../../PracticeProject/Content/StarterContent/Materials/M_Brick_Hewn_Stone.uasset" 201
"../../../PracticeProject/Content/StarterContent/Textures/T_Brick_Cut_Stone_D.uasset" 202
"../../../PracticeProject/Content/StarterContent/Textures/T_Brick_Cut_Stone_N.uasset" 203
"../../../PracticeProject/Content/StarterContent/Materials/M_Brick_Cut_Stone.uasset" 204
"../../../PracticeProject/Content/StarterContent/Textures/T_Chair_N.uasset" 205
"../../../PracticeProject/Content/Voronoi/VoronoiMaterial.uasset" 206
"../../../PracticeProject/Content/StarterContent/Textures/T_RockMesh_M.uasset" 207
"../../../Engine/Content/MobileResources/HUD/MobileHUDButton1_off.uasset" 208
"../../../PracticeProject/Content/StarterContent/Textures/T_Chair_M.uasset" 209
"../../../Engine/Content/MobileResources/HUD/LeftVirtualJoystickOnly.uasset" 210
"../../../Engine/Content/MobileResources/T_MobileMenu2.uasset" 211
"../../../Engine/Content/MobileResources/HUD/T_Castle_ThumbstickInner.uasset" 212
"../../../PracticeProject/Content/StarterContent/Textures/T_Wood_Pine_D.uasset" 213
"../../../PracticeProject/Content/StarterContent/Textures/T_Wood_Pine_N.uasset" 214
"../../../PracticeProject/Content/StarterContent/Materials/M_Wood_Pine.uasset" 215
"../../../PracticeProject/Content/StarterContent/Textures/T_Wood_Oak_D.uasset" 216
"../../../PracticeProject/Content/StarterContent/Textures/T_Wood_Oak_N.uasset" 217
"../../../PracticeProject/Content/StarterContent/Materials/M_Wood_Oak.uasset" 218
"../../../Engine/Content/Functions/Engine_MaterialFunctions01/Opacity/AlphaOffset.uasset" 219
"../../../PracticeProject/Content/StarterContent/Textures/T_Wood_Floor_Walnut_D.uasset" 220
"../../../PracticeProject/Content/StarterContent/Textures/T_Wood_Floor_Walnut_M.uasset" 221
"../../../PracticeProject/Content/StarterContent/Textures/T_Wood_Floor_Walnut_N.uasset" 222
"../../../PracticeProject/Content/StarterContent/Materials/M_Wood_Floor_Walnut_Worn.uasset" 223
"../../../PracticeProject/Content/StarterContent/Materials/M_Wood_Floor_Walnut_Polished.uasset" 224
"../../../PracticeProject/Content/StarterContent/Textures/T_Water_N.uasset" 225
"../../../PracticeProject/Content/StarterContent/Materials/M_Water_Lake.uasset" 226
"../../../PracticeProject/Content/StarterContent/Textures/T_Tech_Panel_M.uasset" 227
"../../../PracticeProject/Content/StarterContent/Textures/T_Tech_Panel_N.uasset" 228
"../../../PracticeProject/Content/StarterContent/Materials/M_Tech_Panel.uasset" 229
"../../../Engine/Content/MobileResources/HUD/MobileHUDDirectionStick.uasset" 230
"../../../PracticeProject/Content/StarterContent/Textures/T_Frame_N.uasset" 231
"../../../Engine/Content/MobileResources/HUD/MobileHUDDirectionPad3.uasset" 232
"../../../Engine/Content/MobileResources/HUD/MobileHUDButton1_on.uasset" 233
"../../../PracticeProject/Content/StarterContent/Textures/T_Lamp_M.uasset" 234
"../../../PracticeProject/Content/StarterContent/Textures/T_Shelf_N.uasset" 235
"../../../PracticeProject/Content/StarterContent/Textures/T_Statue_M.uasset" 236
"../../../PracticeProject/Content/StarterContent/Textures/T_Bush_N.uasset" 237
"../../../PracticeProject/Content/StarterContent/Textures/T_Frame_M.uasset" 238
"../../../Engine/Content/MobileResources/HUD/MobileHUDButton2_on.uasset" 239
"../../../Engine/Content/MobileResources/HUD/MobileHUDDirectionPad2.uasset" 240
"../../../Engine/Content/MobileResources/HUD/MobileHUDButton2_off.uasset" 241
"../../../PracticeProject/Content/StarterContent/Textures/T_TableRound_N.uasset" 242
"../../../PracticeProject/Content/StarterContent/Textures/T_Shelf_M.uasset" 243
"../../../PracticeProject/Content/StarterContent/Textures/T_Dust_Particle_D.uasset" 244
"../../../PracticeProject/Content/StarterContent/Particles/Materials/M_Dust_Particle.uasset" 245
"../../../PracticeProject/Content/StarterContent/Particles/P_Ambient_Dust.uasset" 246
"../../../PracticeProject/Content/StarterContent/Textures/T_Wood_Walnut_D.uasset" 247
"../../../PracticeProject/Content/StarterContent/Textures/T_Wood_Walnut_N.uasset" 248
"../../../PracticeProject/Content/StarterContent/Materials/M_Wood_Walnut.uasset" 249
"../../../Engine/Content/MobileResources/HUD/MobileHUDDirectionPad.uasset" 250
"../../../PracticeProject/Content/StarterContent/Textures/T_Statue_N.uasset" 251
"../../../PracticeProject/Content/StarterContent/Particles/P_Smoke.uasset" 252
"../../../PracticeProject/Content/StarterContent/Textures/T_TableRound_M.uasset" 253
"../../../PracticeProject/Content/StarterContent/Textures/T_Lamp_N.uasset" 254
"../../../Engine/Content/MobileResources/HUD/MobileHUDButton3.uasset" 255
"../../../PracticeProject/Content/StarterContent/Textures/T_Door_M.uasset" 256
"../../../Engine/Content/MobileResources/T_MobileControls_texture.uasset" 257
"../../../PracticeProject/Content/StarterContent/Textures/T_Door_N.uasset" 258
"../../../Engine/Content/BasicShapes/Cone.uasset" 259
"../../../Engine/Content/EngineMaterials/WorldGridMaterial.uasset" 260
"../../../Engine/Content/BasicShapes/Cube.uasset" 261
"../../../Engine/Content/BasicShapes/Cylinder.uasset" 262
"../../../Engine/Content/BasicShapes/Sphere.uasset" 263
"../../../Engine/Content/EditorMaterials/PhAT_JointLimitMaterial.uasset" 264
"../../../Engine/Content/EditorMaterials/PreviewShadowIndicator.uasset" 265
"../../../Engine/Content/EditorMaterials/PreviewShadowIndicatorMaterial.uasset" 266
"../../../Engine/Content/EditorMeshes/ColorCalibrator/M_ChromeBall.uasset" 267
"../../../Engine/Content/EditorMeshes/ColorCalibrator/M_ClearCoat.uasset" 268
"../../../Engine/Content/EditorMeshes/ColorCalibrator/M_ClearCoatBlack.uasset" 269
"../../../Engine/Content/EditorMeshes/ColorCalibrator/M_ColorGrid.uasset" 270
"../../../Engine/Content/EditorMeshes/ColorCalibrator/M_GreyBall.uasset" 271
"../../../Engine/Content/EditorMeshes/ColorCalibrator/SM_ColorCalibrator.uasset" 272
"../../../Engine/Content/EditorResources/BSPVertex.uasset" 273
"../../../Engine/Content/EngineDebugMaterials/HeatmapGradient.uasset" 274
"../../../Engine/Content/EngineDebugMaterials/BoneWeightMaterial.uasset" 275
"../../../Engine/Content/EngineDebugMaterials/GeomMaterial.uasset" 276
"../../../Engine/Content/EngineMaterials/EditorBrushMaterial.uasset" 277
"../../../Engine/Content/EngineMeshes/Cube.uasset" 278
"../../../Engine/Content/Tutorial/BlueprintTutorials/TutorialAssets/BlueprintInterface_64x.uasset" 279
"../../../Engine/Content/Tutorial/BlueprintTutorials/TutorialAssets/BlueprintMacroLibrary_64x.uasset" 280
"../../../Engine/Content/Tutorial/BlueprintTutorials/TutorialAssets/Blueprint_64x.uasset" 281
"../../../Engine/Content/Tutorial/BlueprintTutorials/TutorialAssets/Tutorial_BP_Interface.uasset" 282
"../../../Engine/Content/Tutorial/Foliage/TutorialAssets/Foliage.uasset" 283
"../../../Engine/Content/Tutorial/Landscape/TutorialAssets/Landscape.uasset" 284
"../../../Engine/Content/Tutorial/Paper2D/TutorialAssets/Paper2DFlipbook_TutorialIcon.uasset" 285
"../../../Engine/Content/Tutorial/Paper2D/TutorialAssets/Paper2DSprite_TutorialIcon.uasset" 286
"../../../Engine/Content/Tutorial/SubEditors/TutorialAssets/icon_Editor_Preferences_General_40x.uasset" 287
"../../../Engine/Content/Tutorial/SubEditors/TutorialAssets/icon_ShowSkeletalMeshes_40x.uasset" 288
"../../../Engine/Content/Tutorial/SubEditors/TutorialAssets/TutorialMaterial.uasset" 289
"../../../Engine/Content/Tutorial/SubEditors/TutorialAssets/T_SmokeSubUV_8X8.uasset" 290
"../../../Engine/Content/Tutorial/SubEditors/TutorialAssets/T_soft_smoke.uasset" 291
"../../../Engine/Content/Tutorial/SubEditors/TutorialAssets/M_smoke_subUV_blackbody.uasset" 292
"../../../Engine/Content/Tutorial/SubEditors/TutorialAssets/TutorialParticleSystem.uasset" 293
"../../../Engine/Content/EditorMeshes/EditorCube.uasset" 294
"../../../Engine/Content/Tutorial/SubEditors/TutorialAssets/Tutorial_DM.uasset" 295
"../../../PracticeProject/Content/Characters/Soldier/Animations/AimOffsets/CC.uasset" 296
"../../../PracticeProject/Content/Characters/Soldier/Animations/AimOffsets/CD.uasset" 297
"../../../PracticeProject/Content/Characters/Soldier/Animations/AimOffsets/CU.uasset" 298
"../../../PracticeProject/Content/Characters/Soldier/Animations/Idle_Rifle_Ironsights.uasset" 299
"../../../PracticeProject/Content/Characters/Soldier/Blueprints/Soldier_AimOffset.uasset" 300
"../../../PracticeProject/Content/Characters/Soldier/Animations/Crouch/Crouch_to_Stand_Rifle_Ironsights.uasset" 301
"../../../PracticeProject/Content/Characters/Soldier/Animations/Crouch/Stand_to_Crouch_Rifle_Ironsights.uasset" 302
"../../../PracticeProject/Content/Characters/Soldier/Animations/Death_Ironsights.uasset" 303
"../../../PracticeProject/Content/Characters/Soldier/Animations/Fire_Rifle_Ironsights.uasset" 304
"../../../PracticeProject/Content/Characters/Soldier/Animations/Jump/Jump_From_Stand_Ironsights.uasset" 305
"../../../PracticeProject/Content/Characters/Soldier/Animations/Jump/Jump_From_Stand_Ironsights_Begin.uasset" 306
"../../../PracticeProject/Content/Characters/Soldier/Animations/Jump/Jump_From_Stand_Ironsights_End.uasset" 307
"../../../PracticeProject/Content/Characters/Soldier/Animations/Walk_Bwd_Rifle_Ironsights.uasset" 308
"../../../PracticeProject/Content/Characters/Soldier/Animations/Walk_Fwd_Rifle_Ironsights.uasset" 309
"../../../PracticeProject/Content/Characters/Soldier/Animations/Walk_Lt_Rifle_Ironsights.uasset" 310
"../../../PracticeProject/Content/Characters/Soldier/Animations/Walk_Rt_Rifle_Ironsights.uasset" 311
"../../../PracticeProject/Content/Characters/Soldier/Blueprints/Soldier_IWR.uasset" 312
"../../../PracticeProject/Content/Characters/Soldier/Animations/Crouch/Crouch_Idle_Rifle_Ironsights.uasset" 313
"../../../PracticeProject/Content/Characters/Soldier/Animations/Crouch/Crouch_Walk_Bwd_Rifle_Ironsights.uasset" 314
"../../../PracticeProject/Content/Characters/Soldier/Animations/Crouch/Crouch_Walk_Fwd_Rifle_Ironsights.uasset" 315
"../../../PracticeProject/Content/Characters/Soldier/Animations/Crouch/Crouch_Walk_Lt_Rifle_Ironsights.uasset" 316
"../../../PracticeProject/Content/Characters/Soldier/Animations/Crouch/Crouch_Walk_Rt_Rifle_Ironsights.uasset" 317
"../../../PracticeProject/Content/Characters/Soldier/Blueprints/Soldier_IWR_Crouched.uasset" 318
"../../../Engine/Content/EditorBlueprintResources/StandardMacros.uasset" 319
"../../../PracticeProject/Content/Characters/Soldier/Blueprints/SoldierAnimBP.uasset" 320
"../../../PracticeProject/Content/Weapons/Rifle/Sounds/AssaultRifle_Reload.uasset" 321
"../../../PracticeProject/Content/Characters/Soldier/Animations/Reload_Rifle_Ironsights.uasset" 322
"../../../PracticeProject/Content/Characters/Soldier/Blueprints/Soldier_Reload.uasset" 323
"../../../PracticeProject/Content/Characters/Soldier/AI/BotBlackboard.uasset" 324
"../../../PracticeProject/Content/Characters/Soldier/AI/BTTask_UpdateTarget.uasset" 325
"../../../PracticeProject/Content/Characters/Soldier/AI/BotBehaviourTree.uasset" 326
"../../../PracticeProject/Content/Characters/Soldier/AI/BotAiControllerBP.uasset" 327
"../../../PracticeProject/Content/StarterContent/Audio/Explosion_Cue.uasset" 328
"../../../PracticeProject/Content/StarterContent/Textures/T_Burst_M.uasset" 329
"../../../PracticeProject/Content/StarterContent/Particles/Materials/M_Burst.uasset" 330
"../../../PracticeProject/Content/StarterContent/Textures/T_Explosion_SubUV.uasset" 331
"../../../PracticeProject/Content/StarterContent/Particles/Materials/M_explosion_subUV.uasset" 332
"../../../PracticeProject/Content/StarterContent/Particles/Materials/m_flare_01.uasset" 333
"../../../Engine/Content/Functions/Engine_MaterialFunctions01/Gradient/RadialGradient.uasset" 334
"../../../PracticeProject/Content/StarterContent/Particles/Materials/M_radial_ramp.uasset" 335
"../../../PracticeProject/Content/StarterContent/Particles/P_Explosion.uasset" 336
"../../../PracticeProject/Content/StarterContent/Blueprints/Blueprint_Effect_Explosion.uasset" 337
"../../../PracticeProject/Content/StarterContent/Textures/T_Fire_SubUV.uasset" 338
"../../../PracticeProject/Content/StarterContent/Textures/T_Fire_Tiled_D.uasset" 339
"../../../PracticeProject/Content/StarterContent/Particles/Materials/M_Fire_SubUV.uasset" 340
"../../../PracticeProject/Content/StarterContent/Particles/Materials/M_Heat_Distortion.uasset" 341
"../../../PracticeProject/Content/StarterContent/Particles/Materials/M_Radial_Gradient.uasset" 342
"../../../PracticeProject/Content/StarterContent/Particles/P_Fire.uasset" 343
"../../../PracticeProject/Content/StarterContent/Blueprints/Blueprint_Effect_Fire.uasset" 344
"../../../Engine/Content/Functions/Engine_MaterialFunctions01/Texturing/FlattenNormal.uasset" 345
"../../../Engine/Content/Functions/MaterialLayerFunctions/MatLayerBlend_BakedNormal.uasset" 346
"../../../Engine/Content/Functions/MaterialLayerFunctions/MatLayerBlend_Decal.uasset" 347
"../../../Engine/Content/Functions/MaterialLayerFunctions/MatLayerBlend_RoughnessOverride.uasset" 348
"../../../Engine/Content/Functions/MaterialLayerFunctions/MatLayerBlend_Standard.uasset" 349
"../../../Engine/Content/Functions/MaterialLayerFunctions/MatLayerBlend_TintAllChannels.uasset" 350
"../../../PracticeProject/Content/Weapons/Rifle/MaterialLayers/ML_BoltMetal.uasset" 351
"../../../PracticeProject/Content/Weapons/Rifle/MaterialLayers/T_ExampleLayers_Metal02_N.uasset" 352
"../../../PracticeProject/Content/Weapons/Rifle/Textures/Chr_FPS_Metal_02.uasset" 353
"../../../PracticeProject/Content/Weapons/Rifle/MaterialLayers/ML_Metal_Copper.uasset" 354
"../../../PracticeProject/Content/Weapons/Rifle/MaterialLayers/T_Metal_Metal02_D.uasset" 355
"../../../PracticeProject/Content/Weapons/Rifle/MaterialLayers/ML_Metal_Gray.uasset" 356
"../../../PracticeProject/Content/Weapons/Rifle/MaterialLayers/T_PaintedMetal01_N.uasset" 357
"../../../PracticeProject/Content/Weapons/Rifle/MaterialLayers/T_PaintedMetal02.uasset" 358
"../../../PracticeProject/Content/Weapons/Rifle/MaterialLayers/ML_Paint.uasset" 359
"../../../PracticeProject/Content/Weapons/Rifle/MaterialLayers/T_Rubber.uasset" 360
"../../../PracticeProject/Content/Weapons/Rifle/MaterialLayers/ML_Rubber.uasset" 361
"../../../PracticeProject/Content/Weapons/Rifle/Textures/MagGun_01_N.uasset" 362
"../../../PracticeProject/Content/Weapons/Rifle/Textures/MagGun_Decals.uasset" 363
"../../../PracticeProject/Content/Weapons/Rifle/Textures/MagGunT1_section.uasset" 364
"../../../PracticeProject/Content/Weapons/Rifle/Textures/MagGunT1_shade.uasset" 365
"../../../PracticeProject/Content/Weapons/Rifle/Materials/MagGun_MatA.uasset" 366
"../../../PracticeProject/Content/Weapons/Rifle/Materials/MagGun_MatA_Inst3.uasset" 367
"../../../Engine/Content/Functions/MaterialLayerFunctions/MatLayerBlend_Emissive.uasset" 368
"../../../PracticeProject/Content/Weapons/Rifle/Textures/MagGun_02_N.uasset" 369
"../../../PracticeProject/Content/Weapons/Rifle/Textures/MagGun_Display_EM.uasset" 370
"../../../PracticeProject/Content/Weapons/Rifle/Textures/MagGunT2_section.uasset" 371
"../../../PracticeProject/Content/Weapons/Rifle/Textures/MagGunT2_shade.uasset" 372
"../../../PracticeProject/Content/Weapons/Rifle/Materials/MagGun_MatB.uasset" 373
"../../../PracticeProject/Content/Weapons/Rifle/Materials/MagGun_MatB_Inst2.uasset" 374
"../../../PracticeProject/Content/Weapons/Rifle/Textures/holo_layer_1_5.uasset" 375
"../../../PracticeProject/Content/Weapons/Rifle/Textures/SightLens_maskA.uasset" 376
"../../../PracticeProject/Content/Weapons/Rifle/Textures/SightLens_maskB.uasset" 377
"../../../PracticeProject/Content/Weapons/Rifle/Materials/MagGun_SightLens_Mat.uasset" 378
"../../../PracticeProject/Content/Weapons/Rifle/Materials/MagGun_SightLens_Mat_Inst.uasset" 379
"../../../PracticeProject/Content/Weapons/Rifle/Mesh/Rifle_Physics.uasset" 380
"../../../PracticeProject/Content/Weapons/Rifle/Mesh/Rifle_Skeleton.uasset" 381
"../../../PracticeProject/Content/Weapons/Rifle/Mesh/Rifle.uasset" 382
"../../../PracticeProject/Content/Weapons/Rifle/Sounds/AssaultRifle_Shot.uasset" 383
"../../../PracticeProject/Content/Weapons/Rifle/Blueprints/RifleBP.uasset" 384
"../../../PracticeProject/Content/Characters/Soldier/Material/Soldier_mask.uasset" 385
"../../../PracticeProject/Content/Characters/Soldier/Material/Soldier_Tex.uasset" 386
"../../../PracticeProject/Content/Characters/Soldier/Material/Soldier_Mat.uasset" 387
"../../../PracticeProject/Content/Characters/Soldier/Mesh/Soldier_Physics.uasset" 388
"../../../PracticeProject/Content/Characters/Soldier/Mesh/Soldier_Mesh.uasset" 389
"../../../PracticeProject/Content/StarterContent/Textures/T_Spark_Core.uasset" 390
"../../../PracticeProject/Content/StarterContent/Particles/Materials/M_Spark.uasset" 391
"../../../PracticeProject/Content/StarterContent/Particles/P_Sparks.uasset" 392
"../../../PracticeProject/Content/Characters/Soldier/Blueprints/SoldierBP.uasset" 393
"../../../Engine/Content/EngineSky/C_Sky_Cloud_Color.uasset" 394
"../../../Engine/Content/EngineSky/C_Sky_Horizon_Color.uasset" 395
"../../../Engine/Content/EngineSky/C_Sky_Zenith_Color.uasset" 396
"../../../Engine/Content/EngineSky/T_Sky_Blue.uasset" 397
"../../../Engine/Content/EngineSky/T_Sky_Clouds_M.uasset" 398
"../../../Engine/Content/EngineSky/T_Sky_Stars.uasset" 399
"../../../Engine/Content/EngineSky/M_Sky_Panning_Clouds2.uasset" 400
"../../../Engine/Content/EngineSky/SM_SkySphere.uasset" 401
"../../../Engine/Content/EngineSky/BP_Sky_Sphere.uasset" 402
"../../../PracticeProject/Content/StarterContent/Textures/T_Ground_Grass_D.uasset" 403
"../../../PracticeProject/Content/StarterContent/Textures/T_Ground_Grass_N.uasset" 404
"../../../PracticeProject/Content/StarterContent/Materials/M_Ground_Grass.uasset" 405
"../../../PracticeProject/Content/StarterContent/Textures/T_Rock_Basalt_D.uasset" 406
"../../../PracticeProject/Content/StarterContent/Textures/T_Rock_Basalt_N.uasset" 407
"../../../PracticeProject/Content/StarterContent/Materials/M_Rock_Basalt.uasset" 408
"../../../PracticeProject/Content/Maps/VisibilityDemo.umap" 409
"../../../PracticeProject/Content/StarterContent/Textures/T_CobbleStone_Smooth_D.uasset" 410
"../../../PracticeProject/Content/StarterContent/Textures/T_CobbleStone_Smooth_M.uasset" 411
"../../../PracticeProject/Content/StarterContent/Textures/T_CobbleStone_Smooth_N.uasset" 412
"../../../PracticeProject/Content/StarterContent/Materials/M_CobbleStone_Smooth.uasset" 413
"../../../PracticeProject/Content/StarterContent/Textures/T_Concrete_Tiles_D.uasset" 414
"../../../PracticeProject/Content/StarterContent/Textures/T_Concrete_Tiles_M.uasset" 415
"../../../PracticeProject/Content/StarterContent/Textures/T_Concrete_Tiles_N.uasset" 416
"../../../PracticeProject/Content/StarterContent/Textures/T_Concrete_Tiles_Variation_M.uasset" 417
"../../../PracticeProject/Content/StarterContent/Materials/M_Concrete_Tiles.uasset" 418
"../../../PracticeProject/Content/StarterContent/Textures/T_ground_Moss_D.uasset" 419
"../../../PracticeProject/Content/StarterContent/Textures/T_Ground_Moss_N.uasset" 420
"../../../PracticeProject/Content/StarterContent/Materials/M_Ground_Moss.uasset" 421
"../../../PracticeProject/Content/StarterContent/Materials/M_Rock_Marble_Polished.uasset" 422
"../../../PracticeProject/Content/Environment/Barrels/1/oil_drum_texture.uasset" 423
"../../../PracticeProject/Content/Environment/Barrels/1/oil_durm_material.uasset" 424
"../../../PracticeProject/Content/Environment/Barrels/1/oil_drum.uasset" 425
"../../../PracticeProject/Content/Environment/Barrels/2/oildrum_col.uasset" 426
"../../../PracticeProject/Content/Environment/Barrels/2/oildrum_nor.uasset" 427
"../../../PracticeProject/Content/Environment/Barrels/2/oildrum_material.uasset" 428
"../../../PracticeProject/Content/Environment/Barrels/2/oildrum.uasset" 429
"../../../PracticeProject/Content/Environment/Boxes/BoxTexture.uasset" 430
"../../../PracticeProject/Content/Environment/Boxes/BoxMaterial.uasset" 431
"../../../PracticeProject/Content/Environment/Boxes/Box.uasset" 432
"../../../PracticeProject/Content/Environment/Ladders/Rust_Metal.uasset" 433
"../../../PracticeProject/Content/Environment/Ladders/Rust_Metal_Material.uasset" 434
"../../../PracticeProject/Content/Environment/Ladders/Ladder.uasset" 435
"../../../PracticeProject/Content/Maps/PracticeMap.umap" 436
"../../../Engine/Content/EngineMaterials/DefaultNormal.uasset" 437
"../../../Engine/Content/Maps/Entry.umap" 438
"../../../PracticeProject/Content/StarterContent/Textures/T_Water_M.uasset" 439
"../../../PracticeProject/Content/StarterContent/Materials/M_Water_Ocean.uasset" 440
"../../../PracticeProject/Content/Maps/JumpDemo.umap" 441
